{"Provider":"Microsoft-Windows-Security-Auditing","Provider":"Microsoft-Windows-Security-Auditing","ProviderGuid":"{54849625-5478-4994-a5ba-3e3b0328c30d}","Level":"0","Keywords":"0x8020000000000000","Channel":"Security","Computer":"DC01.mssentinel.local","TimeCreated":"2022-09-21T08:52:32.748Z","TimeGenerated":"2022-09-22T12:52:32.748Z","EventID":"4523950","EventID":4769,"Message":"A Kerberos service ticket was requested.\r\n\r\nAccount Information:\r\n\tAccount Name:\t\tpgustavo@MSSENTINEL.LOCAL\r\n\tAccount Domain:\t\tMSSENTINEL.LOCAL\r\n\tLogon GUID:\t\t{8c525172-c2ac-7c13-f06a-1648c8835915}\r\n\r\nService Information:\r\n\tService Name:\t\tDC01$\r\n\tService ID:\t\tS-1-5-21-1569727641-2518674866-3296776394-1000\r\n\r\nNetwork Information:\r\n\tClient Address:\t\t::ffff:192.168.2.6\r\n\tClient Port:\t\t49946\r\n\r\nAdditional Information:\r\n\tTicket Options:\t\t0x40800000\r\n\tTicket Encryption Type:\t0x12\r\n\tFailure Code:\t\t0x0\r\n\tTransited Services:\t-\r\n\r\nThis event is generated every time access is requested to a resource such as a computer or a Windows service.  The service name indicates the resource to which access was requested.\r\n\r\nThis event can be correlated with Windows logon events by comparing the Logon GUID fields in each event.  The logon event occurs on the machine that was accessed, which is often a different machine than the domain controller which issued the service ticket.\r\n\r\nTicket options, encryption types, and failure codes are defined in RFC 4120.","EventData":"\u003cEventData xmlns=\"http://schemas.microsoft.com/win/2004/08/events/event\"\u003e\u003cData Name=\"TargetUserName\"\u003epgustavo@MSSENTINEL.LOCAL\u003c/Data\u003e\u003cData Name=\"TargetDomainName\"\u003eMSSENTINEL.LOCAL\u003c/Data\u003e\u003cData Name=\"ServiceName\"\u003eDC01$\u003c/Data\u003e\u003cData Name=\"ServiceSid\"\u003eS-1-5-21-1569727641-2518674866-3296776394-1000\u003c/Data\u003e\u003cData Name=\"TicketOptions\"\u003e0x40800000\u003c/Data\u003e\u003cData Name=\"TicketEncryptionType\"\u003e0x12\u003c/Data\u003e\u003cData Name=\"IpAddress\"\u003e::ffff:192.168.2.6\u003c/Data\u003e\u003cData Name=\"IpPort\"\u003e49946\u003c/Data\u003e\u003cData Name=\"Status\"\u003e0x0\u003c/Data\u003e\u003cData Name=\"LogonGuid\"\u003e{8c525172-c2ac-7c13-f06a-1648c8835915}\u003c/Data\u003e\u003cData Name=\"TransmittedServices\"\u003e-\u003c/Data\u003e\u003c/EventData\u003e","Task":"14337","TargetUserName":"pgustavo@MSSENTINEL.LOCAL","TargetDomainName":"MSSENTINEL.LOCAL","ServiceName":"DC01$","ServiceSid":"S-1-5-21-1569727641-2518674866-3296776394-1000","TicketOptions":"0x40800000","TicketEncryptionType":"0x12","IpAddress":"::ffff:192.168.2.6","IpPort":"49946","Status":"0x0","LogonGuid":"{8c525172-c2ac-7c13-f06a-1648c8835915}","TransmittedServices":"-"},{"Provider":"Microsoft-Windows-Security-Auditing","Provider":"Microsoft-Windows-Security-Auditing","ProviderGuid":"{54849625-5478-4994-a5ba-3e3b0328c30d}","Level":"0","Keywords":"0x8020000000000000","Channel":"Security","Computer":"DC01.mssentinel.local","TimeCreated":"2022-09-21T08:52:32.749Z","TimeGenerated":"2022-09-22T12:52:32.749Z","EventID":"4523951","EventID":4672,"Message":"Special privileges assigned to new logon.\r\n\r\nSubject:\r\n\tSecurity ID:\t\tS-1-5-21-1569727641-2518674866-3296776394-1104\r\n\tAccount Name:\t\tpgustavo\r\n\tAccount Domain:\t\tMSSENTINEL\r\n\tLogon ID:\t\t0x1572CF75\r\n\r\nPrivileges:\t\tSeSecurityPrivilege\r\n\t\t\tSeBackupPrivilege\r\n\t\t\tSeRestorePrivilege\r\n\t\t\tSeTakeOwnershipPrivilege\r\n\t\t\tSeDebugPrivilege\r\n\t\t\tSeSystemEnvironmentPrivilege\r\n\t\t\tSeLoadDriverPrivilege\r\n\t\t\tSeImpersonatePrivilege\r\n\t\t\tSeDelegateSessionUserImpersonatePrivilege\r\n\t\t\tSeEnableDelegationPrivilege","EventData":"\u003cEventData xmlns=\"http://schemas.microsoft.com/win/2004/08/events/event\"\u003e\u003cData Name=\"SubjectUserSid\"\u003eS-1-5-21-1569727641-2518674866-3296776394-1104\u003c/Data\u003e\u003cData Name=\"SubjectUserName\"\u003epgustavo\u003c/Data\u003e\u003cData Name=\"SubjectDomainName\"\u003eMSSENTINEL\u003c/Data\u003e\u003cData Name=\"SubjectLogonId\"\u003e0x1572cf75\u003c/Data\u003e\u003cData Name=\"PrivilegeList\"\u003eSeSecurityPrivilege\n\t\t\tSeBackupPrivilege\n\t\t\tSeRestorePrivilege\n\t\t\tSeTakeOwnershipPrivilege\n\t\t\tSeDebugPrivilege\n\t\t\tSeSystemEnvironmentPrivilege\n\t\t\tSeLoadDriverPrivilege\n\t\t\tSeImpersonatePrivilege\n\t\t\tSeDelegateSessionUserImpersonatePrivilege\n\t\t\tSeEnableDelegationPrivilege\u003c/Data\u003e\u003c/EventData\u003e","Task":"12548","SubjectUserSid":"S-1-5-21-1569727641-2518674866-3296776394-1104","SubjectUserName":"pgustavo","SubjectDomainName":"MSSENTINEL","SubjectLogonId":"0x1572cf75","PrivilegeList":"SeSecurityPrivilege\n\t\t\tSeBackupPrivilege\n\t\t\tSeRestorePrivilege\n\t\t\tSeTakeOwnershipPrivilege\n\t\t\tSeDebugPrivilege\n\t\t\tSeSystemEnvironmentPrivilege\n\t\t\tSeLoadDriverPrivilege\n\t\t\tSeImpersonatePrivilege\n\t\t\tSeDelegateSessionUserImpersonatePrivilege\n\t\t\tSeEnableDelegationPrivilege"},{"Provider":"Microsoft-Windows-Security-Auditing","Provider":"Microsoft-Windows-Security-Auditing","ProviderGuid":"{54849625-5478-4994-a5ba-3e3b0328c30d}","Level":"0","Keywords":"0x8020000000000000","Channel":"Security","Computer":"DC01.mssentinel.local","TimeCreated":"2022-09-21T08:52:32.749Z","TimeGenerated":"2022-09-22T12:52:32.749Z","EventID":"4523952","EventID":4624,"Message":"An account was successfully logged on.\r\n\r\nSubject:\r\n\tSecurity ID:\t\tS-1-0-0\r\n\tAccount Name:\t\t-\r\n\tAccount Domain:\t\t-\r\n\tLogon ID:\t\t0x0\r\n\r\nLogon Information:\r\n\tLogon Type:\t\t3\r\n\tRestricted Admin Mode:\t-\r\n\tVirtual Account:\t\tNo\r\n\tElevated Token:\t\tYes\r\n\r\nImpersonation Level:\t\tImpersonation\r\n\r\nNew Logon:\r\n\tSecurity ID:\t\tS-1-5-21-1569727641-2518674866-3296776394-1104\r\n\tAccount Name:\t\tpgustavo\r\n\tAccount Domain:\t\tMSSENTINEL.LOCAL\r\n\tLogon ID:\t\t0x1572CF75\r\n\tLinked Logon ID:\t\t0x0\r\n\tNetwork Account Name:\t-\r\n\tNetwork Account Domain:\t-\r\n\tLogon GUID:\t\t{fada0eee-855b-d6a0-1ff3-342e3fb411d2}\r\n\r\nProcess Information:\r\n\tProcess ID:\t\t0x0\r\n\tProcess Name:\t\t-\r\n\r\nNetwork Information:\r\n\tWorkstation Name:\t-\r\n\tSource Network Address:\t192.168.2.6\r\n\tSource Port:\t\t49943\r\n\r\nDetailed Authentication Information:\r\n\tLogon Process:\t\tKerberos\r\n\tAuthentication Package:\tKerberos\r\n\tTransited Services:\t-\r\n\tPackage Name (NTLM only):\t-\r\n\tKey Length:\t\t0\r\n\r\nThis event is generated when a logon session is created. It is generated on the computer that was accessed.\r\n\r\nThe subject fields indicate the account on the local system which requested the logon. This is most commonly a service such as the Server service, or a local process such as Winlogon.exe or Services.exe.\r\n\r\nThe logon type field indicates the kind of logon that occurred. The most common types are 2 (interactive) and 3 (network).\r\n\r\nThe New Logon fields indicate the account for whom the new logon was created, i.e. the account that was logged on.\r\n\r\nThe network fields indicate where a remote logon request originated. Workstation name is not always available and may be left blank in some cases.\r\n\r\nThe impersonation level field indicates the extent to which a process in the logon session can impersonate.\r\n\r\nThe authentication information fields provide detailed information about this specific logon request.\r\n\t- Logon GUID is a unique identifier that can be used to correlate this event with a KDC event.\r\n\t- Transited services indicate which intermediate services have participated in this logon request.\r\n\t- Package name indicates which sub-Computer was used among the NTLM Computers.\r\n\t- Key length indicates the length of the generated session key. This will be 0 if no session key was requested.","EventData":"\u003cEventData xmlns=\"http://schemas.microsoft.com/win/2004/08/events/event\"\u003e\u003cData Name=\"SubjectUserSid\"\u003eS-1-0-0\u003c/Data\u003e\u003cData Name=\"SubjectUserName\"\u003e-\u003c/Data\u003e\u003cData Name=\"SubjectDomainName\"\u003e-\u003c/Data\u003e\u003cData Name=\"SubjectLogonId\"\u003e0x0\u003c/Data\u003e\u003cData Name=\"TargetUserSid\"\u003eS-1-5-21-1569727641-2518674866-3296776394-1104\u003c/Data\u003e\u003cData Name=\"TargetUserName\"\u003epgustavo\u003c/Data\u003e\u003cData Name=\"TargetDomainName\"\u003eMSSENTINEL.LOCAL\u003c/Data\u003e\u003cData Name=\"TargetLogonId\"\u003e0x1572cf75\u003c/Data\u003e\u003cData Name=\"LogonType\"\u003e3\u003c/Data\u003e\u003cData Name=\"LogonProcessName\"\u003eKerberos\u003c/Data\u003e\u003cData Name=\"AuthenticationPackageName\"\u003eKerberos\u003c/Data\u003e\u003cData Name=\"WorkstationName\"\u003e-\u003c/Data\u003e\u003cData Name=\"LogonGuid\"\u003e{fada0eee-855b-d6a0-1ff3-342e3fb411d2}\u003c/Data\u003e\u003cData Name=\"TransmittedServices\"\u003e-\u003c/Data\u003e\u003cData Name=\"LmPackageName\"\u003e-\u003c/Data\u003e\u003cData Name=\"KeyLength\"\u003e0\u003c/Data\u003e\u003cData Name=\"ProcessId\"\u003e0x0\u003c/Data\u003e\u003cData Name=\"ProcessName\"\u003e-\u003c/Data\u003e\u003cData Name=\"IpAddress\"\u003e192.168.2.6\u003c/Data\u003e\u003cData Name=\"IpPort\"\u003e49943\u003c/Data\u003e\u003cData Name=\"ImpersonationLevel\"\u003e%%1833\u003c/Data\u003e\u003cData Name=\"RestrictedAdminMode\"\u003e-\u003c/Data\u003e\u003cData Name=\"TargetOutboundUserName\"\u003e-\u003c/Data\u003e\u003cData Name=\"TargetOutboundDomainName\"\u003e-\u003c/Data\u003e\u003cData Name=\"VirtualAccount\"\u003e%%1843\u003c/Data\u003e\u003cData Name=\"TargetLinkedLogonId\"\u003e0x0\u003c/Data\u003e\u003cData Name=\"ElevatedToken\"\u003e%%1842\u003c/Data\u003e\u003c/EventData\u003e","Task":"12544","SubjectUserSid":"S-1-0-0","SubjectUserName":"-","SubjectDomainName":"-","SubjectLogonId":"0x0","TargetUserSid":"S-1-5-21-1569727641-2518674866-3296776394-1104","TargetUserName":"pgustavo","TargetDomainName":"MSSENTINEL.LOCAL","TargetLogonId":"0x1572cf75","LogonType":3,"LogonProcessName":"Kerberos","AuthenticationPackageName":"Kerberos","WorkstationName":"-","LogonGuid":"{fada0eee-855b-d6a0-1ff3-342e3fb411d2}","TransmittedServices":"-","LmPackageName":"-","KeyLength":0,"ProcessId":"0x0","ProcessName":"-","IpAddress":"192.168.2.6","IpPort":"49943","ImpersonationLevel":"%%1833","RestrictedAdminMode":"-","TargetOutboundUserName":"-","TargetOutboundDomainName":"-","VirtualAccount":"%%1843","TargetLinkedLogonId":"0x0","ElevatedToken":"%%1842"},{"Provider":"Microsoft-Windows-Security-Auditing","Provider":"Microsoft-Windows-Security-Auditing","ProviderGuid":"{54849625-5478-4994-a5ba-3e3b0328c30d}","Level":"0","Keywords":"0x8020000000000000","Channel":"Security","Computer":"DC01.mssentinel.local","TimeCreated":"2022-09-21T08:52:32.749Z","TimeGenerated":"2022-09-22T12:52:32.749Z","EventID":"4523953","EventID":4627,"Message":"Group membership information.\r\n\r\nSubject:\r\n\tSecurity ID:\t\tS-1-0-0\r\n\tAccount Name:\t\t-\r\n\tAccount Domain:\t\t-\r\n\tLogon ID:\t\t0x0\r\n\r\nLogon Type:\t\t\t3\r\n\r\nNew Logon:\r\n\tSecurity ID:\t\tS-1-5-21-1569727641-2518674866-3296776394-1104\r\n\tAccount Name:\t\tpgustavo\r\n\tAccount Domain:\t\tMSSENTINEL.LOCAL\r\n\tLogon ID:\t\t0x1572CF75\r\n\r\nEvent in sequence:\t\t1 of 1\r\n\r\nGroup Membership:\t\t\t\r\n\t\t%{S-1-5-21-1569727641-2518674866-3296776394-513}\r\n\t\t%{S-1-1-0}\r\n\t\t%{S-1-5-32-545}\r\n\t\t%{S-1-5-32-554}\r\n\t\t%{S-1-5-32-555}\r\n\t\t%{S-1-5-32-574}\r\n\t\t%{S-1-5-32-544}\r\n\t\t%{S-1-5-2}\r\n\t\t%{S-1-5-11}\r\n\t\t%{S-1-5-15}\r\n\t\t%{S-1-5-21-1569727641-2518674866-3296776394-512}\r\n\t\t%{S-1-5-21-1569727641-2518674866-3296776394-518}\r\n\t\t%{S-1-5-21-1569727641-2518674866-3296776394-519}\r\n\t\t%{S-1-18-1}\r\n\t\t%{S-1-5-21-1569727641-2518674866-3296776394-572}\r\n\t\t%{S-1-16-12288}\r\n\r\nThe subject fields indicate the account on the local system which requested the logon. This is most commonly a service such as the Server service, or a local process such as Winlogon.exe or Services.exe.\r\n\r\nThe logon type field indicates the kind of logon that occurred. The most common types are 2 (interactive) and 3 (network).\r\n\r\nThe New Logon fields indicate the account for whom the new logon was created, i.e. the account that was logged on.\r\n\r\nThis event is generated when the Audit Group Membership subcategory is configured.  The Logon ID field can be used to correlate this event with the corresponding user logon event as well as to any other security audit events generated during this logon session.","EventData":"\u003cEventData xmlns=\"http://schemas.microsoft.com/win/2004/08/events/event\"\u003e\u003cData Name=\"SubjectUserSid\"\u003eS-1-0-0\u003c/Data\u003e\u003cData Name=\"SubjectUserName\"\u003e-\u003c/Data\u003e\u003cData Name=\"SubjectDomainName\"\u003e-\u003c/Data\u003e\u003cData Name=\"SubjectLogonId\"\u003e0x0\u003c/Data\u003e\u003cData Name=\"TargetUserSid\"\u003eS-1-5-21-1569727641-2518674866-3296776394-1104\u003c/Data\u003e\u003cData Name=\"TargetUserName\"\u003epgustavo\u003c/Data\u003e\u003cData Name=\"TargetDomainName\"\u003eMSSENTINEL.LOCAL\u003c/Data\u003e\u003cData Name=\"TargetLogonId\"\u003e0x1572cf75\u003c/Data\u003e\u003cData Name=\"LogonType\"\u003e3\u003c/Data\u003e\u003cData Name=\"EventIdx\"\u003e1\u003c/Data\u003e\u003cData Name=\"EventCountTotal\"\u003e1\u003c/Data\u003e\u003cData Name=\"GroupMembership\"\u003e\n\t\t%{S-1-5-21-1569727641-2518674866-3296776394-513}\n\t\t%{S-1-1-0}\n\t\t%{S-1-5-32-545}\n\t\t%{S-1-5-32-554}\n\t\t%{S-1-5-32-555}\n\t\t%{S-1-5-32-574}\n\t\t%{S-1-5-32-544}\n\t\t%{S-1-5-2}\n\t\t%{S-1-5-11}\n\t\t%{S-1-5-15}\n\t\t%{S-1-5-21-1569727641-2518674866-3296776394-512}\n\t\t%{S-1-5-21-1569727641-2518674866-3296776394-518}\n\t\t%{S-1-5-21-1569727641-2518674866-3296776394-519}\n\t\t%{S-1-18-1}\n\t\t%{S-1-5-21-1569727641-2518674866-3296776394-572}\n\t\t%{S-1-16-12288}\u003c/Data\u003e\u003c/EventData\u003e","Task":"12554","SubjectUserSid":"S-1-0-0","SubjectUserName":"-","SubjectDomainName":"-","SubjectLogonId":"0x0","TargetUserSid":"S-1-5-21-1569727641-2518674866-3296776394-1104","TargetUserName":"pgustavo","TargetDomainName":"MSSENTINEL.LOCAL","TargetLogonId":"0x1572cf75","LogonType":3,"EventIdx":"1","EventCountTotal":"1","GroupMembership":"\n\t\t%{S-1-5-21-1569727641-2518674866-3296776394-513}\n\t\t%{S-1-1-0}\n\t\t%{S-1-5-32-545}\n\t\t%{S-1-5-32-554}\n\t\t%{S-1-5-32-555}\n\t\t%{S-1-5-32-574}\n\t\t%{S-1-5-32-544}\n\t\t%{S-1-5-2}\n\t\t%{S-1-5-11}\n\t\t%{S-1-5-15}\n\t\t%{S-1-5-21-1569727641-2518674866-3296776394-512}\n\t\t%{S-1-5-21-1569727641-2518674866-3296776394-518}\n\t\t%{S-1-5-21-1569727641-2518674866-3296776394-519}\n\t\t%{S-1-18-1}\n\t\t%{S-1-5-21-1569727641-2518674866-3296776394-572}\n\t\t%{S-1-16-12288}"},{"Provider":"Microsoft-Windows-Security-Auditing","Provider":"Microsoft-Windows-Security-Auditing","ProviderGuid":"{54849625-5478-4994-a5ba-3e3b0328c30d}","Level":"0","Keywords":"0x8020000000000000","Channel":"Security","Computer":"DC01.mssentinel.local","TimeCreated":"2022-09-21T08:52:32.831Z","TimeGenerated":"2022-09-22T12:52:32.831Z","EventID":"4523954","EventID":5156,"Message":"The Windows Filtering Platform has permitted a connection.\r\n\r\nApplication Information:\r\n\tProcess ID:\t\t984\r\n\tApplication Name:\t\\device\\harddiskvolume2\\windows\\system32\\svchost.exe\r\n\r\nNetwork Information:\r\n\tDirection:\t\tInbound\r\n\tSource Address:\t\t192.168.2.6\r\n\tSource Port:\t\t49947\r\n\tDestination Address:\t192.168.2.4\r\n\tDestination Port:\t\t135\r\n\tComputer:\t\t6\r\n\r\nFilter Information:\r\n\tFilter Run-Time ID:\t68644\r\n\tLayer Name:\t\tReceive/Accept\r\n\tLayer Run-Time ID:\t44","EventData":"\u003cEventData xmlns=\"http://schemas.microsoft.com/win/2004/08/events/event\"\u003e\u003cData Name=\"ProcessID\"\u003e984\u003c/Data\u003e\u003cData Name=\"Application\"\u003e\\device\\harddiskvolume2\\windows\\system32\\svchost.exe\u003c/Data\u003e\u003cData Name=\"Direction\"\u003e%%14592\u003c/Data\u003e\u003cData Name=\"SourceAddress\"\u003e192.168.2.6\u003c/Data\u003e\u003cData Name=\"SourcePort\"\u003e49947\u003c/Data\u003e\u003cData Name=\"DestAddress\"\u003e192.168.2.4\u003c/Data\u003e\u003cData Name=\"DestPort\"\u003e135\u003c/Data\u003e\u003cData Name=\"Computer\"\u003e6\u003c/Data\u003e\u003cData Name=\"FilterRTID\"\u003e68644\u003c/Data\u003e\u003cData Name=\"LayerName\"\u003e%%14610\u003c/Data\u003e\u003cData Name=\"LayerRTID\"\u003e44\u003c/Data\u003e\u003cData Name=\"RemoteUserID\"\u003eS-1-0-0\u003c/Data\u003e\u003cData Name=\"RemoteMachineID\"\u003eS-1-0-0\u003c/Data\u003e\u003c/EventData\u003e","Task":"12810","ProcessID":"984","Application":"\\device\\harddiskvolume2\\windows\\system32\\svchost.exe","Direction":"%%14592","SourceAddress":"192.168.2.6","SourcePort":"49947","DestAddress":"192.168.2.4","DestPort":"135","Computer":"6","FilterRTID":"68644","LayerName":"%%14610","LayerRTID":"44","RemoteUserID":"S-1-0-0","RemoteMachineID":"S-1-0-0"},{"Provider":"Microsoft-Windows-Security-Auditing","Provider":"Microsoft-Windows-Security-Auditing","ProviderGuid":"{54849625-5478-4994-a5ba-3e3b0328c30d}","Level":"0","Keywords":"0x8020000000000000","Channel":"Security","Computer":"DC01.mssentinel.local","TimeCreated":"2022-09-21T08:52:32.835Z","TimeGenerated":"2022-09-22T12:52:32.835Z","EventID":"4523955","EventID":5156,"Message":"The Windows Filtering Platform has permitted a connection.\r\n\r\nApplication Information:\r\n\tProcess ID:\t\t692\r\n\tApplication Name:\t\\device\\harddiskvolume2\\windows\\system32\\lsass.exe\r\n\r\nNetwork Information:\r\n\tDirection:\t\tInbound\r\n\tSource Address:\t\t192.168.2.6\r\n\tSource Port:\t\t49948\r\n\tDestination Address:\t192.168.2.4\r\n\tDestination Port:\t\t49667\r\n\tComputer:\t\t6\r\n\r\nFilter Information:\r\n\tFilter Run-Time ID:\t68644\r\n\tLayer Name:\t\tReceive/Accept\r\n\tLayer Run-Time ID:\t44","EventData":"\u003cEventData xmlns=\"http://schemas.microsoft.com/win/2004/08/events/event\"\u003e\u003cData Name=\"ProcessID\"\u003e692\u003c/Data\u003e\u003cData Name=\"Application\"\u003e\\device\\harddiskvolume2\\windows\\system32\\lsass.exe\u003c/Data\u003e\u003cData Name=\"Direction\"\u003e%%14592\u003c/Data\u003e\u003cData Name=\"SourceAddress\"\u003e192.168.2.6\u003c/Data\u003e\u003cData Name=\"SourcePort\"\u003e49948\u003c/Data\u003e\u003cData Name=\"DestAddress\"\u003e192.168.2.4\u003c/Data\u003e\u003cData Name=\"DestPort\"\u003e49667\u003c/Data\u003e\u003cData Name=\"Computer\"\u003e6\u003c/Data\u003e\u003cData Name=\"FilterRTID\"\u003e68644\u003c/Data\u003e\u003cData Name=\"LayerName\"\u003e%%14610\u003c/Data\u003e\u003cData Name=\"LayerRTID\"\u003e44\u003c/Data\u003e\u003cData Name=\"RemoteUserID\"\u003eS-1-0-0\u003c/Data\u003e\u003cData Name=\"RemoteMachineID\"\u003eS-1-0-0\u003c/Data\u003e\u003c/EventData\u003e","Task":"12810","ProcessID":"692","Application":"\\device\\harddiskvolume2\\windows\\system32\\lsass.exe","Direction":"%%14592","SourceAddress":"192.168.2.6","SourcePort":"49948","DestAddress":"192.168.2.4","DestPort":"49667","Computer":"6","FilterRTID":"68644","LayerName":"%%14610","LayerRTID":"44","RemoteUserID":"S-1-0-0","RemoteMachineID":"S-1-0-0"},{"Provider":"Microsoft-Windows-Security-Auditing","Provider":"Microsoft-Windows-Security-Auditing","ProviderGuid":"{54849625-5478-4994-a5ba-3e3b0328c30d}","Level":"0","Keywords":"0x8020000000000000","Channel":"Security","Computer":"DC01.mssentinel.local","TimeCreated":"2022-09-21T08:52:32.837Z","TimeGenerated":"2022-09-22T12:52:32.837Z","EventID":"4523956","EventID":4672,"Message":"Special privileges assigned to new logon.\r\n\r\nSubject:\r\n\tSecurity ID:\t\tS-1-5-21-1569727641-2518674866-3296776394-1104\r\n\tAccount Name:\t\tpgustavo\r\n\tAccount Domain:\t\tMSSENTINEL\r\n\tLogon ID:\t\t0x1572CF8F\r\n\r\nPrivileges:\t\tSeSecurityPrivilege\r\n\t\t\tSeBackupPrivilege\r\n\t\t\tSeRestorePrivilege\r\n\t\t\tSeTakeOwnershipPrivilege\r\n\t\t\tSeDebugPrivilege\r\n\t\t\tSeSystemEnvironmentPrivilege\r\n\t\t\tSeLoadDriverPrivilege\r\n\t\t\tSeImpersonatePrivilege\r\n\t\t\tSeDelegateSessionUserImpersonatePrivilege\r\n\t\t\tSeEnableDelegationPrivilege","EventData":"\u003cEventData xmlns=\"http://schemas.microsoft.com/win/2004/08/events/event\"\u003e\u003cData Name=\"SubjectUserSid\"\u003eS-1-5-21-1569727641-2518674866-3296776394-1104\u003c/Data\u003e\u003cData Name=\"SubjectUserName\"\u003epgustavo\u003c/Data\u003e\u003cData Name=\"SubjectDomainName\"\u003eMSSENTINEL\u003c/Data\u003e\u003cData Name=\"SubjectLogonId\"\u003e0x1572cf8f\u003c/Data\u003e\u003cData Name=\"PrivilegeList\"\u003eSeSecurityPrivilege\n\t\t\tSeBackupPrivilege\n\t\t\tSeRestorePrivilege\n\t\t\tSeTakeOwnershipPrivilege\n\t\t\tSeDebugPrivilege\n\t\t\tSeSystemEnvironmentPrivilege\n\t\t\tSeLoadDriverPrivilege\n\t\t\tSeImpersonatePrivilege\n\t\t\tSeDelegateSessionUserImpersonatePrivilege\n\t\t\tSeEnableDelegationPrivilege\u003c/Data\u003e\u003c/EventData\u003e","Task":"12548","SubjectUserSid":"S-1-5-21-1569727641-2518674866-3296776394-1104","SubjectUserName":"pgustavo","SubjectDomainName":"MSSENTINEL","SubjectLogonId":"0x1572cf8f","PrivilegeList":"SeSecurityPrivilege\n\t\t\tSeBackupPrivilege\n\t\t\tSeRestorePrivilege\n\t\t\tSeTakeOwnershipPrivilege\n\t\t\tSeDebugPrivilege\n\t\t\tSeSystemEnvironmentPrivilege\n\t\t\tSeLoadDriverPrivilege\n\t\t\tSeImpersonatePrivilege\n\t\t\tSeDelegateSessionUserImpersonatePrivilege\n\t\t\tSeEnableDelegationPrivilege"},{"Provider":"Microsoft-Windows-Security-Auditing","Provider":"Microsoft-Windows-Security-Auditing","ProviderGuid":"{54849625-5478-4994-a5ba-3e3b0328c30d}","Level":"0","Keywords":"0x8020000000000000","Channel":"Security","Computer":"DC01.mssentinel.local","TimeCreated":"2022-09-21T08:52:32.838Z","TimeGenerated":"2022-09-22T12:52:32.838Z","EventID":"4523957","EventID":4624,"Message":"An account was successfully logged on.\r\n\r\nSubject:\r\n\tSecurity ID:\t\tS-1-0-0\r\n\tAccount Name:\t\t-\r\n\tAccount Domain:\t\t-\r\n\tLogon ID:\t\t0x0\r\n\r\nLogon Information:\r\n\tLogon Type:\t\t3\r\n\tRestricted Admin Mode:\t-\r\n\tVirtual Account:\t\tNo\r\n\tElevated Token:\t\tYes\r\n\r\nImpersonation Level:\t\tImpersonation\r\n\r\nNew Logon:\r\n\tSecurity ID:\t\tS-1-5-21-1569727641-2518674866-3296776394-1104\r\n\tAccount Name:\t\tpgustavo\r\n\tAccount Domain:\t\tMSSENTINEL.LOCAL\r\n\tLogon ID:\t\t0x1572CF8F\r\n\tLinked Logon ID:\t\t0x0\r\n\tNetwork Account Name:\t-\r\n\tNetwork Account Domain:\t-\r\n\tLogon GUID:\t\t{fada0eee-855b-d6a0-1ff3-342e3fb411d2}\r\n\r\nProcess Information:\r\n\tProcess ID:\t\t0x0\r\n\tProcess Name:\t\t-\r\n\r\nNetwork Information:\r\n\tWorkstation Name:\t-\r\n\tSource Network Address:\t192.168.2.6\r\n\tSource Port:\t\t49948\r\n\r\nDetailed Authentication Information:\r\n\tLogon Process:\t\tKerberos\r\n\tAuthentication Package:\tKerberos\r\n\tTransited Services:\t-\r\n\tPackage Name (NTLM only):\t-\r\n\tKey Length:\t\t0\r\n\r\nThis event is generated when a logon session is created. It is generated on the computer that was accessed.\r\n\r\nThe subject fields indicate the account on the local system which requested the logon. This is most commonly a service such as the Server service, or a local process such as Winlogon.exe or Services.exe.\r\n\r\nThe logon type field indicates the kind of logon that occurred. The most common types are 2 (interactive) and 3 (network).\r\n\r\nThe New Logon fields indicate the account for whom the new logon was created, i.e. the account that was logged on.\r\n\r\nThe network fields indicate where a remote logon request originated. Workstation name is not always available and may be left blank in some cases.\r\n\r\nThe impersonation level field indicates the extent to which a process in the logon session can impersonate.\r\n\r\nThe authentication information fields provide detailed information about this specific logon request.\r\n\t- Logon GUID is a unique identifier that can be used to correlate this event with a KDC event.\r\n\t- Transited services indicate which intermediate services have participated in this logon request.\r\n\t- Package name indicates which sub-Computer was used among the NTLM Computers.\r\n\t- Key length indicates the length of the generated session key. This will be 0 if no session key was requested.","EventData":"\u003cEventData xmlns=\"http://schemas.microsoft.com/win/2004/08/events/event\"\u003e\u003cData Name=\"SubjectUserSid\"\u003eS-1-0-0\u003c/Data\u003e\u003cData Name=\"SubjectUserName\"\u003e-\u003c/Data\u003e\u003cData Name=\"SubjectDomainName\"\u003e-\u003c/Data\u003e\u003cData Name=\"SubjectLogonId\"\u003e0x0\u003c/Data\u003e\u003cData Name=\"TargetUserSid\"\u003eS-1-5-21-1569727641-2518674866-3296776394-1104\u003c/Data\u003e\u003cData Name=\"TargetUserName\"\u003epgustavo\u003c/Data\u003e\u003cData Name=\"TargetDomainName\"\u003eMSSENTINEL.LOCAL\u003c/Data\u003e\u003cData Name=\"TargetLogonId\"\u003e0x1572cf8f\u003c/Data\u003e\u003cData Name=\"LogonType\"\u003e3\u003c/Data\u003e\u003cData Name=\"LogonProcessName\"\u003eKerberos\u003c/Data\u003e\u003cData Name=\"AuthenticationPackageName\"\u003eKerberos\u003c/Data\u003e\u003cData Name=\"WorkstationName\"\u003e-\u003c/Data\u003e\u003cData Name=\"LogonGuid\"\u003e{fada0eee-855b-d6a0-1ff3-342e3fb411d2}\u003c/Data\u003e\u003cData Name=\"TransmittedServices\"\u003e-\u003c/Data\u003e\u003cData Name=\"LmPackageName\"\u003e-\u003c/Data\u003e\u003cData Name=\"KeyLength\"\u003e0\u003c/Data\u003e\u003cData Name=\"ProcessId\"\u003e0x0\u003c/Data\u003e\u003cData Name=\"ProcessName\"\u003e-\u003c/Data\u003e\u003cData Name=\"IpAddress\"\u003e192.168.2.6\u003c/Data\u003e\u003cData Name=\"IpPort\"\u003e49948\u003c/Data\u003e\u003cData Name=\"ImpersonationLevel\"\u003e%%1833\u003c/Data\u003e\u003cData Name=\"RestrictedAdminMode\"\u003e-\u003c/Data\u003e\u003cData Name=\"TargetOutboundUserName\"\u003e-\u003c/Data\u003e\u003cData Name=\"TargetOutboundDomainName\"\u003e-\u003c/Data\u003e\u003cData Name=\"VirtualAccount\"\u003e%%1843\u003c/Data\u003e\u003cData Name=\"TargetLinkedLogonId\"\u003e0x0\u003c/Data\u003e\u003cData Name=\"ElevatedToken\"\u003e%%1842\u003c/Data\u003e\u003c/EventData\u003e","Task":"12544","SubjectUserSid":"S-1-0-0","SubjectUserName":"-","SubjectDomainName":"-","SubjectLogonId":"0x0","TargetUserSid":"S-1-5-21-1569727641-2518674866-3296776394-1104","TargetUserName":"pgustavo","TargetDomainName":"MSSENTINEL.LOCAL","TargetLogonId":"0x1572cf8f","LogonType":3,"LogonProcessName":"Kerberos","AuthenticationPackageName":"Kerberos","WorkstationName":"-","LogonGuid":"{fada0eee-855b-d6a0-1ff3-342e3fb411d2}","TransmittedServices":"-","LmPackageName":"-","KeyLength":0,"ProcessId":"0x0","ProcessName":"-","IpAddress":"192.168.2.6","IpPort":"49948","ImpersonationLevel":"%%1833","RestrictedAdminMode":"-","TargetOutboundUserName":"-","TargetOutboundDomainName":"-","VirtualAccount":"%%1843","TargetLinkedLogonId":"0x0","ElevatedToken":"%%1842"},{"Provider":"Microsoft-Windows-Security-Auditing","Provider":"Microsoft-Windows-Security-Auditing","ProviderGuid":"{54849625-5478-4994-a5ba-3e3b0328c30d}","Level":"0","Keywords":"0x8020000000000000","Channel":"Security","Computer":"DC01.mssentinel.local","TimeCreated":"2022-09-21T08:52:32.838Z","TimeGenerated":"2022-09-22T12:52:32.838Z","EventID":"4523958","EventID":4627,"Message":"Group membership information.\r\n\r\nSubject:\r\n\tSecurity ID:\t\tS-1-0-0\r\n\tAccount Name:\t\t-\r\n\tAccount Domain:\t\t-\r\n\tLogon ID:\t\t0x0\r\n\r\nLogon Type:\t\t\t3\r\n\r\nNew Logon:\r\n\tSecurity ID:\t\tS-1-5-21-1569727641-2518674866-3296776394-1104\r\n\tAccount Name:\t\tpgustavo\r\n\tAccount Domain:\t\tMSSENTINEL.LOCAL\r\n\tLogon ID:\t\t0x1572CF8F\r\n\r\nEvent in sequence:\t\t1 of 1\r\n\r\nGroup Membership:\t\t\t\r\n\t\t%{S-1-5-21-1569727641-2518674866-3296776394-513}\r\n\t\t%{S-1-1-0}\r\n\t\t%{S-1-5-32-545}\r\n\t\t%{S-1-5-32-554}\r\n\t\t%{S-1-5-32-555}\r\n\t\t%{S-1-5-32-574}\r\n\t\t%{S-1-5-32-544}\r\n\t\t%{S-1-5-2}\r\n\t\t%{S-1-5-11}\r\n\t\t%{S-1-5-15}\r\n\t\t%{S-1-5-21-1569727641-2518674866-3296776394-512}\r\n\t\t%{S-1-5-21-1569727641-2518674866-3296776394-518}\r\n\t\t%{S-1-5-21-1569727641-2518674866-3296776394-519}\r\n\t\t%{S-1-18-1}\r\n\t\t%{S-1-5-21-1569727641-2518674866-3296776394-572}\r\n\t\t%{S-1-16-12288}\r\n\r\nThe subject fields indicate the account on the local system which requested the logon. This is most commonly a service such as the Server service, or a local process such as Winlogon.exe or Services.exe.\r\n\r\nThe logon type field indicates the kind of logon that occurred. The most common types are 2 (interactive) and 3 (network).\r\n\r\nThe New Logon fields indicate the account for whom the new logon was created, i.e. the account that was logged on.\r\n\r\nThis event is generated when the Audit Group Membership subcategory is configured.  The Logon ID field can be used to correlate this event with the corresponding user logon event as well as to any other security audit events generated during this logon session.","EventData":"\u003cEventData xmlns=\"http://schemas.microsoft.com/win/2004/08/events/event\"\u003e\u003cData Name=\"SubjectUserSid\"\u003eS-1-0-0\u003c/Data\u003e\u003cData Name=\"SubjectUserName\"\u003e-\u003c/Data\u003e\u003cData Name=\"SubjectDomainName\"\u003e-\u003c/Data\u003e\u003cData Name=\"SubjectLogonId\"\u003e0x0\u003c/Data\u003e\u003cData Name=\"TargetUserSid\"\u003eS-1-5-21-1569727641-2518674866-3296776394-1104\u003c/Data\u003e\u003cData Name=\"TargetUserName\"\u003epgustavo\u003c/Data\u003e\u003cData Name=\"TargetDomainName\"\u003eMSSENTINEL.LOCAL\u003c/Data\u003e\u003cData Name=\"TargetLogonId\"\u003e0x1572cf8f\u003c/Data\u003e\u003cData Name=\"LogonType\"\u003e3\u003c/Data\u003e\u003cData Name=\"EventIdx\"\u003e1\u003c/Data\u003e\u003cData Name=\"EventCountTotal\"\u003e1\u003c/Data\u003e\u003cData Name=\"GroupMembership\"\u003e\n\t\t%{S-1-5-21-1569727641-2518674866-3296776394-513}\n\t\t%{S-1-1-0}\n\t\t%{S-1-5-32-545}\n\t\t%{S-1-5-32-554}\n\t\t%{S-1-5-32-555}\n\t\t%{S-1-5-32-574}\n\t\t%{S-1-5-32-544}\n\t\t%{S-1-5-2}\n\t\t%{S-1-5-11}\n\t\t%{S-1-5-15}\n\t\t%{S-1-5-21-1569727641-2518674866-3296776394-512}\n\t\t%{S-1-5-21-1569727641-2518674866-3296776394-518}\n\t\t%{S-1-5-21-1569727641-2518674866-3296776394-519}\n\t\t%{S-1-18-1}\n\t\t%{S-1-5-21-1569727641-2518674866-3296776394-572}\n\t\t%{S-1-16-12288}\u003c/Data\u003e\u003c/EventData\u003e","Task":"12554","SubjectUserSid":"S-1-0-0","SubjectUserName":"-","SubjectDomainName":"-","SubjectLogonId":"0x0","TargetUserSid":"S-1-5-21-1569727641-2518674866-3296776394-1104","TargetUserName":"pgustavo","TargetDomainName":"MSSENTINEL.LOCAL","TargetLogonId":"0x1572cf8f","LogonType":3,"EventIdx":"1","EventCountTotal":"1","GroupMembership":"\n\t\t%{S-1-5-21-1569727641-2518674866-3296776394-513}\n\t\t%{S-1-1-0}\n\t\t%{S-1-5-32-545}\n\t\t%{S-1-5-32-554}\n\t\t%{S-1-5-32-555}\n\t\t%{S-1-5-32-574}\n\t\t%{S-1-5-32-544}\n\t\t%{S-1-5-2}\n\t\t%{S-1-5-11}\n\t\t%{S-1-5-15}\n\t\t%{S-1-5-21-1569727641-2518674866-3296776394-512}\n\t\t%{S-1-5-21-1569727641-2518674866-3296776394-518}\n\t\t%{S-1-5-21-1569727641-2518674866-3296776394-519}\n\t\t%{S-1-18-1}\n\t\t%{S-1-5-21-1569727641-2518674866-3296776394-572}\n\t\t%{S-1-16-12288}"},{"Provider":"Microsoft-Windows-Security-Auditing","Provider":"Microsoft-Windows-Security-Auditing","ProviderGuid":"{54849625-5478-4994-a5ba-3e3b0328c30d}","Level":"0","Keywords":"0x8020000000000000","Channel":"Security","Computer":"DC01.mssentinel.local","TimeCreated":"2022-09-21T08:52:32.881Z","TimeGenerated":"2022-09-22T12:52:32.881Z","EventID":"4523959","EventID":5156,"Message":"The Windows Filtering Platform has permitted a connection.\r\n\r\nApplication Information:\r\n\tProcess ID:\t\t692\r\n\tApplication Name:\t\\device\\harddiskvolume2\\windows\\system32\\lsass.exe\r\n\r\nNetwork Information:\r\n\tDirection:\t\tInbound\r\n\tSource Address:\t\t192.168.2.6\r\n\tSource Port:\t\t49949\r\n\tDestination Address:\t192.168.2.4\r\n\tDestination Port:\t\t88\r\n\tComputer:\t\t6\r\n\r\nFilter Information:\r\n\tFilter Run-Time ID:\t68644\r\n\tLayer Name:\t\tReceive/Accept\r\n\tLayer Run-Time ID:\t44","EventData":"\u003cEventData xmlns=\"http://schemas.microsoft.com/win/2004/08/events/event\"\u003e\u003cData Name=\"ProcessID\"\u003e692\u003c/Data\u003e\u003cData Name=\"Application\"\u003e\\device\\harddiskvolume2\\windows\\system32\\lsass.exe\u003c/Data\u003e\u003cData Name=\"Direction\"\u003e%%14592\u003c/Data\u003e\u003cData Name=\"SourceAddress\"\u003e192.168.2.6\u003c/Data\u003e\u003cData Name=\"SourcePort\"\u003e49949\u003c/Data\u003e\u003cData Name=\"DestAddress\"\u003e192.168.2.4\u003c/Data\u003e\u003cData Name=\"DestPort\"\u003e88\u003c/Data\u003e\u003cData Name=\"Computer\"\u003e6\u003c/Data\u003e\u003cData Name=\"FilterRTID\"\u003e68644\u003c/Data\u003e\u003cData Name=\"LayerName\"\u003e%%14610\u003c/Data\u003e\u003cData Name=\"LayerRTID\"\u003e44\u003c/Data\u003e\u003cData Name=\"RemoteUserID\"\u003eS-1-0-0\u003c/Data\u003e\u003cData Name=\"RemoteMachineID\"\u003eS-1-0-0\u003c/Data\u003e\u003c/EventData\u003e","Task":"12810","ProcessID":"692","Application":"\\device\\harddiskvolume2\\windows\\system32\\lsass.exe","Direction":"%%14592","SourceAddress":"192.168.2.6","SourcePort":"49949","DestAddress":"192.168.2.4","DestPort":"88","Computer":"6","FilterRTID":"68644","LayerName":"%%14610","LayerRTID":"44","RemoteUserID":"S-1-0-0","RemoteMachineID":"S-1-0-0"},{"Provider":"Microsoft-Windows-Security-Auditing","Provider":"Microsoft-Windows-Security-Auditing","ProviderGuid":"{54849625-5478-4994-a5ba-3e3b0328c30d}","Level":"0","Keywords":"0x8020000000000000","Channel":"Security","Computer":"DC01.mssentinel.local","TimeCreated":"2022-09-21T08:52:32.882Z","TimeGenerated":"2022-09-22T12:52:32.882Z","EventID":"4523960","EventID":4769,"Message":"A Kerberos service ticket was requested.\r\n\r\nAccount Information:\r\n\tAccount Name:\t\tpgustavo@MSSENTINEL.LOCAL\r\n\tAccount Domain:\t\tMSSENTINEL.LOCAL\r\n\tLogon GUID:\t\t{8c525172-c2ac-7c13-f06a-1648c8835915}\r\n\r\nService Information:\r\n\tService Name:\t\tDC01$\r\n\tService ID:\t\tS-1-5-21-1569727641-2518674866-3296776394-1000\r\n\r\nNetwork Information:\r\n\tClient Address:\t\t::ffff:192.168.2.6\r\n\tClient Port:\t\t49949\r\n\r\nAdditional Information:\r\n\tTicket Options:\t\t0x40810000\r\n\tTicket Encryption Type:\t0x12\r\n\tFailure Code:\t\t0x0\r\n\tTransited Services:\t-\r\n\r\nThis event is generated every time access is requested to a resource such as a computer or a Windows service.  The service name indicates the resource to which access was requested.\r\n\r\nThis event can be correlated with Windows logon events by comparing the Logon GUID fields in each event.  The logon event occurs on the machine that was accessed, which is often a different machine than the domain controller which issued the service ticket.\r\n\r\nTicket options, encryption types, and failure codes are defined in RFC 4120.","EventData":"\u003cEventData xmlns=\"http://schemas.microsoft.com/win/2004/08/events/event\"\u003e\u003cData Name=\"TargetUserName\"\u003epgustavo@MSSENTINEL.LOCAL\u003c/Data\u003e\u003cData Name=\"TargetDomainName\"\u003eMSSENTINEL.LOCAL\u003c/Data\u003e\u003cData Name=\"ServiceName\"\u003eDC01$\u003c/Data\u003e\u003cData Name=\"ServiceSid\"\u003eS-1-5-21-1569727641-2518674866-3296776394-1000\u003c/Data\u003e\u003cData Name=\"TicketOptions\"\u003e0x40810000\u003c/Data\u003e\u003cData Name=\"TicketEncryptionType\"\u003e0x12\u003c/Data\u003e\u003cData Name=\"IpAddress\"\u003e::ffff:192.168.2.6\u003c/Data\u003e\u003cData Name=\"IpPort\"\u003e49949\u003c/Data\u003e\u003cData Name=\"Status\"\u003e0x0\u003c/Data\u003e\u003cData Name=\"LogonGuid\"\u003e{8c525172-c2ac-7c13-f06a-1648c8835915}\u003c/Data\u003e\u003cData Name=\"TransmittedServices\"\u003e-\u003c/Data\u003e\u003c/EventData\u003e","Task":"14337","TargetUserName":"pgustavo@MSSENTINEL.LOCAL","TargetDomainName":"MSSENTINEL.LOCAL","ServiceName":"DC01$","ServiceSid":"S-1-5-21-1569727641-2518674866-3296776394-1000","TicketOptions":"0x40810000","TicketEncryptionType":"0x12","IpAddress":"::ffff:192.168.2.6","IpPort":"49949","Status":"0x0","LogonGuid":"{8c525172-c2ac-7c13-f06a-1648c8835915}","TransmittedServices":"-"},{"Provider":"Microsoft-Windows-Security-Auditing","Provider":"Microsoft-Windows-Security-Auditing","ProviderGuid":"{54849625-5478-4994-a5ba-3e3b0328c30d}","Level":"0","Keywords":"0x8020000000000000","Channel":"Security","Computer":"DC01.mssentinel.local","TimeCreated":"2022-09-21T08:52:32.883Z","TimeGenerated":"2022-09-22T12:52:32.883Z","EventID":"4523961","EventID":4672,"Message":"Special privileges assigned to new logon.\r\n\r\nSubject:\r\n\tSecurity ID:\t\tS-1-5-21-1569727641-2518674866-3296776394-1104\r\n\tAccount Name:\t\tpgustavo\r\n\tAccount Domain:\t\tMSSENTINEL\r\n\tLogon ID:\t\t0x1572CFB8\r\n\r\nPrivileges:\t\tSeSecurityPrivilege\r\n\t\t\tSeBackupPrivilege\r\n\t\t\tSeRestorePrivilege\r\n\t\t\tSeTakeOwnershipPrivilege\r\n\t\t\tSeDebugPrivilege\r\n\t\t\tSeSystemEnvironmentPrivilege\r\n\t\t\tSeLoadDriverPrivilege\r\n\t\t\tSeImpersonatePrivilege\r\n\t\t\tSeDelegateSessionUserImpersonatePrivilege\r\n\t\t\tSeEnableDelegationPrivilege","EventData":"\u003cEventData xmlns=\"http://schemas.microsoft.com/win/2004/08/events/event\"\u003e\u003cData Name=\"SubjectUserSid\"\u003eS-1-5-21-1569727641-2518674866-3296776394-1104\u003c/Data\u003e\u003cData Name=\"SubjectUserName\"\u003epgustavo\u003c/Data\u003e\u003cData Name=\"SubjectDomainName\"\u003eMSSENTINEL\u003c/Data\u003e\u003cData Name=\"SubjectLogonId\"\u003e0x1572cfb8\u003c/Data\u003e\u003cData Name=\"PrivilegeList\"\u003eSeSecurityPrivilege\n\t\t\tSeBackupPrivilege\n\t\t\tSeRestorePrivilege\n\t\t\tSeTakeOwnershipPrivilege\n\t\t\tSeDebugPrivilege\n\t\t\tSeSystemEnvironmentPrivilege\n\t\t\tSeLoadDriverPrivilege\n\t\t\tSeImpersonatePrivilege\n\t\t\tSeDelegateSessionUserImpersonatePrivilege\n\t\t\tSeEnableDelegationPrivilege\u003c/Data\u003e\u003c/EventData\u003e","Task":"12548","SubjectUserSid":"S-1-5-21-1569727641-2518674866-3296776394-1104","SubjectUserName":"pgustavo","SubjectDomainName":"MSSENTINEL","SubjectLogonId":"0x1572cfb8","PrivilegeList":"SeSecurityPrivilege\n\t\t\tSeBackupPrivilege\n\t\t\tSeRestorePrivilege\n\t\t\tSeTakeOwnershipPrivilege\n\t\t\tSeDebugPrivilege\n\t\t\tSeSystemEnvironmentPrivilege\n\t\t\tSeLoadDriverPrivilege\n\t\t\tSeImpersonatePrivilege\n\t\t\tSeDelegateSessionUserImpersonatePrivilege\n\t\t\tSeEnableDelegationPrivilege"},{"Provider":"Microsoft-Windows-Security-Auditing","Provider":"Microsoft-Windows-Security-Auditing","ProviderGuid":"{54849625-5478-4994-a5ba-3e3b0328c30d}","Level":"0","Keywords":"0x8020000000000000","Channel":"Security","Computer":"DC01.mssentinel.local","TimeCreated":"2022-09-21T08:52:32.884Z","TimeGenerated":"2022-09-22T12:52:32.884Z","EventID":"4523962","EventID":4624,"Message":"An account was successfully logged on.\r\n\r\nSubject:\r\n\tSecurity ID:\t\tS-1-0-0\r\n\tAccount Name:\t\t-\r\n\tAccount Domain:\t\t-\r\n\tLogon ID:\t\t0x0\r\n\r\nLogon Information:\r\n\tLogon Type:\t\t3\r\n\tRestricted Admin Mode:\t-\r\n\tVirtual Account:\t\tNo\r\n\tElevated Token:\t\tYes\r\n\r\nImpersonation Level:\t\tIdentification\r\n\r\nNew Logon:\r\n\tSecurity ID:\t\tS-1-5-21-1569727641-2518674866-3296776394-1104\r\n\tAccount Name:\t\tpgustavo\r\n\tAccount Domain:\t\tMSSENTINEL.LOCAL\r\n\tLogon ID:\t\t0x1572CFB8\r\n\tLinked Logon ID:\t\t0x0\r\n\tNetwork Account Name:\t-\r\n\tNetwork Account Domain:\t-\r\n\tLogon GUID:\t\t{fada0eee-855b-d6a0-1ff3-342e3fb411d2}\r\n\r\nProcess Information:\r\n\tProcess ID:\t\t0x0\r\n\tProcess Name:\t\t-\r\n\r\nNetwork Information:\r\n\tWorkstation Name:\t-\r\n\tSource Network Address:\t192.168.2.6\r\n\tSource Port:\t\t49948\r\n\r\nDetailed Authentication Information:\r\n\tLogon Process:\t\tKerberos\r\n\tAuthentication Package:\tKerberos\r\n\tTransited Services:\t-\r\n\tPackage Name (NTLM only):\t-\r\n\tKey Length:\t\t0\r\n\r\nThis event is generated when a logon session is created. It is generated on the computer that was accessed.\r\n\r\nThe subject fields indicate the account on the local system which requested the logon. This is most commonly a service such as the Server service, or a local process such as Winlogon.exe or Services.exe.\r\n\r\nThe logon type field indicates the kind of logon that occurred. The most common types are 2 (interactive) and 3 (network).\r\n\r\nThe New Logon fields indicate the account for whom the new logon was created, i.e. the account that was logged on.\r\n\r\nThe network fields indicate where a remote logon request originated. Workstation name is not always available and may be left blank in some cases.\r\n\r\nThe impersonation level field indicates the extent to which a process in the logon session can impersonate.\r\n\r\nThe authentication information fields provide detailed information about this specific logon request.\r\n\t- Logon GUID is a unique identifier that can be used to correlate this event with a KDC event.\r\n\t- Transited services indicate which intermediate services have participated in this logon request.\r\n\t- Package name indicates which sub-Computer was used among the NTLM Computers.\r\n\t- Key length indicates the length of the generated session key. This will be 0 if no session key was requested.","EventData":"\u003cEventData xmlns=\"http://schemas.microsoft.com/win/2004/08/events/event\"\u003e\u003cData Name=\"SubjectUserSid\"\u003eS-1-0-0\u003c/Data\u003e\u003cData Name=\"SubjectUserName\"\u003e-\u003c/Data\u003e\u003cData Name=\"SubjectDomainName\"\u003e-\u003c/Data\u003e\u003cData Name=\"SubjectLogonId\"\u003e0x0\u003c/Data\u003e\u003cData Name=\"TargetUserSid\"\u003eS-1-5-21-1569727641-2518674866-3296776394-1104\u003c/Data\u003e\u003cData Name=\"TargetUserName\"\u003epgustavo\u003c/Data\u003e\u003cData Name=\"TargetDomainName\"\u003eMSSENTINEL.LOCAL\u003c/Data\u003e\u003cData Name=\"TargetLogonId\"\u003e0x1572cfb8\u003c/Data\u003e\u003cData Name=\"LogonType\"\u003e3\u003c/Data\u003e\u003cData Name=\"LogonProcessName\"\u003eKerberos\u003c/Data\u003e\u003cData Name=\"AuthenticationPackageName\"\u003eKerberos\u003c/Data\u003e\u003cData Name=\"WorkstationName\"\u003e-\u003c/Data\u003e\u003cData Name=\"LogonGuid\"\u003e{fada0eee-855b-d6a0-1ff3-342e3fb411d2}\u003c/Data\u003e\u003cData Name=\"TransmittedServices\"\u003e-\u003c/Data\u003e\u003cData Name=\"LmPackageName\"\u003e-\u003c/Data\u003e\u003cData Name=\"KeyLength\"\u003e0\u003c/Data\u003e\u003cData Name=\"ProcessId\"\u003e0x0\u003c/Data\u003e\u003cData Name=\"ProcessName\"\u003e-\u003c/Data\u003e\u003cData Name=\"IpAddress\"\u003e192.168.2.6\u003c/Data\u003e\u003cData Name=\"IpPort\"\u003e49948\u003c/Data\u003e\u003cData Name=\"ImpersonationLevel\"\u003e%%1832\u003c/Data\u003e\u003cData Name=\"RestrictedAdminMode\"\u003e-\u003c/Data\u003e\u003cData Name=\"TargetOutboundUserName\"\u003e-\u003c/Data\u003e\u003cData Name=\"TargetOutboundDomainName\"\u003e-\u003c/Data\u003e\u003cData Name=\"VirtualAccount\"\u003e%%1843\u003c/Data\u003e\u003cData Name=\"TargetLinkedLogonId\"\u003e0x0\u003c/Data\u003e\u003cData Name=\"ElevatedToken\"\u003e%%1842\u003c/Data\u003e\u003c/EventData\u003e","Task":"12544","SubjectUserSid":"S-1-0-0","SubjectUserName":"-","SubjectDomainName":"-","SubjectLogonId":"0x0","TargetUserSid":"S-1-5-21-1569727641-2518674866-3296776394-1104","TargetUserName":"pgustavo","TargetDomainName":"MSSENTINEL.LOCAL","TargetLogonId":"0x1572cfb8","LogonType":3,"LogonProcessName":"Kerberos","AuthenticationPackageName":"Kerberos","WorkstationName":"-","LogonGuid":"{fada0eee-855b-d6a0-1ff3-342e3fb411d2}","TransmittedServices":"-","LmPackageName":"-","KeyLength":0,"ProcessId":"0x0","ProcessName":"-","IpAddress":"192.168.2.6","IpPort":"49948","ImpersonationLevel":"%%1832","RestrictedAdminMode":"-","TargetOutboundUserName":"-","TargetOutboundDomainName":"-","VirtualAccount":"%%1843","TargetLinkedLogonId":"0x0","ElevatedToken":"%%1842"},{"Provider":"Microsoft-Windows-Security-Auditing","Provider":"Microsoft-Windows-Security-Auditing","ProviderGuid":"{54849625-5478-4994-a5ba-3e3b0328c30d}","Level":"0","Keywords":"0x8020000000000000","Channel":"Security","Computer":"DC01.mssentinel.local","TimeCreated":"2022-09-21T08:52:32.884Z","TimeGenerated":"2022-09-22T12:52:32.884Z","EventID":"4523963","EventID":4627,"Message":"Group membership information.\r\n\r\nSubject:\r\n\tSecurity ID:\t\tS-1-0-0\r\n\tAccount Name:\t\t-\r\n\tAccount Domain:\t\t-\r\n\tLogon ID:\t\t0x0\r\n\r\nLogon Type:\t\t\t3\r\n\r\nNew Logon:\r\n\tSecurity ID:\t\tS-1-5-21-1569727641-2518674866-3296776394-1104\r\n\tAccount Name:\t\tpgustavo\r\n\tAccount Domain:\t\tMSSENTINEL.LOCAL\r\n\tLogon ID:\t\t0x1572CFB8\r\n\r\nEvent in sequence:\t\t1 of 1\r\n\r\nGroup Membership:\t\t\t\r\n\t\t%{S-1-5-21-1569727641-2518674866-3296776394-513}\r\n\t\t%{S-1-1-0}\r\n\t\t%{S-1-5-32-545}\r\n\t\t%{S-1-5-32-554}\r\n\t\t%{S-1-5-32-555}\r\n\t\t%{S-1-5-32-574}\r\n\t\t%{S-1-5-32-544}\r\n\t\t%{S-1-5-2}\r\n\t\t%{S-1-5-11}\r\n\t\t%{S-1-5-15}\r\n\t\t%{S-1-5-21-1569727641-2518674866-3296776394-512}\r\n\t\t%{S-1-5-21-1569727641-2518674866-3296776394-518}\r\n\t\t%{S-1-5-21-1569727641-2518674866-3296776394-519}\r\n\t\t%{S-1-18-1}\r\n\t\t%{S-1-5-21-1569727641-2518674866-3296776394-572}\r\n\t\t%{S-1-16-12288}\r\n\r\nThe subject fields indicate the account on the local system which requested the logon. This is most commonly a service such as the Server service, or a local process such as Winlogon.exe or Services.exe.\r\n\r\nThe logon type field indicates the kind of logon that occurred. The most common types are 2 (interactive) and 3 (network).\r\n\r\nThe New Logon fields indicate the account for whom the new logon was created, i.e. the account that was logged on.\r\n\r\nThis event is generated when the Audit Group Membership subcategory is configured.  The Logon ID field can be used to correlate this event with the corresponding user logon event as well as to any other security audit events generated during this logon session.","EventData":"\u003cEventData xmlns=\"http://schemas.microsoft.com/win/2004/08/events/event\"\u003e\u003cData Name=\"SubjectUserSid\"\u003eS-1-0-0\u003c/Data\u003e\u003cData Name=\"SubjectUserName\"\u003e-\u003c/Data\u003e\u003cData Name=\"SubjectDomainName\"\u003e-\u003c/Data\u003e\u003cData Name=\"SubjectLogonId\"\u003e0x0\u003c/Data\u003e\u003cData Name=\"TargetUserSid\"\u003eS-1-5-21-1569727641-2518674866-3296776394-1104\u003c/Data\u003e\u003cData Name=\"TargetUserName\"\u003epgustavo\u003c/Data\u003e\u003cData Name=\"TargetDomainName\"\u003eMSSENTINEL.LOCAL\u003c/Data\u003e\u003cData Name=\"TargetLogonId\"\u003e0x1572cfb8\u003c/Data\u003e\u003cData Name=\"LogonType\"\u003e3\u003c/Data\u003e\u003cData Name=\"EventIdx\"\u003e1\u003c/Data\u003e\u003cData Name=\"EventCountTotal\"\u003e1\u003c/Data\u003e\u003cData Name=\"GroupMembership\"\u003e\n\t\t%{S-1-5-21-1569727641-2518674866-3296776394-513}\n\t\t%{S-1-1-0}\n\t\t%{S-1-5-32-545}\n\t\t%{S-1-5-32-554}\n\t\t%{S-1-5-32-555}\n\t\t%{S-1-5-32-574}\n\t\t%{S-1-5-32-544}\n\t\t%{S-1-5-2}\n\t\t%{S-1-5-11}\n\t\t%{S-1-5-15}\n\t\t%{S-1-5-21-1569727641-2518674866-3296776394-512}\n\t\t%{S-1-5-21-1569727641-2518674866-3296776394-518}\n\t\t%{S-1-5-21-1569727641-2518674866-3296776394-519}\n\t\t%{S-1-18-1}\n\t\t%{S-1-5-21-1569727641-2518674866-3296776394-572}\n\t\t%{S-1-16-12288}\u003c/Data\u003e\u003c/EventData\u003e","Task":"12554","SubjectUserSid":"S-1-0-0","SubjectUserName":"-","SubjectDomainName":"-","SubjectLogonId":"0x0","TargetUserSid":"S-1-5-21-1569727641-2518674866-3296776394-1104","TargetUserName":"pgustavo","TargetDomainName":"MSSENTINEL.LOCAL","TargetLogonId":"0x1572cfb8","LogonType":3,"EventIdx":"1","EventCountTotal":"1","GroupMembership":"\n\t\t%{S-1-5-21-1569727641-2518674866-3296776394-513}\n\t\t%{S-1-1-0}\n\t\t%{S-1-5-32-545}\n\t\t%{S-1-5-32-554}\n\t\t%{S-1-5-32-555}\n\t\t%{S-1-5-32-574}\n\t\t%{S-1-5-32-544}\n\t\t%{S-1-5-2}\n\t\t%{S-1-5-11}\n\t\t%{S-1-5-15}\n\t\t%{S-1-5-21-1569727641-2518674866-3296776394-512}\n\t\t%{S-1-5-21-1569727641-2518674866-3296776394-518}\n\t\t%{S-1-5-21-1569727641-2518674866-3296776394-519}\n\t\t%{S-1-18-1}\n\t\t%{S-1-5-21-1569727641-2518674866-3296776394-572}\n\t\t%{S-1-16-12288}"},{"Provider":"Microsoft-Windows-Security-Auditing","Provider":"Microsoft-Windows-Security-Auditing","ProviderGuid":"{54849625-5478-4994-a5ba-3e3b0328c30d}","Level":"0","Keywords":"0x8020000000000000","Channel":"Security","Computer":"DC01.mssentinel.local","TimeCreated":"2022-09-21T08:52:32.890Z","TimeGenerated":"2022-09-22T12:52:32.890Z","EventID":"4523964","EventID":4690,"Message":"An attempt was made to duplicate a handle to an object.\r\n\r\nSubject:\r\n\tSecurity ID:\t\tS-1-5-18\r\n\tAccount Name:\t\tDC01$\r\n\tAccount Domain:\t\tMSSENTINEL\r\n\tLogon ID:\t\t0x3E7\r\n\r\nSource Handle Information:\r\n\tSource Handle ID:\t0x29c4\r\n\tSource Process ID:\t0x2b4\r\n\r\nNew Handle Information:\r\n\tTarget Handle ID:\t0x233c\r\n\tTarget Process ID:\t0x4","EventData":"\u003cEventData xmlns=\"http://schemas.microsoft.com/win/2004/08/events/event\"\u003e\u003cData Name=\"SubjectUserSid\"\u003eS-1-5-18\u003c/Data\u003e\u003cData Name=\"SubjectUserName\"\u003eDC01$\u003c/Data\u003e\u003cData Name=\"SubjectDomainName\"\u003eMSSENTINEL\u003c/Data\u003e\u003cData Name=\"SubjectLogonId\"\u003e0x3e7\u003c/Data\u003e\u003cData Name=\"SourceHandleId\"\u003e0x29c4\u003c/Data\u003e\u003cData Name=\"SourceProcessId\"\u003e0x2b4\u003c/Data\u003e\u003cData Name=\"TargetHandleId\"\u003e0x233c\u003c/Data\u003e\u003cData Name=\"TargetProcessId\"\u003e0x4\u003c/Data\u003e\u003c/EventData\u003e","Task":"12807","SubjectUserSid":"S-1-5-18","SubjectUserName":"DC01$","SubjectDomainName":"MSSENTINEL","SubjectLogonId":"0x3e7","SourceHandleId":"0x29c4","SourceProcessId":"0x2b4","TargetHandleId":"0x233c","TargetProcessId":"0x4"},