[{"Provider":"Microsoft-Windows-Security-Auditing","Provider":"Microsoft-Windows-Security-Auditing","ProviderGuid":"{54849625-5478-4994-a5ba-3e3b0328c30d}","Level":"0","Keywords":"0x8020000000000000","Channel":"Security","Computer":"DC01.mssentinel.local","TimeCreated":"2022-09-21T08:52:25.104Z","TimeGenerated":"2022-09-22T12:52:25.104Z","EventID":"4523906","EventID":5156,"Message":"The Windows Filtering Platform has permitted a connection.\r\n\r\nApplication Information:\r\n\tProcess ID:\t\t3288\r\n\tApplication Name:\t\\device\\harddiskvolume2\\windows\\system32\\dns.exe\r\n\r\nNetwork Information:\r\n\tDirection:\t\tInbound\r\n\tSource Address:\t\t192.168.2.5\r\n\tSource Port:\t\t56604\r\n\tDestination Address:\t192.168.2.4\r\n\tDestination Port:\t\t53\r\n\tComputer:\t\t17\r\n\r\nFilter Information:\r\n\tFilter Run-Time ID:\t68644\r\n\tLayer Name:\t\tReceive/Accept\r\n\tLayer Run-Time ID:\t44","EventData":"\u003cEventData xmlns=\"http://schemas.microsoft.com/win/2004/08/events/event\"\u003e\u003cData Name=\"ProcessID\"\u003e3288\u003c/Data\u003e\u003cData Name=\"Application\"\u003e\\device\\harddiskvolume2\\windows\\system32\\dns.exe\u003c/Data\u003e\u003cData Name=\"Direction\"\u003e%%14592\u003c/Data\u003e\u003cData Name=\"SourceAddress\"\u003e192.168.2.5\u003c/Data\u003e\u003cData Name=\"SourcePort\"\u003e56604\u003c/Data\u003e\u003cData Name=\"DestAddress\"\u003e192.168.2.4\u003c/Data\u003e\u003cData Name=\"DestPort\"\u003e53\u003c/Data\u003e\u003cData Name=\"Computer\"\u003e17\u003c/Data\u003e\u003cData Name=\"FilterRTID\"\u003e68644\u003c/Data\u003e\u003cData Name=\"LayerName\"\u003e%%14610\u003c/Data\u003e\u003cData Name=\"LayerRTID\"\u003e44\u003c/Data\u003e\u003cData Name=\"RemoteUserID\"\u003eS-1-0-0\u003c/Data\u003e\u003cData Name=\"RemoteMachineID\"\u003eS-1-0-0\u003c/Data\u003e\u003c/EventData\u003e","Task":"12810","ProcessID":"3288","Application":"\\device\\harddiskvolume2\\windows\\system32\\dns.exe","Direction":"%%14592","SourceAddress":"192.168.2.5","SourcePort":"56604","DestAddress":"192.168.2.4","DestPort":"53","Computer":"17","FilterRTID":"68644","LayerName":"%%14610","LayerRTID":"44","RemoteUserID":"S-1-0-0","RemoteMachineID":"S-1-0-0"},{"Provider":"Microsoft-Windows-Security-Auditing","Provider":"Microsoft-Windows-Security-Auditing","ProviderGuid":"{54849625-5478-4994-a5ba-3e3b0328c30d}","Level":"0","Keywords":"0x8020000000000000","Channel":"Security","Computer":"DC01.mssentinel.local","TimeCreated":"2022-09-21T08:52:25.312Z","TimeGenerated":"2022-09-22T12:52:25.312Z","EventID":"4523907","EventID":5158,"Message":"The Windows Filtering Platform has permitted a bind to a local port.\r\n\r\nApplication Information:\r\n\tProcess ID:\t\t3240\r\n\tApplication Name:\t\\device\\harddiskvolume2\\windows\\adws\\microsoft.activedirectory.webservices.exe\r\n\r\nNetwork Information:\r\n\tSource Address:\t\t::\r\n\tSource Port:\t\t49760\r\n\tComputer:\t\t6\r\n\r\nFilter Information:\r\n\tFilter Run-Time ID:\t0\r\n\tLayer Name:\t\tResource Assignment\r\n\tLayer Run-Time ID:\t38","EventData":"\u003cEventData xmlns=\"http://schemas.microsoft.com/win/2004/08/events/event\"\u003e\u003cData Name=\"ProcessId\"\u003e3240\u003c/Data\u003e\u003cData Name=\"Application\"\u003e\\device\\harddiskvolume2\\windows\\adws\\microsoft.activedirectory.webservices.exe\u003c/Data\u003e\u003cData Name=\"SourceAddress\"\u003e::\u003c/Data\u003e\u003cData Name=\"SourcePort\"\u003e49760\u003c/Data\u003e\u003cData Name=\"Computer\"\u003e6\u003c/Data\u003e\u003cData Name=\"FilterRTID\"\u003e0\u003c/Data\u003e\u003cData Name=\"LayerName\"\u003e%%14608\u003c/Data\u003e\u003cData Name=\"LayerRTID\"\u003e38\u003c/Data\u003e\u003c/EventData\u003e","Task":"12810","ProcessId":"3240","Application":"\\device\\harddiskvolume2\\windows\\adws\\microsoft.activedirectory.webservices.exe","SourceAddress":"::","SourcePort":"49760","Computer":"6","FilterRTID":"0","LayerName":"%%14608","LayerRTID":"38"},{"Provider":"Microsoft-Windows-Security-Auditing","Provider":"Microsoft-Windows-Security-Auditing","ProviderGuid":"{54849625-5478-4994-a5ba-3e3b0328c30d}","Level":"0","Keywords":"0x8020000000000000","Channel":"Security","Computer":"DC01.mssentinel.local","TimeCreated":"2022-09-21T08:52:25.312Z","TimeGenerated":"2022-09-22T12:52:25.312Z","EventID":"4523908","EventID":5156,"Message":"The Windows Filtering Platform has permitted a connection.\r\n\r\nApplication Information:\r\n\tProcess ID:\t\t3240\r\n\tApplication Name:\t\\device\\harddiskvolume2\\windows\\adws\\microsoft.activedirectory.webservices.exe\r\n\r\nNetwork Information:\r\n\tDirection:\t\tOutbound\r\n\tSource Address:\t\t::1\r\n\tSource Port:\t\t49760\r\n\tDestination Address:\t::1\r\n\tDestination Port:\t\t389\r\n\tComputer:\t\t6\r\n\r\nFilter Information:\r\n\tFilter Run-Time ID:\t65893\r\n\tLayer Name:\t\tConnect\r\n\tLayer Run-Time ID:\t50","EventData":"\u003cEventData xmlns=\"http://schemas.microsoft.com/win/2004/08/events/event\"\u003e\u003cData Name=\"ProcessID\"\u003e3240\u003c/Data\u003e\u003cData Name=\"Application\"\u003e\\device\\harddiskvolume2\\windows\\adws\\microsoft.activedirectory.webservices.exe\u003c/Data\u003e\u003cData Name=\"Direction\"\u003e%%14593\u003c/Data\u003e\u003cData Name=\"SourceAddress\"\u003e::1\u003c/Data\u003e\u003cData Name=\"SourcePort\"\u003e49760\u003c/Data\u003e\u003cData Name=\"DestAddress\"\u003e::1\u003c/Data\u003e\u003cData Name=\"DestPort\"\u003e389\u003c/Data\u003e\u003cData Name=\"Computer\"\u003e6\u003c/Data\u003e\u003cData Name=\"FilterRTID\"\u003e65893\u003c/Data\u003e\u003cData Name=\"LayerName\"\u003e%%14611\u003c/Data\u003e\u003cData Name=\"LayerRTID\"\u003e50\u003c/Data\u003e\u003cData Name=\"RemoteUserID\"\u003eS-1-0-0\u003c/Data\u003e\u003cData Name=\"RemoteMachineID\"\u003eS-1-0-0\u003c/Data\u003e\u003c/EventData\u003e","Task":"12810","ProcessID":"3240","Application":"\\device\\harddiskvolume2\\windows\\adws\\microsoft.activedirectory.webservices.exe","Direction":"%%14593","SourceAddress":"::1","SourcePort":"49760","DestAddress":"::1","DestPort":"389","Computer":"6","FilterRTID":"65893","LayerName":"%%14611","LayerRTID":"50","RemoteUserID":"S-1-0-0","RemoteMachineID":"S-1-0-0"},{"Provider":"Microsoft-Windows-Security-Auditing","Provider":"Microsoft-Windows-Security-Auditing","ProviderGuid":"{54849625-5478-4994-a5ba-3e3b0328c30d}","Level":"0","Keywords":"0x8020000000000000","Channel":"Security","Computer":"DC01.mssentinel.local","TimeCreated":"2022-09-21T08:52:25.312Z","TimeGenerated":"2022-09-22T12:52:25.312Z","EventID":"4523909","EventID":5156,"Message":"The Windows Filtering Platform has permitted a connection.\r\n\r\nApplication Information:\r\n\tProcess ID:\t\t692\r\n\tApplication Name:\t\\device\\harddiskvolume2\\windows\\system32\\lsass.exe\r\n\r\nNetwork Information:\r\n\tDirection:\t\tInbound\r\n\tSource Address:\t\t::1\r\n\tSource Port:\t\t49760\r\n\tDestination Address:\t::1\r\n\tDestination Port:\t\t389\r\n\tComputer:\t\t6\r\n\r\nFilter Information:\r\n\tFilter Run-Time ID:\t65891\r\n\tLayer Name:\t\tReceive/Accept\r\n\tLayer Run-Time ID:\t46","EventData":"\u003cEventData xmlns=\"http://schemas.microsoft.com/win/2004/08/events/event\"\u003e\u003cData Name=\"ProcessID\"\u003e692\u003c/Data\u003e\u003cData Name=\"Application\"\u003e\\device\\harddiskvolume2\\windows\\system32\\lsass.exe\u003c/Data\u003e\u003cData Name=\"Direction\"\u003e%%14592\u003c/Data\u003e\u003cData Name=\"SourceAddress\"\u003e::1\u003c/Data\u003e\u003cData Name=\"SourcePort\"\u003e49760\u003c/Data\u003e\u003cData Name=\"DestAddress\"\u003e::1\u003c/Data\u003e\u003cData Name=\"DestPort\"\u003e389\u003c/Data\u003e\u003cData Name=\"Computer\"\u003e6\u003c/Data\u003e\u003cData Name=\"FilterRTID\"\u003e65891\u003c/Data\u003e\u003cData Name=\"LayerName\"\u003e%%14610\u003c/Data\u003e\u003cData Name=\"LayerRTID\"\u003e46\u003c/Data\u003e\u003cData Name=\"RemoteUserID\"\u003eS-1-0-0\u003c/Data\u003e\u003cData Name=\"RemoteMachineID\"\u003eS-1-0-0\u003c/Data\u003e\u003c/EventData\u003e","Task":"12810","ProcessID":"692","Application":"\\device\\harddiskvolume2\\windows\\system32\\lsass.exe","Direction":"%%14592","SourceAddress":"::1","SourcePort":"49760","DestAddress":"::1","DestPort":"389","Computer":"6","FilterRTID":"65891","LayerName":"%%14610","LayerRTID":"46","RemoteUserID":"S-1-0-0","RemoteMachineID":"S-1-0-0"},{"Provider":"Microsoft-Windows-Security-Auditing","Provider":"Microsoft-Windows-Security-Auditing","ProviderGuid":"{54849625-5478-4994-a5ba-3e3b0328c30d}","Level":"0","Keywords":"0x8020000000000000","Channel":"Security","Computer":"DC01.mssentinel.local","TimeCreated":"2022-09-21T08:52:25.313Z","TimeGenerated":"2022-09-22T12:52:25.313Z","EventID":"4523910","EventID":4672,"Message":"Special privileges assigned to new logon.\r\n\r\nSubject:\r\n\tSecurity ID:\t\tS-1-5-18\r\n\tAccount Name:\t\tDC01$\r\n\tAccount Domain:\t\tMSSENTINEL\r\n\tLogon ID:\t\t0x1572C0F0\r\n\r\nPrivileges:\t\tSeSecurityPrivilege\r\n\t\t\tSeBackupPrivilege\r\n\t\t\tSeRestorePrivilege\r\n\t\t\tSeTakeOwnershipPrivilege\r\n\t\t\tSeDebugPrivilege\r\n\t\t\tSeSystemEnvironmentPrivilege\r\n\t\t\tSeLoadDriverPrivilege\r\n\t\t\tSeImpersonatePrivilege\r\n\t\t\tSeDelegateSessionUserImpersonatePrivilege\r\n\t\t\tSeEnableDelegationPrivilege","EventData":"\u003cEventData xmlns=\"http://schemas.microsoft.com/win/2004/08/events/event\"\u003e\u003cData Name=\"SubjectUserSid\"\u003eS-1-5-18\u003c/Data\u003e\u003cData Name=\"SubjectUserName\"\u003eDC01$\u003c/Data\u003e\u003cData Name=\"SubjectDomainName\"\u003eMSSENTINEL\u003c/Data\u003e\u003cData Name=\"SubjectLogonId\"\u003e0x1572c0f0\u003c/Data\u003e\u003cData Name=\"PrivilegeList\"\u003eSeSecurityPrivilege\n\t\t\tSeBackupPrivilege\n\t\t\tSeRestorePrivilege\n\t\t\tSeTakeOwnershipPrivilege\n\t\t\tSeDebugPrivilege\n\t\t\tSeSystemEnvironmentPrivilege\n\t\t\tSeLoadDriverPrivilege\n\t\t\tSeImpersonatePrivilege\n\t\t\tSeDelegateSessionUserImpersonatePrivilege\n\t\t\tSeEnableDelegationPrivilege\u003c/Data\u003e\u003c/EventData\u003e","Task":"12548","SubjectUserSid":"S-1-5-18","SubjectUserName":"DC01$","SubjectDomainName":"MSSENTINEL","SubjectLogonId":"0x1572c0f0","PrivilegeList":"SeSecurityPrivilege\n\t\t\tSeBackupPrivilege\n\t\t\tSeRestorePrivilege\n\t\t\tSeTakeOwnershipPrivilege\n\t\t\tSeDebugPrivilege\n\t\t\tSeSystemEnvironmentPrivilege\n\t\t\tSeLoadDriverPrivilege\n\t\t\tSeImpersonatePrivilege\n\t\t\tSeDelegateSessionUserImpersonatePrivilege\n\t\t\tSeEnableDelegationPrivilege"},{"Provider":"Microsoft-Windows-Security-Auditing","Provider":"Microsoft-Windows-Security-Auditing","ProviderGuid":"{54849625-5478-4994-a5ba-3e3b0328c30d}","Level":"0","Keywords":"0x8020000000000000","Channel":"Security","Computer":"DC01.mssentinel.local","TimeCreated":"2022-09-21T08:52:25.314Z","TimeGenerated":"2022-09-22T12:52:25.314Z","EventID":"4523911","EventID":4624,"Message":"An account was successfully logged on.\r\n\r\nSubject:\r\n\tSecurity ID:\t\tS-1-0-0\r\n\tAccount Name:\t\t-\r\n\tAccount Domain:\t\t-\r\n\tLogon ID:\t\t0x0\r\n\r\nLogon Information:\r\n\tLogon Type:\t\t3\r\n\tRestricted Admin Mode:\t-\r\n\tVirtual Account:\t\tNo\r\n\tElevated Token:\t\tYes\r\n\r\nImpersonation Level:\t\tImpersonation\r\n\r\nNew Logon:\r\n\tSecurity ID:\t\tS-1-5-18\r\n\tAccount Name:\t\tDC01$\r\n\tAccount Domain:\t\tMSSENTINEL.LOCAL\r\n\tLogon ID:\t\t0x1572C0F0\r\n\tLinked Logon ID:\t\t0x0\r\n\tNetwork Account Name:\t-\r\n\tNetwork Account Domain:\t-\r\n\tLogon GUID:\t\t{f7a4c34d-d85e-46e6-f864-f093865e3134}\r\n\r\nProcess Information:\r\n\tProcess ID:\t\t0x0\r\n\tProcess Name:\t\t-\r\n\r\nNetwork Information:\r\n\tWorkstation Name:\t-\r\n\tSource Network Address:\t::1\r\n\tSource Port:\t\t49760\r\n\r\nDetailed Authentication Information:\r\n\tLogon Process:\t\tKerberos\r\n\tAuthentication Package:\tKerberos\r\n\tTransited Services:\t-\r\n\tPackage Name (NTLM only):\t-\r\n\tKey Length:\t\t0\r\n\r\nThis event is generated when a logon session is created. It is generated on the computer that was accessed.\r\n\r\nThe subject fields indicate the account on the local system which requested the logon. This is most commonly a service such as the Server service, or a local process such as Winlogon.exe or Services.exe.\r\n\r\nThe logon type field indicates the kind of logon that occurred. The most common types are 2 (interactive) and 3 (network).\r\n\r\nThe New Logon fields indicate the account for whom the new logon was created, i.e. the account that was logged on.\r\n\r\nThe network fields indicate where a remote logon request originated. Workstation name is not always available and may be left blank in some cases.\r\n\r\nThe impersonation level field indicates the extent to which a process in the logon session can impersonate.\r\n\r\nThe authentication information fields provide detailed information about this specific logon request.\r\n\t- Logon GUID is a unique identifier that can be used to correlate this event with a KDC event.\r\n\t- Transited services indicate which intermediate services have participated in this logon request.\r\n\t- Package name indicates which sub-Computer was used among the NTLM Computers.\r\n\t- Key length indicates the length of the generated session key. This will be 0 if no session key was requested.","EventData":"\u003cEventData xmlns=\"http://schemas.microsoft.com/win/2004/08/events/event\"\u003e\u003cData Name=\"SubjectUserSid\"\u003eS-1-0-0\u003c/Data\u003e\u003cData Name=\"SubjectUserName\"\u003e-\u003c/Data\u003e\u003cData Name=\"SubjectDomainName\"\u003e-\u003c/Data\u003e\u003cData Name=\"SubjectLogonId\"\u003e0x0\u003c/Data\u003e\u003cData Name=\"TargetUserSid\"\u003eS-1-5-18\u003c/Data\u003e\u003cData Name=\"TargetUserName\"\u003eDC01$\u003c/Data\u003e\u003cData Name=\"TargetDomainName\"\u003eMSSENTINEL.LOCAL\u003c/Data\u003e\u003cData Name=\"TargetLogonId\"\u003e0x1572c0f0\u003c/Data\u003e\u003cData Name=\"LogonType\"\u003e3\u003c/Data\u003e\u003cData Name=\"LogonProcessName\"\u003eKerberos\u003c/Data\u003e\u003cData Name=\"AuthenticationPackageName\"\u003eKerberos\u003c/Data\u003e\u003cData Name=\"WorkstationName\"\u003e-\u003c/Data\u003e\u003cData Name=\"LogonGuid\"\u003e{f7a4c34d-d85e-46e6-f864-f093865e3134}\u003c/Data\u003e\u003cData Name=\"TransmittedServices\"\u003e-\u003c/Data\u003e\u003cData Name=\"LmPackageName\"\u003e-\u003c/Data\u003e\u003cData Name=\"KeyLength\"\u003e0\u003c/Data\u003e\u003cData Name=\"ProcessId\"\u003e0x0\u003c/Data\u003e\u003cData Name=\"ProcessName\"\u003e-\u003c/Data\u003e\u003cData Name=\"IpAddress\"\u003e::1\u003c/Data\u003e\u003cData Name=\"IpPort\"\u003e49760\u003c/Data\u003e\u003cData Name=\"ImpersonationLevel\"\u003e%%1833\u003c/Data\u003e\u003cData Name=\"RestrictedAdminMode\"\u003e-\u003c/Data\u003e\u003cData Name=\"TargetOutboundUserName\"\u003e-\u003c/Data\u003e\u003cData Name=\"TargetOutboundDomainName\"\u003e-\u003c/Data\u003e\u003cData Name=\"VirtualAccount\"\u003e%%1843\u003c/Data\u003e\u003cData Name=\"TargetLinkedLogonId\"\u003e0x0\u003c/Data\u003e\u003cData Name=\"ElevatedToken\"\u003e%%1842\u003c/Data\u003e\u003c/EventData\u003e","Task":"12544","SubjectUserSid":"S-1-0-0","SubjectUserName":"-","SubjectDomainName":"-","SubjectLogonId":"0x0","TargetUserSid":"S-1-5-18","TargetUserName":"DC01$","TargetDomainName":"MSSENTINEL.LOCAL","TargetLogonId":"0x1572c0f0","LogonType":3,"LogonProcessName":"Kerberos","AuthenticationPackageName":"Kerberos","WorkstationName":"-","LogonGuid":"{f7a4c34d-d85e-46e6-f864-f093865e3134}","TransmittedServices":"-","LmPackageName":"-","KeyLength":0,"ProcessId":"0x0","ProcessName":"-","IpAddress":"::1","IpPort":"49760","ImpersonationLevel":"%%1833","RestrictedAdminMode":"-","TargetOutboundUserName":"-","TargetOutboundDomainName":"-","VirtualAccount":"%%1843","TargetLinkedLogonId":"0x0","ElevatedToken":"%%1842"},{"Provider":"Microsoft-Windows-Security-Auditing","Provider":"Microsoft-Windows-Security-Auditing","ProviderGuid":"{54849625-5478-4994-a5ba-3e3b0328c30d}","Level":"0","Keywords":"0x8020000000000000","Channel":"Security","Computer":"DC01.mssentinel.local","TimeCreated":"2022-09-21T08:52:25.314Z","TimeGenerated":"2022-09-22T12:52:25.314Z","EventID":"4523912","EventID":4627,"Message":"Group membership information.\r\n\r\nSubject:\r\n\tSecurity ID:\t\tS-1-0-0\r\n\tAccount Name:\t\t-\r\n\tAccount Domain:\t\t-\r\n\tLogon ID:\t\t0x0\r\n\r\nLogon Type:\t\t\t3\r\n\r\nNew Logon:\r\n\tSecurity ID:\t\tS-1-5-18\r\n\tAccount Name:\t\tDC01$\r\n\tAccount Domain:\t\tMSSENTINEL.LOCAL\r\n\tLogon ID:\t\t0x1572C0F0\r\n\r\nEvent in sequence:\t\t1 of 1\r\n\r\nGroup Membership:\t\t\t\r\n\t\t%{S-1-5-32-544}\r\n\t\t%{S-1-1-0}\r\n\t\t%{S-1-5-32-554}\r\n\t\t%{S-1-5-32-545}\r\n\t\t%{S-1-5-32-555}\r\n\t\t%{S-1-5-32-574}\r\n\t\t%{S-1-5-32-560}\r\n\t\t%{S-1-5-2}\r\n\t\t%{S-1-5-11}\r\n\t\t%{S-1-5-15}\r\n\t\t%{S-1-5-21-1569727641-2518674866-3296776394-1000}\r\n\t\t%{S-1-5-21-1569727641-2518674866-3296776394-516}\r\n\t\t%{S-1-5-9}\r\n\t\t%{S-1-18-1}\r\n\t\t%{S-1-5-21-1569727641-2518674866-3296776394-572}\r\n\t\t%{S-1-5-21-1569727641-2518674866-3296776394-517}\r\n\t\t%{S-1-16-16384}\r\n\r\nThe subject fields indicate the account on the local system which requested the logon. This is most commonly a service such as the Server service, or a local process such as Winlogon.exe or Services.exe.\r\n\r\nThe logon type field indicates the kind of logon that occurred. The most common types are 2 (interactive) and 3 (network).\r\n\r\nThe New Logon fields indicate the account for whom the new logon was created, i.e. the account that was logged on.\r\n\r\nThis event is generated when the Audit Group Membership subcategory is configured.  The Logon ID field can be used to correlate this event with the corresponding user logon event as well as to any other security audit events generated during this logon session.","EventData":"\u003cEventData xmlns=\"http://schemas.microsoft.com/win/2004/08/events/event\"\u003e\u003cData Name=\"SubjectUserSid\"\u003eS-1-0-0\u003c/Data\u003e\u003cData Name=\"SubjectUserName\"\u003e-\u003c/Data\u003e\u003cData Name=\"SubjectDomainName\"\u003e-\u003c/Data\u003e\u003cData Name=\"SubjectLogonId\"\u003e0x0\u003c/Data\u003e\u003cData Name=\"TargetUserSid\"\u003eS-1-5-18\u003c/Data\u003e\u003cData Name=\"TargetUserName\"\u003eDC01$\u003c/Data\u003e\u003cData Name=\"TargetDomainName\"\u003eMSSENTINEL.LOCAL\u003c/Data\u003e\u003cData Name=\"TargetLogonId\"\u003e0x1572c0f0\u003c/Data\u003e\u003cData Name=\"LogonType\"\u003e3\u003c/Data\u003e\u003cData Name=\"EventIdx\"\u003e1\u003c/Data\u003e\u003cData Name=\"EventCountTotal\"\u003e1\u003c/Data\u003e\u003cData Name=\"GroupMembership\"\u003e\n\t\t%{S-1-5-32-544}\n\t\t%{S-1-1-0}\n\t\t%{S-1-5-32-554}\n\t\t%{S-1-5-32-545}\n\t\t%{S-1-5-32-555}\n\t\t%{S-1-5-32-574}\n\t\t%{S-1-5-32-560}\n\t\t%{S-1-5-2}\n\t\t%{S-1-5-11}\n\t\t%{S-1-5-15}\n\t\t%{S-1-5-21-1569727641-2518674866-3296776394-1000}\n\t\t%{S-1-5-21-1569727641-2518674866-3296776394-516}\n\t\t%{S-1-5-9}\n\t\t%{S-1-18-1}\n\t\t%{S-1-5-21-1569727641-2518674866-3296776394-572}\n\t\t%{S-1-5-21-1569727641-2518674866-3296776394-517}\n\t\t%{S-1-16-16384}\u003c/Data\u003e\u003c/EventData\u003e","Task":"12554","SubjectUserSid":"S-1-0-0","SubjectUserName":"-","SubjectDomainName":"-","SubjectLogonId":"0x0","TargetUserSid":"S-1-5-18","TargetUserName":"DC01$","TargetDomainName":"MSSENTINEL.LOCAL","TargetLogonId":"0x1572c0f0","LogonType":3,"EventIdx":"1","EventCountTotal":"1","GroupMembership":"\n\t\t%{S-1-5-32-544}\n\t\t%{S-1-1-0}\n\t\t%{S-1-5-32-554}\n\t\t%{S-1-5-32-545}\n\t\t%{S-1-5-32-555}\n\t\t%{S-1-5-32-574}\n\t\t%{S-1-5-32-560}\n\t\t%{S-1-5-2}\n\t\t%{S-1-5-11}\n\t\t%{S-1-5-15}\n\t\t%{S-1-5-21-1569727641-2518674866-3296776394-1000}\n\t\t%{S-1-5-21-1569727641-2518674866-3296776394-516}\n\t\t%{S-1-5-9}\n\t\t%{S-1-18-1}\n\t\t%{S-1-5-21-1569727641-2518674866-3296776394-572}\n\t\t%{S-1-5-21-1569727641-2518674866-3296776394-517}\n\t\t%{S-1-16-16384}"},{"Provider":"Microsoft-Windows-Security-Auditing","Provider":"Microsoft-Windows-Security-Auditing","ProviderGuid":"{54849625-5478-4994-a5ba-3e3b0328c30d}","Level":"0","Keywords":"0x8020000000000000","Channel":"Security","Computer":"DC01.mssentinel.local","TimeCreated":"2022-09-21T08:52:25.315Z","TimeGenerated":"2022-09-22T12:52:25.315Z","EventID":"4523913","EventID":4634,"Message":"An account was logged off.\r\n\r\nSubject:\r\n\tSecurity ID:\t\tS-1-5-18\r\n\tAccount Name:\t\tDC01$\r\n\tAccount Domain:\t\tMSSENTINEL\r\n\tLogon ID:\t\t0x1572C0F0\r\n\r\nLogon Type:\t\t\t3\r\n\r\nThis event is generated when a logon session is destroyed. It may be positively correlated with a logon event using the Logon ID value. Logon IDs are only unique between reboots on the same computer.","EventData":"\u003cEventData xmlns=\"http://schemas.microsoft.com/win/2004/08/events/event\"\u003e\u003cData Name=\"TargetUserSid\"\u003eS-1-5-18\u003c/Data\u003e\u003cData Name=\"TargetUserName\"\u003eDC01$\u003c/Data\u003e\u003cData Name=\"TargetDomainName\"\u003eMSSENTINEL\u003c/Data\u003e\u003cData Name=\"TargetLogonId\"\u003e0x1572c0f0\u003c/Data\u003e\u003cData Name=\"LogonType\"\u003e3\u003c/Data\u003e\u003c/EventData\u003e","Task":"12545","TargetUserSid":"S-1-5-18","TargetUserName":"DC01$","TargetDomainName":"MSSENTINEL","TargetLogonId":"0x1572c0f0","LogonType":3},{"Provider":"Microsoft-Windows-Security-Auditing","Provider":"Microsoft-Windows-Security-Auditing","ProviderGuid":"{54849625-5478-4994-a5ba-3e3b0328c30d}","Level":"0","Keywords":"0x8020000000000000","Channel":"Security","Computer":"DC01.mssentinel.local","TimeCreated":"2022-09-21T08:52:27.220Z","TimeGenerated":"2022-09-22T12:52:27.220Z","EventID":"4523914","EventID":4688,"Message":"A new process has been created.\r\n\r\nCreator Subject:\r\n\tSecurity ID:\t\tS-1-5-18\r\n\tAccount Name:\t\tDC01$\r\n\tAccount Domain:\t\tMSSENTINEL\r\n\tLogon ID:\t\t0x3E7\r\n\r\nTarget Subject:\r\n\tSecurity ID:\t\tS-1-0-0\r\n\tAccount Name:\t\t-\r\n\tAccount Domain:\t\t-\r\n\tLogon ID:\t\t0x0\r\n\r\nProcess Information:\r\n\tNew Process ID:\t\t0x29d8\r\n\tNew Process Name:\tC:\\Program Files\\Windows Defender Advanced Threat Protection\\SenseCncProxy.exe\r\n\tToken Elevation Type:\t%%1936\r\n\tMandatory Label:\t\tS-1-16-16384\r\n\tCreator Process ID:\t0x10e8\r\n\tCreator Process Name:\tC:\\Program Files\\Windows Defender Advanced Threat Protection\\MsSense.exe\r\n\tProcess Command Line:\t3908\r\n\r\nToken Elevation Type indicates the type of token that was assigned to the new process in accordance with User Account Control policy.\r\n\r\nType 1 is a full token with no privileges removed or groups disabled.  A full token is only used if User Account Control is disabled or if the user is the built-in Administrator account or a service account.\r\n\r\nType 2 is an elevated token with no privileges removed or groups disabled.  An elevated token is used when User Account Control is enabled and the user chooses to start the program using Run as administrator.  An elevated token is also used when an application is configured to always require administrative privilege or to always require maximum privilege, and the user is a member of the Administrators group.\r\n\r\nType 3 is a limited token with administrative privileges removed and administrative groups disabled.  The limited token is used when User Account Control is enabled, the application does not require administrative privilege, and the user does not choose to start the program using Run as administrator.","EventData":"\u003cEventData xmlns=\"http://schemas.microsoft.com/win/2004/08/events/event\"\u003e\u003cData Name=\"SubjectUserSid\"\u003eS-1-5-18\u003c/Data\u003e\u003cData Name=\"SubjectUserName\"\u003eDC01$\u003c/Data\u003e\u003cData Name=\"SubjectDomainName\"\u003eMSSENTINEL\u003c/Data\u003e\u003cData Name=\"SubjectLogonId\"\u003e0x3e7\u003c/Data\u003e\u003cData Name=\"NewProcessId\"\u003e0x29d8\u003c/Data\u003e\u003cData Name=\"NewProcessName\"\u003eC:\\Program Files\\Windows Defender Advanced Threat Protection\\SenseCncProxy.exe\u003c/Data\u003e\u003cData Name=\"TokenElevationType\"\u003e%%1936\u003c/Data\u003e\u003cData Name=\"ProcessId\"\u003e0x10e8\u003c/Data\u003e\u003cData Name=\"CommandLine\"\u003e3908\u003c/Data\u003e\u003cData Name=\"TargetUserSid\"\u003eS-1-0-0\u003c/Data\u003e\u003cData Name=\"TargetUserName\"\u003e-\u003c/Data\u003e\u003cData Name=\"TargetDomainName\"\u003e-\u003c/Data\u003e\u003cData Name=\"TargetLogonId\"\u003e0x0\u003c/Data\u003e\u003cData Name=\"ParentProcessName\"\u003eC:\\Program Files\\Windows Defender Advanced Threat Protection\\MsSense.exe\u003c/Data\u003e\u003cData Name=\"MandatoryLabel\"\u003eS-1-16-16384\u003c/Data\u003e\u003c/EventData\u003e","Task":"13312","SubjectUserSid":"S-1-5-18","SubjectUserName":"DC01$","SubjectDomainName":"MSSENTINEL","SubjectLogonId":"0x3e7","NewProcessId":"0x29d8","NewProcessName":"C:\\Program Files\\Windows Defender Advanced Threat Protection\\SenseCncProxy.exe","TokenElevationType":"%%1936","ProcessId":"0x10e8","CommandLine":"3908","TargetUserSid":"S-1-0-0","TargetUserName":"-","TargetDomainName":"-","TargetLogonId":"0x0","ParentProcessName":"C:\\Program Files\\Windows Defender Advanced Threat Protection\\MsSense.exe","MandatoryLabel":"S-1-16-16384"},{"Provider":"Microsoft-Windows-Security-Auditing","Provider":"Microsoft-Windows-Security-Auditing","ProviderGuid":"{54849625-5478-4994-a5ba-3e3b0328c30d}","Level":"0","Keywords":"0x8020000000000000","Channel":"Security","Computer":"DC01.mssentinel.local","TimeCreated":"2022-09-21T08:52:27.267Z","TimeGenerated":"2022-09-22T12:52:27.267Z","EventID":"4523915","EventID":4690,"Message":"An attempt was made to duplicate a handle to an object.\r\n\r\nSubject:\r\n\tSecurity ID:\t\tS-1-5-18\r\n\tAccount Name:\t\tDC01$\r\n\tAccount Domain:\t\tMSSENTINEL\r\n\tLogon ID:\t\t0x3E7\r\n\r\nSource Handle Information:\r\n\tSource Handle ID:\t0x80\r\n\tSource Process ID:\t0x29d8\r\n\r\nNew Handle Information:\r\n\tTarget Handle ID:\t0x2e88\r\n\tTarget Process ID:\t0x4","EventData":"\u003cEventData xmlns=\"http://schemas.microsoft.com/win/2004/08/events/event\"\u003e\u003cData Name=\"SubjectUserSid\"\u003eS-1-5-18\u003c/Data\u003e\u003cData Name=\"SubjectUserName\"\u003eDC01$\u003c/Data\u003e\u003cData Name=\"SubjectDomainName\"\u003eMSSENTINEL\u003c/Data\u003e\u003cData Name=\"SubjectLogonId\"\u003e0x3e7\u003c/Data\u003e\u003cData Name=\"SourceHandleId\"\u003e0x80\u003c/Data\u003e\u003cData Name=\"SourceProcessId\"\u003e0x29d8\u003c/Data\u003e\u003cData Name=\"TargetHandleId\"\u003e0x2e88\u003c/Data\u003e\u003cData Name=\"TargetProcessId\"\u003e0x4\u003c/Data\u003e\u003c/EventData\u003e","Task":"12807","SubjectUserSid":"S-1-5-18","SubjectUserName":"DC01$","SubjectDomainName":"MSSENTINEL","SubjectLogonId":"0x3e7","SourceHandleId":"0x80","SourceProcessId":"0x29d8","TargetHandleId":"0x2e88","TargetProcessId":"0x4"},{"Provider":"Microsoft-Windows-Security-Auditing","Provider":"Microsoft-Windows-Security-Auditing","ProviderGuid":"{54849625-5478-4994-a5ba-3e3b0328c30d}","Level":"0","Keywords":"0x8020000000000000","Channel":"Security","Computer":"DC01.mssentinel.local","TimeCreated":"2022-09-21T08:52:27.267Z","TimeGenerated":"2022-09-22T12:52:27.267Z","EventID":"4523916","EventID":4658,"Message":"The handle to an object was closed.\r\n\r\nSubject :\r\n\tSecurity ID:\t\tS-1-5-18\r\n\tAccount Name:\t\tDC01$\r\n\tAccount Domain:\t\tMSSENTINEL\r\n\tLogon ID:\t\t0x3E7\r\n\r\nObject:\r\n\tObject Server:\t\tSecurity\r\n\tHandle ID:\t\t0x2e88\r\n\r\nProcess Information:\r\n\tProcess ID:\t\t0x29d8\r\n\tProcess Name:\t\tC:\\Program Files\\Windows Defender Advanced Threat Protection\\SenseCncProxy.exe","EventData":"\u003cEventData xmlns=\"http://schemas.microsoft.com/win/2004/08/events/event\"\u003e\u003cData Name=\"SubjectUserSid\"\u003eS-1-5-18\u003c/Data\u003e\u003cData Name=\"SubjectUserName\"\u003eDC01$\u003c/Data\u003e\u003cData Name=\"SubjectDomainName\"\u003eMSSENTINEL\u003c/Data\u003e\u003cData Name=\"SubjectLogonId\"\u003e0x3e7\u003c/Data\u003e\u003cData Name=\"ObjectServer\"\u003eSecurity\u003c/Data\u003e\u003cData Name=\"HandleId\"\u003e0x2e88\u003c/Data\u003e\u003cData Name=\"ProcessId\"\u003e0x29d8\u003c/Data\u003e\u003cData Name=\"ProcessName\"\u003eC:\\Program Files\\Windows Defender Advanced Threat Protection\\SenseCncProxy.exe\u003c/Data\u003e\u003c/EventData\u003e","Task":"12801","SubjectUserSid":"S-1-5-18","SubjectUserName":"DC01$","SubjectDomainName":"MSSENTINEL","SubjectLogonId":"0x3e7","ObjectServer":"Security","HandleId":"0x2e88","ProcessId":"0x29d8","ProcessName":"C:\\Program Files\\Windows Defender Advanced Threat Protection\\SenseCncProxy.exe"},{"Provider":"Microsoft-Windows-Security-Auditing","Provider":"Microsoft-Windows-Security-Auditing","ProviderGuid":"{54849625-5478-4994-a5ba-3e3b0328c30d}","Level":"0","Keywords":"0x8020000000000000","Channel":"Security","Computer":"DC01.mssentinel.local","TimeCreated":"2022-09-21T08:52:27.267Z","TimeGenerated":"2022-09-22T12:52:27.267Z","EventID":"4523917","EventID":4656,"Message":"A handle to an object was requested.\r\n\r\nSubject:\r\n\tSecurity ID:\t\tS-1-5-18\r\n\tAccount Name:\t\tDC01$\r\n\tAccount Domain:\t\tMSSENTINEL\r\n\tLogon ID:\t\t0x3E7\r\n\r\nObject:\r\n\tObject Server:\t\tSecurity\r\n\tObject Type:\t\tKey\r\n\tObject Name:\t\t\\REGISTRY\\MACHINE\\SYSTEM\\ControlSet001\\Control\\Lsa\r\n\tHandle ID:\t\t0x80\r\n\tResource Attributes:\t-\r\n\r\nProcess Information:\r\n\tProcess ID:\t\t0x29d8\r\n\tProcess Name:\t\tC:\\Program Files\\Windows Defender Advanced Threat Protection\\SenseCncProxy.exe\r\n\r\nAccess Request Information:\r\n\tTransaction ID:\t\t{00000000-0000-0000-0000-000000000000}\r\n\tAccesses:\t\tQuery key value\r\n\t\t\t\t\r\n\tAccess Reasons:\t\t-\r\n\tAccess Mask:\t\t0x1\r\n\tPrivileges Used for Access Check:\t-\r\n\tRestricted SID Count:\t0","EventData":"\u003cEventData xmlns=\"http://schemas.microsoft.com/win/2004/08/events/event\"\u003e\u003cData Name=\"SubjectUserSid\"\u003eS-1-5-18\u003c/Data\u003e\u003cData Name=\"SubjectUserName\"\u003eDC01$\u003c/Data\u003e\u003cData Name=\"SubjectDomainName\"\u003eMSSENTINEL\u003c/Data\u003e\u003cData Name=\"SubjectLogonId\"\u003e0x3e7\u003c/Data\u003e\u003cData Name=\"ObjectServer\"\u003eSecurity\u003c/Data\u003e\u003cData Name=\"ObjectType\"\u003eKey\u003c/Data\u003e\u003cData Name=\"ObjectName\"\u003e\\REGISTRY\\MACHINE\\SYSTEM\\ControlSet001\\Control\\Lsa\u003c/Data\u003e\u003cData Name=\"HandleId\"\u003e0x80\u003c/Data\u003e\u003cData Name=\"TransactionId\"\u003e{00000000-0000-0000-0000-000000000000}\u003c/Data\u003e\u003cData Name=\"AccessList\"\u003e%%4432\n\t\t\t\t\u003c/Data\u003e\u003cData Name=\"AccessReason\"\u003e-\u003c/Data\u003e\u003cData Name=\"AccessMask\"\u003e0x1\u003c/Data\u003e\u003cData Name=\"PrivilegeList\"\u003e-\u003c/Data\u003e\u003cData Name=\"RestrictedSidCount\"\u003e0\u003c/Data\u003e\u003cData Name=\"ProcessId\"\u003e0x29d8\u003c/Data\u003e\u003cData Name=\"ProcessName\"\u003eC:\\Program Files\\Windows Defender Advanced Threat Protection\\SenseCncProxy.exe\u003c/Data\u003e\u003cData Name=\"ResourceAttributes\"\u003e-\u003c/Data\u003e\u003c/EventData\u003e","Task":"12801","SubjectUserSid":"S-1-5-18","SubjectUserName":"DC01$","SubjectDomainName":"MSSENTINEL","SubjectLogonId":"0x3e7","ObjectServer":"Security","ObjectType":"Key","ObjectName":"\\REGISTRY\\MACHINE\\SYSTEM\\ControlSet001\\Control\\Lsa","HandleId":"0x80","TransactionId":"{00000000-0000-0000-0000-000000000000}","AccessList":"%%4432\n\t\t\t\t","AccessReason":"-","AccessMask":"0x1","PrivilegeList":"-","RestrictedSidCount":"0","ProcessId":"0x29d8","ProcessName":"C:\\Program Files\\Windows Defender Advanced Threat Protection\\SenseCncProxy.exe","ResourceAttributes":"-"},{"Provider":"Microsoft-Windows-Security-Auditing","Provider":"Microsoft-Windows-Security-Auditing","ProviderGuid":"{54849625-5478-4994-a5ba-3e3b0328c30d}","Level":"0","Keywords":"0x8020000000000000","Channel":"Security","Computer":"DC01.mssentinel.local","TimeCreated":"2022-09-21T08:52:27.267Z","TimeGenerated":"2022-09-22T12:52:27.267Z","EventID":"4523918","EventID":4663,"Message":"An attempt was made to access an object.\r\n\r\nSubject:\r\n\tSecurity ID:\t\tS-1-5-18\r\n\tAccount Name:\t\tDC01$\r\n\tAccount Domain:\t\tMSSENTINEL\r\n\tLogon ID:\t\t0x3E7\r\n\r\nObject:\r\n\tObject Server:\t\tSecurity\r\n\tObject Type:\t\tKey\r\n\tObject Name:\t\t\\REGISTRY\\MACHINE\\SYSTEM\\ControlSet001\\Control\\Lsa\r\n\tHandle ID:\t\t0x80\r\n\tResource Attributes:\t-\r\n\r\nProcess Information:\r\n\tProcess ID:\t\t0x29d8\r\n\tProcess Name:\t\tC:\\Program Files\\Windows Defender Advanced Threat Protection\\SenseCncProxy.exe\r\n\r\nAccess Request Information:\r\n\tAccesses:\t\tQuery key value\r\n\t\t\t\t\r\n\tAccess Mask:\t\t0x1","EventData":"\u003cEventData xmlns=\"http://schemas.microsoft.com/win/2004/08/events/event\"\u003e\u003cData Name=\"SubjectUserSid\"\u003eS-1-5-18\u003c/Data\u003e\u003cData Name=\"SubjectUserName\"\u003eDC01$\u003c/Data\u003e\u003cData Name=\"SubjectDomainName\"\u003eMSSENTINEL\u003c/Data\u003e\u003cData Name=\"SubjectLogonId\"\u003e0x3e7\u003c/Data\u003e\u003cData Name=\"ObjectServer\"\u003eSecurity\u003c/Data\u003e\u003cData Name=\"ObjectType\"\u003eKey\u003c/Data\u003e\u003cData Name=\"ObjectName\"\u003e\\REGISTRY\\MACHINE\\SYSTEM\\ControlSet001\\Control\\Lsa\u003c/Data\u003e\u003cData Name=\"HandleId\"\u003e0x80\u003c/Data\u003e\u003cData Name=\"AccessList\"\u003e%%4432\n\t\t\t\t\u003c/Data\u003e\u003cData Name=\"AccessMask\"\u003e0x1\u003c/Data\u003e\u003cData Name=\"ProcessId\"\u003e0x29d8\u003c/Data\u003e\u003cData Name=\"ProcessName\"\u003eC:\\Program Files\\Windows Defender Advanced Threat Protection\\SenseCncProxy.exe\u003c/Data\u003e\u003cData Name=\"ResourceAttributes\"\u003e-\u003c/Data\u003e\u003c/EventData\u003e","Task":"12801","SubjectUserSid":"S-1-5-18","SubjectUserName":"DC01$","SubjectDomainName":"MSSENTINEL","SubjectLogonId":"0x3e7","ObjectServer":"Security","ObjectType":"Key","ObjectName":"\\REGISTRY\\MACHINE\\SYSTEM\\ControlSet001\\Control\\Lsa","HandleId":"0x80","AccessList":"%%4432\n\t\t\t\t","AccessMask":"0x1","ProcessId":"0x29d8","ProcessName":"C:\\Program Files\\Windows Defender Advanced Threat Protection\\SenseCncProxy.exe","ResourceAttributes":"-"},{"Provider":"Microsoft-Windows-Security-Auditing","Provider":"Microsoft-Windows-Security-Auditing","ProviderGuid":"{54849625-5478-4994-a5ba-3e3b0328c30d}","Level":"0","Keywords":"0x8020000000000000","Channel":"Security","Computer":"DC01.mssentinel.local","TimeCreated":"2022-09-21T08:52:27.268Z","TimeGenerated":"2022-09-22T12:52:27.268Z","EventID":"4523919","EventID":4658,"Message":"The handle to an object was closed.\r\n\r\nSubject :\r\n\tSecurity ID:\t\tS-1-5-18\r\n\tAccount Name:\t\tDC01$\r\n\tAccount Domain:\t\tMSSENTINEL\r\n\tLogon ID:\t\t0x3E7\r\n\r\nObject:\r\n\tObject Server:\t\tSecurity\r\n\tHandle ID:\t\t0x80\r\n\r\nProcess Information:\r\n\tProcess ID:\t\t0x29d8\r\n\tProcess Name:\t\tC:\\Program Files\\Windows Defender Advanced Threat Protection\\SenseCncProxy.exe","EventData":"\u003cEventData xmlns=\"http://schemas.microsoft.com/win/2004/08/events/event\"\u003e\u003cData Name=\"SubjectUserSid\"\u003eS-1-5-18\u003c/Data\u003e\u003cData Name=\"SubjectUserName\"\u003eDC01$\u003c/Data\u003e\u003cData Name=\"SubjectDomainName\"\u003eMSSENTINEL\u003c/Data\u003e\u003cData Name=\"SubjectLogonId\"\u003e0x3e7\u003c/Data\u003e\u003cData Name=\"ObjectServer\"\u003eSecurity\u003c/Data\u003e\u003cData Name=\"HandleId\"\u003e0x80\u003c/Data\u003e\u003cData Name=\"ProcessId\"\u003e0x29d8\u003c/Data\u003e\u003cData Name=\"ProcessName\"\u003eC:\\Program Files\\Windows Defender Advanced Threat Protection\\SenseCncProxy.exe\u003c/Data\u003e\u003c/EventData\u003e","Task":"12801","SubjectUserSid":"S-1-5-18","SubjectUserName":"DC01$","SubjectDomainName":"MSSENTINEL","SubjectLogonId":"0x3e7","ObjectServer":"Security","HandleId":"0x80","ProcessId":"0x29d8","ProcessName":"C:\\Program Files\\Windows Defender Advanced Threat Protection\\SenseCncProxy.exe"},{"Provider":"Microsoft-Windows-Security-Auditing","Provider":"Microsoft-Windows-Security-Auditing","ProviderGuid":"{54849625-5478-4994-a5ba-3e3b0328c30d}","Level":"0","Keywords":"0x8020000000000000","Channel":"Security","Computer":"DC01.mssentinel.local","TimeCreated":"2022-09-21T08:52:27.306Z","TimeGenerated":"2022-09-22T12:52:27.306Z","EventID":"4523920","EventID":5158,"Message":"The Windows Filtering Platform has permitted a bind to a local port.\r\n\r\nApplication Information:\r\n\tProcess ID:\t\t1160\r\n\tApplication Name:\t\\device\\harddiskvolume2\\windows\\system32\\svchost.exe\r\n\r\nNetwork Information:\r\n\tSource Address:\t\t::\r\n\tSource Port:\t\t60524\r\n\tComputer:\t\t17\r\n\r\nFilter Information:\r\n\tFilter Run-Time ID:\t0\r\n\tLayer Name:\t\tResource Assignment\r\n\tLayer Run-Time ID:\t36","EventData":"\u003cEventData xmlns=\"http://schemas.microsoft.com/win/2004/08/events/event\"\u003e\u003cData Name=\"ProcessId\"\u003e1160\u003c/Data\u003e\u003cData Name=\"Application\"\u003e\\device\\harddiskvolume2\\windows\\system32\\svchost.exe\u003c/Data\u003e\u003cData Name=\"SourceAddress\"\u003e::\u003c/Data\u003e\u003cData Name=\"SourcePort\"\u003e60524\u003c/Data\u003e\u003cData Name=\"Computer\"\u003e17\u003c/Data\u003e\u003cData Name=\"FilterRTID\"\u003e0\u003c/Data\u003e\u003cData Name=\"LayerName\"\u003e%%14608\u003c/Data\u003e\u003cData Name=\"LayerRTID\"\u003e36\u003c/Data\u003e\u003c/EventData\u003e","Task":"12810","ProcessId":"1160","Application":"\\device\\harddiskvolume2\\windows\\system32\\svchost.exe","SourceAddress":"::","SourcePort":"60524","Computer":"17","FilterRTID":"0","LayerName":"%%14608","LayerRTID":"36"},{"Provider":"Microsoft-Windows-Security-Auditing","Provider":"Microsoft-Windows-Security-Auditing","ProviderGuid":"{54849625-5478-4994-a5ba-3e3b0328c30d}","Level":"0","Keywords":"0x8020000000000000","Channel":"Security","Computer":"DC01.mssentinel.local","TimeCreated":"2022-09-21T08:52:27.306Z","TimeGenerated":"2022-09-22T12:52:27.306Z","EventID":"4523921","EventID":5158,"Message":"The Windows Filtering Platform has permitted a bind to a local port.\r\n\r\nApplication Information:\r\n\tProcess ID:\t\t1160\r\n\tApplication Name:\t\\device\\harddiskvolume2\\windows\\system32\\svchost.exe\r\n\r\nNetwork Information:\r\n\tSource Address:\t\t::\r\n\tSource Port:\t\t60524\r\n\tComputer:\t\t17\r\n\r\nFilter Information:\r\n\tFilter Run-Time ID:\t0\r\n\tLayer Name:\t\tResource Assignment\r\n\tLayer Run-Time ID:\t38","EventData":"\u003cEventData xmlns=\"http://schemas.microsoft.com/win/2004/08/events/event\"\u003e\u003cData Name=\"ProcessId\"\u003e1160\u003c/Data\u003e\u003cData Name=\"Application\"\u003e\\device\\harddiskvolume2\\windows\\system32\\svchost.exe\u003c/Data\u003e\u003cData Name=\"SourceAddress\"\u003e::\u003c/Data\u003e\u003cData Name=\"SourcePort\"\u003e60524\u003c/Data\u003e\u003cData Name=\"Computer\"\u003e17\u003c/Data\u003e\u003cData Name=\"FilterRTID\"\u003e0\u003c/Data\u003e\u003cData Name=\"LayerName\"\u003e%%14608\u003c/Data\u003e\u003cData Name=\"LayerRTID\"\u003e38\u003c/Data\u003e\u003c/EventData\u003e","Task":"12810","ProcessId":"1160","Application":"\\device\\harddiskvolume2\\windows\\system32\\svchost.exe","SourceAddress":"::","SourcePort":"60524","Computer":"17","FilterRTID":"0","LayerName":"%%14608","LayerRTID":"38"},{"Provider":"Microsoft-Windows-Security-Auditing","Provider":"Microsoft-Windows-Security-Auditing","ProviderGuid":"{54849625-5478-4994-a5ba-3e3b0328c30d}","Level":"0","Keywords":"0x8020000000000000","Channel":"Security","Computer":"DC01.mssentinel.local","TimeCreated":"2022-09-21T08:52:27.306Z","TimeGenerated":"2022-09-22T12:52:27.306Z","EventID":"4523922","EventID":5156,"Message":"The Windows Filtering Platform has permitted a connection.\r\n\r\nApplication Information:\r\n\tProcess ID:\t\t1160\r\n\tApplication Name:\t\\device\\harddiskvolume2\\windows\\system32\\svchost.exe\r\n\r\nNetwork Information:\r\n\tDirection:\t\tOutbound\r\n\tSource Address:\t\t::1\r\n\tSource Port:\t\t60524\r\n\tDestination Address:\t::1\r\n\tDestination Port:\t\t53\r\n\tComputer:\t\t17\r\n\r\nFilter Information:\r\n\tFilter Run-Time ID:\t65893\r\n\tLayer Name:\t\tConnect\r\n\tLayer Run-Time ID:\t50","EventData":"\u003cEventData xmlns=\"http://schemas.microsoft.com/win/2004/08/events/event\"\u003e\u003cData Name=\"ProcessID\"\u003e1160\u003c/Data\u003e\u003cData Name=\"Application\"\u003e\\device\\harddiskvolume2\\windows\\system32\\svchost.exe\u003c/Data\u003e\u003cData Name=\"Direction\"\u003e%%14593\u003c/Data\u003e\u003cData Name=\"SourceAddress\"\u003e::1\u003c/Data\u003e\u003cData Name=\"SourcePort\"\u003e60524\u003c/Data\u003e\u003cData Name=\"DestAddress\"\u003e::1\u003c/Data\u003e\u003cData Name=\"DestPort\"\u003e53\u003c/Data\u003e\u003cData Name=\"Computer\"\u003e17\u003c/Data\u003e\u003cData Name=\"FilterRTID\"\u003e65893\u003c/Data\u003e\u003cData Name=\"LayerName\"\u003e%%14611\u003c/Data\u003e\u003cData Name=\"LayerRTID\"\u003e50\u003c/Data\u003e\u003cData Name=\"RemoteUserID\"\u003eS-1-0-0\u003c/Data\u003e\u003cData Name=\"RemoteMachineID\"\u003eS-1-0-0\u003c/Data\u003e\u003c/EventData\u003e","Task":"12810","ProcessID":"1160","Application":"\\device\\harddiskvolume2\\windows\\system32\\svchost.exe","Direction":"%%14593","SourceAddress":"::1","SourcePort":"60524","DestAddress":"::1","DestPort":"53","Computer":"17","FilterRTID":"65893","LayerName":"%%14611","LayerRTID":"50","RemoteUserID":"S-1-0-0","RemoteMachineID":"S-1-0-0"},{"Provider":"Microsoft-Windows-Security-Auditing","Provider":"Microsoft-Windows-Security-Auditing","ProviderGuid":"{54849625-5478-4994-a5ba-3e3b0328c30d}","Level":"0","Keywords":"0x8020000000000000","Channel":"Security","Computer":"DC01.mssentinel.local","TimeCreated":"2022-09-21T08:52:27.307Z","TimeGenerated":"2022-09-22T12:52:27.307Z","EventID":"4523923","EventID":5156,"Message":"The Windows Filtering Platform has permitted a connection.\r\n\r\nApplication Information:\r\n\tProcess ID:\t\t3288\r\n\tApplication Name:\t\\device\\harddiskvolume2\\windows\\system32\\dns.exe\r\n\r\nNetwork Information:\r\n\tDirection:\t\tOutbound\r\n\tSource Address:\t\t192.168.2.4\r\n\tSource Port:\t\t56208\r\n\tDestination Address:\t150.171.10.39\r\n\tDestination Port:\t\t53\r\n\tComputer:\t\t17\r\n\r\nFilter Information:\r\n\tFilter Run-Time ID:\t76772\r\n\tLayer Name:\t\tConnect\r\n\tLayer Run-Time ID:\t48","EventData":"\u003cEventData xmlns=\"http://schemas.microsoft.com/win/2004/08/events/event\"\u003e\u003cData Name=\"ProcessID\"\u003e3288\u003c/Data\u003e\u003cData Name=\"Application\"\u003e\\device\\harddiskvolume2\\windows\\system32\\dns.exe\u003c/Data\u003e\u003cData Name=\"Direction\"\u003e%%14593\u003c/Data\u003e\u003cData Name=\"SourceAddress\"\u003e192.168.2.4\u003c/Data\u003e\u003cData Name=\"SourcePort\"\u003e56208\u003c/Data\u003e\u003cData Name=\"DestAddress\"\u003e150.171.10.39\u003c/Data\u003e\u003cData Name=\"DestPort\"\u003e53\u003c/Data\u003e\u003cData Name=\"Computer\"\u003e17\u003c/Data\u003e\u003cData Name=\"FilterRTID\"\u003e76772\u003c/Data\u003e\u003cData Name=\"LayerName\"\u003e%%14611\u003c/Data\u003e\u003cData Name=\"LayerRTID\"\u003e48\u003c/Data\u003e\u003cData Name=\"RemoteUserID\"\u003eS-1-0-0\u003c/Data\u003e\u003cData Name=\"RemoteMachineID\"\u003eS-1-0-0\u003c/Data\u003e\u003c/EventData\u003e","Task":"12810","ProcessID":"3288","Application":"\\device\\harddiskvolume2\\windows\\system32\\dns.exe","Direction":"%%14593","SourceAddress":"192.168.2.4","SourcePort":"56208","DestAddress":"150.171.10.39","DestPort":"53","Computer":"17","FilterRTID":"76772","LayerName":"%%14611","LayerRTID":"48","RemoteUserID":"S-1-0-0","RemoteMachineID":"S-1-0-0"},{"Provider":"Microsoft-Windows-Security-Auditing","Provider":"Microsoft-Windows-Security-Auditing","ProviderGuid":"{54849625-5478-4994-a5ba-3e3b0328c30d}","Level":"0","Keywords":"0x8020000000000000","Channel":"Security","Computer":"DC01.mssentinel.local","TimeCreated":"2022-09-21T08:52:27.309Z","TimeGenerated":"2022-09-22T12:52:27.309Z","EventID":"4523924","EventID":5156,"Message":"The Windows Filtering Platform has permitted a connection.\r\n\r\nApplication Information:\r\n\tProcess ID:\t\t3288\r\n\tApplication Name:\t\\device\\harddiskvolume2\\windows\\system32\\dns.exe\r\n\r\nNetwork Information:\r\n\tDirection:\t\tOutbound\r\n\tSource Address:\t\t192.168.2.4\r\n\tSource Port:\t\t56946\r\n\tDestination Address:\t64.4.48.6\r\n\tDestination Port:\t\t53\r\n\tComputer:\t\t17\r\n\r\nFilter Information:\r\n\tFilter Run-Time ID:\t76772\r\n\tLayer Name:\t\tConnect\r\n\tLayer Run-Time ID:\t48","EventData":"\u003cEventData xmlns=\"http://schemas.microsoft.com/win/2004/08/events/event\"\u003e\u003cData Name=\"ProcessID\"\u003e3288\u003c/Data\u003e\u003cData Name=\"Application\"\u003e\\device\\harddiskvolume2\\windows\\system32\\dns.exe\u003c/Data\u003e\u003cData Name=\"Direction\"\u003e%%14593\u003c/Data\u003e\u003cData Name=\"SourceAddress\"\u003e192.168.2.4\u003c/Data\u003e\u003cData Name=\"SourcePort\"\u003e56946\u003c/Data\u003e\u003cData Name=\"DestAddress\"\u003e64.4.48.6\u003c/Data\u003e\u003cData Name=\"DestPort\"\u003e53\u003c/Data\u003e\u003cData Name=\"Computer\"\u003e17\u003c/Data\u003e\u003cData Name=\"FilterRTID\"\u003e76772\u003c/Data\u003e\u003cData Name=\"LayerName\"\u003e%%14611\u003c/Data\u003e\u003cData Name=\"LayerRTID\"\u003e48\u003c/Data\u003e\u003cData Name=\"RemoteUserID\"\u003eS-1-0-0\u003c/Data\u003e\u003cData Name=\"RemoteMachineID\"\u003eS-1-0-0\u003c/Data\u003e\u003c/EventData\u003e","Task":"12810","ProcessID":"3288","Application":"\\device\\harddiskvolume2\\windows\\system32\\dns.exe","Direction":"%%14593","SourceAddress":"192.168.2.4","SourcePort":"56946","DestAddress":"64.4.48.6","DestPort":"53","Computer":"17","FilterRTID":"76772","LayerName":"%%14611","LayerRTID":"48","RemoteUserID":"S-1-0-0","RemoteMachineID":"S-1-0-0"},{"Provider":"Microsoft-Windows-Security-Auditing","Provider":"Microsoft-Windows-Security-Auditing","ProviderGuid":"{54849625-5478-4994-a5ba-3e3b0328c30d}","Level":"0","Keywords":"0x8020000000000000","Channel":"Security","Computer":"DC01.mssentinel.local","TimeCreated":"2022-09-21T08:52:27.312Z","TimeGenerated":"2022-09-22T12:52:27.312Z","EventID":"4523925","EventID":5158,"Message":"The Windows Filtering Platform has permitted a bind to a local port.\r\n\r\nApplication Information:\r\n\tProcess ID:\t\t10712\r\n\tApplication Name:\t\\device\\harddiskvolume2\\program files\\windows defender advanced threat protection\\sensecncproxy.exe\r\n\r\nNetwork Information:\r\n\tSource Address:\t\t0.0.0.0\r\n\tSource Port:\t\t49761\r\n\tComputer:\t\t6\r\n\r\nFilter Information:\r\n\tFilter Run-Time ID:\t0\r\n\tLayer Name:\t\tResource Assignment\r\n\tLayer Run-Time ID:\t36","EventData":"\u003cEventData xmlns=\"http://schemas.microsoft.com/win/2004/08/events/event\"\u003e\u003cData Name=\"ProcessId\"\u003e10712\u003c/Data\u003e\u003cData Name=\"Application\"\u003e\\device\\harddiskvolume2\\program files\\windows defender advanced threat protection\\sensecncproxy.exe\u003c/Data\u003e\u003cData Name=\"SourceAddress\"\u003e0.0.0.0\u003c/Data\u003e\u003cData Name=\"SourcePort\"\u003e49761\u003c/Data\u003e\u003cData Name=\"Computer\"\u003e6\u003c/Data\u003e\u003cData Name=\"FilterRTID\"\u003e0\u003c/Data\u003e\u003cData Name=\"LayerName\"\u003e%%14608\u003c/Data\u003e\u003cData Name=\"LayerRTID\"\u003e36\u003c/Data\u003e\u003c/EventData\u003e","Task":"12810","ProcessId":"10712","Application":"\\device\\harddiskvolume2\\program files\\windows defender advanced threat protection\\sensecncproxy.exe","SourceAddress":"0.0.0.0","SourcePort":"49761","Computer":"6","FilterRTID":"0","LayerName":"%%14608","LayerRTID":"36"},{"Provider":"Microsoft-Windows-Security-Auditing","Provider":"Microsoft-Windows-Security-Auditing","ProviderGuid":"{54849625-5478-4994-a5ba-3e3b0328c30d}","Level":"0","Keywords":"0x8020000000000000","Channel":"Security","Computer":"DC01.mssentinel.local","TimeCreated":"2022-09-21T08:52:27.314Z","TimeGenerated":"2022-09-22T12:52:27.314Z","EventID":"4523926","EventID":5156,"Message":"The Windows Filtering Platform has permitted a connection.\r\n\r\nApplication Information:\r\n\tProcess ID:\t\t10712\r\n\tApplication Name:\t\\device\\harddiskvolume2\\program files\\windows defender advanced threat protection\\sensecncproxy.exe\r\n\r\nNetwork Information:\r\n\tDirection:\t\tOutbound\r\n\tSource Address:\t\t192.168.2.4\r\n\tSource Port:\t\t49761\r\n\tDestination Address:\t104.46.127.225\r\n\tDestination Port:\t\t443\r\n\tComputer:\t\t6\r\n\r\nFilter Information:\r\n\tFilter Run-Time ID:\t76772\r\n\tLayer Name:\t\tConnect\r\n\tLayer Run-Time ID:\t48","EventData":"\u003cEventData xmlns=\"http://schemas.microsoft.com/win/2004/08/events/event\"\u003e\u003cData Name=\"ProcessID\"\u003e10712\u003c/Data\u003e\u003cData Name=\"Application\"\u003e\\device\\harddiskvolume2\\program files\\windows defender advanced threat protection\\sensecncproxy.exe\u003c/Data\u003e\u003cData Name=\"Direction\"\u003e%%14593\u003c/Data\u003e\u003cData Name=\"SourceAddress\"\u003e192.168.2.4\u003c/Data\u003e\u003cData Name=\"SourcePort\"\u003e49761\u003c/Data\u003e\u003cData Name=\"DestAddress\"\u003e104.46.127.225\u003c/Data\u003e\u003cData Name=\"DestPort\"\u003e443\u003c/Data\u003e\u003cData Name=\"Computer\"\u003e6\u003c/Data\u003e\u003cData Name=\"FilterRTID\"\u003e76772\u003c/Data\u003e\u003cData Name=\"LayerName\"\u003e%%14611\u003c/Data\u003e\u003cData Name=\"LayerRTID\"\u003e48\u003c/Data\u003e\u003cData Name=\"RemoteUserID\"\u003eS-1-0-0\u003c/Data\u003e\u003cData Name=\"RemoteMachineID\"\u003eS-1-0-0\u003c/Data\u003e\u003c/EventData\u003e","Task":"12810","ProcessID":"10712","Application":"\\device\\harddiskvolume2\\program files\\windows defender advanced threat protection\\sensecncproxy.exe","Direction":"%%14593","SourceAddress":"192.168.2.4","SourcePort":"49761","DestAddress":"104.46.127.225","DestPort":"443","Computer":"6","FilterRTID":"76772","LayerName":"%%14611","LayerRTID":"48","RemoteUserID":"S-1-0-0","RemoteMachineID":"S-1-0-0"},