{"Provider":"Microsoft-Windows-Security-Auditing","Provider":"Microsoft-Windows-Security-Auditing","ProviderGuid":"{54849625-5478-4994-a5ba-3e3b0328c30d}","Level":"0","Keywords":"0x8020000000000000","Channel":"Security","Computer":"DC01.mssentinel.local","TimeCreated":"2022-09-21T08:52:32.890Z","TimeGenerated":"2022-09-22T12:52:32.890Z","EventID":"4523965","EventID":4658,"Message":"The handle to an object was closed.\r\n\r\nSubject :\r\n\tSecurity ID:\t\tS-1-5-18\r\n\tAccount Name:\t\tDC01$\r\n\tAccount Domain:\t\tMSSENTINEL\r\n\tLogon ID:\t\t0x3E7\r\n\r\nObject:\r\n\tObject Server:\t\tSecurity\r\n\tHandle ID:\t\t0x233c\r\n\r\nProcess Information:\r\n\tProcess ID:\t\t0x2b4\r\n\tProcess Name:\t\tC:\\Windows\\System32\\lsass.exe","EventData":"\u003cEventData xmlns=\"http://schemas.microsoft.com/win/2004/08/events/event\"\u003e\u003cData Name=\"SubjectUserSid\"\u003eS-1-5-18\u003c/Data\u003e\u003cData Name=\"SubjectUserName\"\u003eDC01$\u003c/Data\u003e\u003cData Name=\"SubjectDomainName\"\u003eMSSENTINEL\u003c/Data\u003e\u003cData Name=\"SubjectLogonId\"\u003e0x3e7\u003c/Data\u003e\u003cData Name=\"ObjectServer\"\u003eSecurity\u003c/Data\u003e\u003cData Name=\"HandleId\"\u003e0x233c\u003c/Data\u003e\u003cData Name=\"ProcessId\"\u003e0x2b4\u003c/Data\u003e\u003cData Name=\"ProcessName\"\u003eC:\\Windows\\System32\\lsass.exe\u003c/Data\u003e\u003c/EventData\u003e","Task":"12801","SubjectUserSid":"S-1-5-18","SubjectUserName":"DC01$","SubjectDomainName":"MSSENTINEL","SubjectLogonId":"0x3e7","ObjectServer":"Security","HandleId":"0x233c","ProcessId":"0x2b4","ProcessName":"C:\\Windows\\System32\\lsass.exe"},{"Provider":"Microsoft-Windows-Security-Auditing","Provider":"Microsoft-Windows-Security-Auditing","ProviderGuid":"{54849625-5478-4994-a5ba-3e3b0328c30d}","Level":"0","Keywords":"0x8020000000000000","Channel":"Security","Computer":"DC01.mssentinel.local","TimeCreated":"2022-09-21T08:52:32.890Z","TimeGenerated":"2022-09-22T12:52:32.890Z","EventID":"4523966","EventID":4656,"Message":"A handle to an object was requested.\r\n\r\nSubject:\r\n\tSecurity ID:\t\tS-1-5-18\r\n\tAccount Name:\t\tDC01$\r\n\tAccount Domain:\t\tMSSENTINEL\r\n\tLogon ID:\t\t0x3E7\r\n\r\nObject:\r\n\tObject Server:\t\tSecurity\r\n\tObject Type:\t\tKey\r\n\tObject Name:\t\t\\REGISTRY\\MACHINE\\SYSTEM\\ControlSet001\\Control\\Lsa\r\n\tHandle ID:\t\t0x29c4\r\n\tResource Attributes:\t-\r\n\r\nProcess Information:\r\n\tProcess ID:\t\t0x2b4\r\n\tProcess Name:\t\tC:\\Windows\\System32\\lsass.exe\r\n\r\nAccess Request Information:\r\n\tTransaction ID:\t\t{00000000-0000-0000-0000-000000000000}\r\n\tAccesses:\t\tDELETE\r\n\t\t\t\tREAD_CONTROL\r\n\t\t\t\tWRITE_DAC\r\n\t\t\t\tWRITE_OWNER\r\n\t\t\t\tQuery key value\r\n\t\t\t\tSet key value\r\n\t\t\t\tCreate sub-key\r\n\t\t\t\tEnumerate sub-keys\r\n\t\t\t\tNotify about changes to keys\r\n\t\t\t\tCreate Link\r\n\t\t\t\t\r\n\tAccess Reasons:\t\t-\r\n\tAccess Mask:\t\t0xF003F\r\n\tPrivileges Used for Access Check:\t-\r\n\tRestricted SID Count:\t0","EventData":"\u003cEventData xmlns=\"http://schemas.microsoft.com/win/2004/08/events/event\"\u003e\u003cData Name=\"SubjectUserSid\"\u003eS-1-5-18\u003c/Data\u003e\u003cData Name=\"SubjectUserName\"\u003eDC01$\u003c/Data\u003e\u003cData Name=\"SubjectDomainName\"\u003eMSSENTINEL\u003c/Data\u003e\u003cData Name=\"SubjectLogonId\"\u003e0x3e7\u003c/Data\u003e\u003cData Name=\"ObjectServer\"\u003eSecurity\u003c/Data\u003e\u003cData Name=\"ObjectType\"\u003eKey\u003c/Data\u003e\u003cData Name=\"ObjectName\"\u003e\\REGISTRY\\MACHINE\\SYSTEM\\ControlSet001\\Control\\Lsa\u003c/Data\u003e\u003cData Name=\"HandleId\"\u003e0x29c4\u003c/Data\u003e\u003cData Name=\"TransactionId\"\u003e{00000000-0000-0000-0000-000000000000}\u003c/Data\u003e\u003cData Name=\"AccessList\"\u003e%%1537\n\t\t\t\t%%1538\n\t\t\t\t%%1539\n\t\t\t\t%%1540\n\t\t\t\t%%4432\n\t\t\t\t%%4433\n\t\t\t\t%%4434\n\t\t\t\t%%4435\n\t\t\t\t%%4436\n\t\t\t\t%%4437\n\t\t\t\t\u003c/Data\u003e\u003cData Name=\"AccessReason\"\u003e-\u003c/Data\u003e\u003cData Name=\"AccessMask\"\u003e0xf003f\u003c/Data\u003e\u003cData Name=\"PrivilegeList\"\u003e-\u003c/Data\u003e\u003cData Name=\"RestrictedSidCount\"\u003e0\u003c/Data\u003e\u003cData Name=\"ProcessId\"\u003e0x2b4\u003c/Data\u003e\u003cData Name=\"ProcessName\"\u003eC:\\Windows\\System32\\lsass.exe\u003c/Data\u003e\u003cData Name=\"ResourceAttributes\"\u003e-\u003c/Data\u003e\u003c/EventData\u003e","Task":"12801","SubjectUserSid":"S-1-5-18","SubjectUserName":"DC01$","SubjectDomainName":"MSSENTINEL","SubjectLogonId":"0x3e7","ObjectServer":"Security","ObjectType":"Key","ObjectName":"\\REGISTRY\\MACHINE\\SYSTEM\\ControlSet001\\Control\\Lsa","HandleId":"0x29c4","TransactionId":"{00000000-0000-0000-0000-000000000000}","AccessList":"%%1537\n\t\t\t\t%%1538\n\t\t\t\t%%1539\n\t\t\t\t%%1540\n\t\t\t\t%%4432\n\t\t\t\t%%4433\n\t\t\t\t%%4434\n\t\t\t\t%%4435\n\t\t\t\t%%4436\n\t\t\t\t%%4437\n\t\t\t\t","AccessReason":"-","AccessMask":"0xf003f","PrivilegeList":"-","RestrictedSidCount":"0","ProcessId":"0x2b4","ProcessName":"C:\\Windows\\System32\\lsass.exe","ResourceAttributes":"-"},{"Provider":"Microsoft-Windows-Security-Auditing","Provider":"Microsoft-Windows-Security-Auditing","ProviderGuid":"{54849625-5478-4994-a5ba-3e3b0328c30d}","Level":"0","Keywords":"0x8020000000000000","Channel":"Security","Computer":"DC01.mssentinel.local","TimeCreated":"2022-09-21T08:52:32.890Z","TimeGenerated":"2022-09-22T12:52:32.890Z","EventID":"4523967","EventID":4663,"Message":"An attempt was made to access an object.\r\n\r\nSubject:\r\n\tSecurity ID:\t\tS-1-5-18\r\n\tAccount Name:\t\tDC01$\r\n\tAccount Domain:\t\tMSSENTINEL\r\n\tLogon ID:\t\t0x3E7\r\n\r\nObject:\r\n\tObject Server:\t\tSecurity\r\n\tObject Type:\t\tKey\r\n\tObject Name:\t\t\\REGISTRY\\MACHINE\\SYSTEM\\ControlSet001\\Control\\Lsa\r\n\tHandle ID:\t\t0x29c4\r\n\tResource Attributes:\t-\r\n\r\nProcess Information:\r\n\tProcess ID:\t\t0x2b4\r\n\tProcess Name:\t\tC:\\Windows\\System32\\lsass.exe\r\n\r\nAccess Request Information:\r\n\tAccesses:\t\tQuery key value\r\n\t\t\t\t\r\n\tAccess Mask:\t\t0x1","EventData":"\u003cEventData xmlns=\"http://schemas.microsoft.com/win/2004/08/events/event\"\u003e\u003cData Name=\"SubjectUserSid\"\u003eS-1-5-18\u003c/Data\u003e\u003cData Name=\"SubjectUserName\"\u003eDC01$\u003c/Data\u003e\u003cData Name=\"SubjectDomainName\"\u003eMSSENTINEL\u003c/Data\u003e\u003cData Name=\"SubjectLogonId\"\u003e0x3e7\u003c/Data\u003e\u003cData Name=\"ObjectServer\"\u003eSecurity\u003c/Data\u003e\u003cData Name=\"ObjectType\"\u003eKey\u003c/Data\u003e\u003cData Name=\"ObjectName\"\u003e\\REGISTRY\\MACHINE\\SYSTEM\\ControlSet001\\Control\\Lsa\u003c/Data\u003e\u003cData Name=\"HandleId\"\u003e0x29c4\u003c/Data\u003e\u003cData Name=\"AccessList\"\u003e%%4432\n\t\t\t\t\u003c/Data\u003e\u003cData Name=\"AccessMask\"\u003e0x1\u003c/Data\u003e\u003cData Name=\"ProcessId\"\u003e0x2b4\u003c/Data\u003e\u003cData Name=\"ProcessName\"\u003eC:\\Windows\\System32\\lsass.exe\u003c/Data\u003e\u003cData Name=\"ResourceAttributes\"\u003e-\u003c/Data\u003e\u003c/EventData\u003e","Task":"12801","SubjectUserSid":"S-1-5-18","SubjectUserName":"DC01$","SubjectDomainName":"MSSENTINEL","SubjectLogonId":"0x3e7","ObjectServer":"Security","ObjectType":"Key","ObjectName":"\\REGISTRY\\MACHINE\\SYSTEM\\ControlSet001\\Control\\Lsa","HandleId":"0x29c4","AccessList":"%%4432\n\t\t\t\t","AccessMask":"0x1","ProcessId":"0x2b4","ProcessName":"C:\\Windows\\System32\\lsass.exe","ResourceAttributes":"-"},{"Provider":"Microsoft-Windows-Security-Auditing","Provider":"Microsoft-Windows-Security-Auditing","ProviderGuid":"{54849625-5478-4994-a5ba-3e3b0328c30d}","Level":"0","Keywords":"0x8020000000000000","Channel":"Security","Computer":"DC01.mssentinel.local","TimeCreated":"2022-09-21T08:52:32.890Z","TimeGenerated":"2022-09-22T12:52:32.890Z","EventID":"4523968","EventID":4658,"Message":"The handle to an object was closed.\r\n\r\nSubject :\r\n\tSecurity ID:\t\tS-1-5-18\r\n\tAccount Name:\t\tDC01$\r\n\tAccount Domain:\t\tMSSENTINEL\r\n\tLogon ID:\t\t0x3E7\r\n\r\nObject:\r\n\tObject Server:\t\tSecurity\r\n\tHandle ID:\t\t0x29c4\r\n\r\nProcess Information:\r\n\tProcess ID:\t\t0x2b4\r\n\tProcess Name:\t\tC:\\Windows\\System32\\lsass.exe","EventData":"\u003cEventData xmlns=\"http://schemas.microsoft.com/win/2004/08/events/event\"\u003e\u003cData Name=\"SubjectUserSid\"\u003eS-1-5-18\u003c/Data\u003e\u003cData Name=\"SubjectUserName\"\u003eDC01$\u003c/Data\u003e\u003cData Name=\"SubjectDomainName\"\u003eMSSENTINEL\u003c/Data\u003e\u003cData Name=\"SubjectLogonId\"\u003e0x3e7\u003c/Data\u003e\u003cData Name=\"ObjectServer\"\u003eSecurity\u003c/Data\u003e\u003cData Name=\"HandleId\"\u003e0x29c4\u003c/Data\u003e\u003cData Name=\"ProcessId\"\u003e0x2b4\u003c/Data\u003e\u003cData Name=\"ProcessName\"\u003eC:\\Windows\\System32\\lsass.exe\u003c/Data\u003e\u003c/EventData\u003e","Task":"12801","SubjectUserSid":"S-1-5-18","SubjectUserName":"DC01$","SubjectDomainName":"MSSENTINEL","SubjectLogonId":"0x3e7","ObjectServer":"Security","HandleId":"0x29c4","ProcessId":"0x2b4","ProcessName":"C:\\Windows\\System32\\lsass.exe"},{"Provider":"Microsoft-Windows-Security-Auditing","Provider":"Microsoft-Windows-Security-Auditing","ProviderGuid":"{54849625-5478-4994-a5ba-3e3b0328c30d}","Level":"0","Keywords":"0x8020000000000000","Channel":"Security","Computer":"DC01.mssentinel.local","TimeCreated":"2022-09-21T08:52:32.893Z","TimeGenerated":"2022-09-22T12:52:32.893Z","EventID":"4523969","EventID":4662,"Message":"An operation was performed on an object.\r\n\r\nSubject :\r\n\tSecurity ID:\t\tS-1-5-21-1569727641-2518674866-3296776394-1104\r\n\tAccount Name:\t\tpgustavo\r\n\tAccount Domain:\t\tMSSENTINEL\r\n\tLogon ID:\t\t0x1572CFB8\r\n\r\nObject:\r\n\tObject Server:\t\tDS\r\n\tObject Type:\t\t%{19195a5b-6da0-11d0-afd3-00c04fd930c9}\r\n\tObject Name:\t\t%{a0227150-e8a3-4d13-9cb2-466138fa19fc}\r\n\tHandle ID:\t\t0x0\r\n\r\nOperation:\r\n\tOperation Type:\t\tObject Access\r\n\tAccesses:\t\tControl Access\r\n\t\t\t\t\r\n\tAccess Mask:\t\t0x100\r\n\tProperties:\t\tControl Access\r\n\t\t{1131f6aa-9c07-11d1-f79f-00c04fc2dcd2}\r\n\t{19195a5b-6da0-11d0-afd3-00c04fd930c9}\r\n\r\n\r\nAdditional Information:\r\n\tParameter 1:\t\t-\r\n\tParameter 2:\t\t","EventData":"\u003cEventData xmlns=\"http://schemas.microsoft.com/win/2004/08/events/event\"\u003e\u003cData Name=\"SubjectUserSid\"\u003eS-1-5-21-1569727641-2518674866-3296776394-1104\u003c/Data\u003e\u003cData Name=\"SubjectUserName\"\u003epgustavo\u003c/Data\u003e\u003cData Name=\"SubjectDomainName\"\u003eMSSENTINEL\u003c/Data\u003e\u003cData Name=\"SubjectLogonId\"\u003e0x1572cfb8\u003c/Data\u003e\u003cData Name=\"ObjectServer\"\u003eDS\u003c/Data\u003e\u003cData Name=\"ObjectType\"\u003e%{19195a5b-6da0-11d0-afd3-00c04fd930c9}\u003c/Data\u003e\u003cData Name=\"ObjectName\"\u003e%{a0227150-e8a3-4d13-9cb2-466138fa19fc}\u003c/Data\u003e\u003cData Name=\"OperationType\"\u003eObject Access\u003c/Data\u003e\u003cData Name=\"HandleId\"\u003e0x0\u003c/Data\u003e\u003cData Name=\"AccessList\"\u003e%%7688\n\t\t\t\t\u003c/Data\u003e\u003cData Name=\"AccessMask\"\u003e0x100\u003c/Data\u003e\u003cData Name=\"Properties\"\u003e%%7688\n\t\t{1131f6aa-9c07-11d1-f79f-00c04fc2dcd2}\n\t{19195a5b-6da0-11d0-afd3-00c04fd930c9}\n\u003c/Data\u003e\u003cData Name=\"AdditionalInfo\"\u003e-\u003c/Data\u003e\u003cData Name=\"AdditionalInfo2\"\u003e\u003c/Data\u003e\u003c/EventData\u003e","Task":"14080","SubjectUserSid":"S-1-5-21-1569727641-2518674866-3296776394-1104","SubjectUserName":"pgustavo","SubjectDomainName":"MSSENTINEL","SubjectLogonId":"0x1572cfb8","ObjectServer":"DS","ObjectType":"%{19195a5b-6da0-11d0-afd3-00c04fd930c9}","ObjectName":"%{a0227150-e8a3-4d13-9cb2-466138fa19fc}","OperationType":"Object Access","HandleId":"0x0","AccessList":"%%7688\n\t\t\t\t","AccessMask":"0x100","Properties":"%%7688\n\t\t{1131f6aa-9c07-11d1-f79f-00c04fc2dcd2}\n\t{19195a5b-6da0-11d0-afd3-00c04fd930c9}\n","AdditionalInfo":"-","AdditionalInfo2":null},{"Provider":"Microsoft-Windows-Security-Auditing","Provider":"Microsoft-Windows-Security-Auditing","ProviderGuid":"{54849625-5478-4994-a5ba-3e3b0328c30d}","Level":"0","Keywords":"0x8020000000000000","Channel":"Security","Computer":"DC01.mssentinel.local","TimeCreated":"2022-09-21T08:52:32.893Z","TimeGenerated":"2022-09-22T12:52:32.893Z","EventID":"4523970","EventID":4662,"Message":"An operation was performed on an object.\r\n\r\nSubject :\r\n\tSecurity ID:\t\tS-1-5-21-1569727641-2518674866-3296776394-1104\r\n\tAccount Name:\t\tpgustavo\r\n\tAccount Domain:\t\tMSSENTINEL\r\n\tLogon ID:\t\t0x1572CFB8\r\n\r\nObject:\r\n\tObject Server:\t\tDS\r\n\tObject Type:\t\t%{19195a5b-6da0-11d0-afd3-00c04fd930c9}\r\n\tObject Name:\t\t%{a0227150-e8a3-4d13-9cb2-466138fa19fc}\r\n\tHandle ID:\t\t0x0\r\n\r\nOperation:\r\n\tOperation Type:\t\tObject Access\r\n\tAccesses:\t\tControl Access\r\n\t\t\t\t\r\n\tAccess Mask:\t\t0x100\r\n\tProperties:\t\tControl Access\r\n\t\t{1131f6aa-9c07-11d1-f79f-00c04fc2dcd2}\r\n\t{19195a5b-6da0-11d0-afd3-00c04fd930c9}\r\n\r\n\r\nAdditional Information:\r\n\tParameter 1:\t\t-\r\n\tParameter 2:\t\t","EventData":"\u003cEventData xmlns=\"http://schemas.microsoft.com/win/2004/08/events/event\"\u003e\u003cData Name=\"SubjectUserSid\"\u003eS-1-5-21-1569727641-2518674866-3296776394-1104\u003c/Data\u003e\u003cData Name=\"SubjectUserName\"\u003epgustavo\u003c/Data\u003e\u003cData Name=\"SubjectDomainName\"\u003eMSSENTINEL\u003c/Data\u003e\u003cData Name=\"SubjectLogonId\"\u003e0x1572cfb8\u003c/Data\u003e\u003cData Name=\"ObjectServer\"\u003eDS\u003c/Data\u003e\u003cData Name=\"ObjectType\"\u003e%{19195a5b-6da0-11d0-afd3-00c04fd930c9}\u003c/Data\u003e\u003cData Name=\"ObjectName\"\u003e%{a0227150-e8a3-4d13-9cb2-466138fa19fc}\u003c/Data\u003e\u003cData Name=\"OperationType\"\u003eObject Access\u003c/Data\u003e\u003cData Name=\"HandleId\"\u003e0x0\u003c/Data\u003e\u003cData Name=\"AccessList\"\u003e%%7688\n\t\t\t\t\u003c/Data\u003e\u003cData Name=\"AccessMask\"\u003e0x100\u003c/Data\u003e\u003cData Name=\"Properties\"\u003e%%7688\n\t\t{1131f6aa-9c07-11d1-f79f-00c04fc2dcd2}\n\t{19195a5b-6da0-11d0-afd3-00c04fd930c9}\n\u003c/Data\u003e\u003cData Name=\"AdditionalInfo\"\u003e-\u003c/Data\u003e\u003cData Name=\"AdditionalInfo2\"\u003e\u003c/Data\u003e\u003c/EventData\u003e","Task":"14080","SubjectUserSid":"S-1-5-21-1569727641-2518674866-3296776394-1104","SubjectUserName":"pgustavo","SubjectDomainName":"MSSENTINEL","SubjectLogonId":"0x1572cfb8","ObjectServer":"DS","ObjectType":"%{19195a5b-6da0-11d0-afd3-00c04fd930c9}","ObjectName":"%{a0227150-e8a3-4d13-9cb2-466138fa19fc}","OperationType":"Object Access","HandleId":"0x0","AccessList":"%%7688\n\t\t\t\t","AccessMask":"0x100","Properties":"%%7688\n\t\t{1131f6aa-9c07-11d1-f79f-00c04fc2dcd2}\n\t{19195a5b-6da0-11d0-afd3-00c04fd930c9}\n","AdditionalInfo":"-","AdditionalInfo2":null},{"Provider":"Microsoft-Windows-Security-Auditing","Provider":"Microsoft-Windows-Security-Auditing","ProviderGuid":"{54849625-5478-4994-a5ba-3e3b0328c30d}","Level":"0","Keywords":"0x8020000000000000","Channel":"Security","Computer":"DC01.mssentinel.local","TimeCreated":"2022-09-21T08:52:32.893Z","TimeGenerated":"2022-09-22T12:52:32.893Z","EventID":"4523971","EventID":4662,"Message":"An operation was performed on an object.\r\n\r\nSubject :\r\n\tSecurity ID:\t\tS-1-5-21-1569727641-2518674866-3296776394-1104\r\n\tAccount Name:\t\tpgustavo\r\n\tAccount Domain:\t\tMSSENTINEL\r\n\tLogon ID:\t\t0x1572CFB8\r\n\r\nObject:\r\n\tObject Server:\t\tDS\r\n\tObject Type:\t\t%{19195a5b-6da0-11d0-afd3-00c04fd930c9}\r\n\tObject Name:\t\t%{a0227150-e8a3-4d13-9cb2-466138fa19fc}\r\n\tHandle ID:\t\t0x0\r\n\r\nOperation:\r\n\tOperation Type:\t\tObject Access\r\n\tAccesses:\t\tControl Access\r\n\t\t\t\t\r\n\tAccess Mask:\t\t0x100\r\n\tProperties:\t\tControl Access\r\n\t\t{89e95b76-444d-4c62-991a-0facbeda640c}\r\n\t{19195a5b-6da0-11d0-afd3-00c04fd930c9}\r\n\r\n\r\nAdditional Information:\r\n\tParameter 1:\t\t-\r\n\tParameter 2:\t\t","EventData":"\u003cEventData xmlns=\"http://schemas.microsoft.com/win/2004/08/events/event\"\u003e\u003cData Name=\"SubjectUserSid\"\u003eS-1-5-21-1569727641-2518674866-3296776394-1104\u003c/Data\u003e\u003cData Name=\"SubjectUserName\"\u003epgustavo\u003c/Data\u003e\u003cData Name=\"SubjectDomainName\"\u003eMSSENTINEL\u003c/Data\u003e\u003cData Name=\"SubjectLogonId\"\u003e0x1572cfb8\u003c/Data\u003e\u003cData Name=\"ObjectServer\"\u003eDS\u003c/Data\u003e\u003cData Name=\"ObjectType\"\u003e%{19195a5b-6da0-11d0-afd3-00c04fd930c9}\u003c/Data\u003e\u003cData Name=\"ObjectName\"\u003e%{a0227150-e8a3-4d13-9cb2-466138fa19fc}\u003c/Data\u003e\u003cData Name=\"OperationType\"\u003eObject Access\u003c/Data\u003e\u003cData Name=\"HandleId\"\u003e0x0\u003c/Data\u003e\u003cData Name=\"AccessList\"\u003e%%7688\n\t\t\t\t\u003c/Data\u003e\u003cData Name=\"AccessMask\"\u003e0x100\u003c/Data\u003e\u003cData Name=\"Properties\"\u003e%%7688\n\t\t{89e95b76-444d-4c62-991a-0facbeda640c}\n\t{19195a5b-6da0-11d0-afd3-00c04fd930c9}\n\u003c/Data\u003e\u003cData Name=\"AdditionalInfo\"\u003e-\u003c/Data\u003e\u003cData Name=\"AdditionalInfo2\"\u003e\u003c/Data\u003e\u003c/EventData\u003e","Task":"14080","SubjectUserSid":"S-1-5-21-1569727641-2518674866-3296776394-1104","SubjectUserName":"pgustavo","SubjectDomainName":"MSSENTINEL","SubjectLogonId":"0x1572cfb8","ObjectServer":"DS","ObjectType":"%{19195a5b-6da0-11d0-afd3-00c04fd930c9}","ObjectName":"%{a0227150-e8a3-4d13-9cb2-466138fa19fc}","OperationType":"Object Access","HandleId":"0x0","AccessList":"%%7688\n\t\t\t\t","AccessMask":"0x100","Properties":"%%7688\n\t\t{89e95b76-444d-4c62-991a-0facbeda640c}\n\t{19195a5b-6da0-11d0-afd3-00c04fd930c9}\n","AdditionalInfo":"-","AdditionalInfo2":null},{"Provider":"Microsoft-Windows-Security-Auditing","Provider":"Microsoft-Windows-Security-Auditing","ProviderGuid":"{54849625-5478-4994-a5ba-3e3b0328c30d}","Level":"0","Keywords":"0x8020000000000000","Channel":"Security","Computer":"DC01.mssentinel.local","TimeCreated":"2022-09-21T08:52:32.893Z","TimeGenerated":"2022-09-22T12:52:32.893Z","EventID":"4523972","EventID":4662,"Message":"An operation was performed on an object.\r\n\r\nSubject :\r\n\tSecurity ID:\t\tS-1-5-21-1569727641-2518674866-3296776394-1104\r\n\tAccount Name:\t\tpgustavo\r\n\tAccount Domain:\t\tMSSENTINEL\r\n\tLogon ID:\t\t0x1572CFB8\r\n\r\nObject:\r\n\tObject Server:\t\tDS\r\n\tObject Type:\t\t%{19195a5b-6da0-11d0-afd3-00c04fd930c9}\r\n\tObject Name:\t\t%{a0227150-e8a3-4d13-9cb2-466138fa19fc}\r\n\tHandle ID:\t\t0x0\r\n\r\nOperation:\r\n\tOperation Type:\t\tObject Access\r\n\tAccesses:\t\tControl Access\r\n\t\t\t\t\r\n\tAccess Mask:\t\t0x100\r\n\tProperties:\t\tControl Access\r\n\t\t{1131f6ad-9c07-11d1-f79f-00c04fc2dcd2}\r\n\t{19195a5b-6da0-11d0-afd3-00c04fd930c9}\r\n\r\n\r\nAdditional Information:\r\n\tParameter 1:\t\t-\r\n\tParameter 2:\t\t","EventData":"\u003cEventData xmlns=\"http://schemas.microsoft.com/win/2004/08/events/event\"\u003e\u003cData Name=\"SubjectUserSid\"\u003eS-1-5-21-1569727641-2518674866-3296776394-1104\u003c/Data\u003e\u003cData Name=\"SubjectUserName\"\u003epgustavo\u003c/Data\u003e\u003cData Name=\"SubjectDomainName\"\u003eMSSENTINEL\u003c/Data\u003e\u003cData Name=\"SubjectLogonId\"\u003e0x1572cfb8\u003c/Data\u003e\u003cData Name=\"ObjectServer\"\u003eDS\u003c/Data\u003e\u003cData Name=\"ObjectType\"\u003e%{19195a5b-6da0-11d0-afd3-00c04fd930c9}\u003c/Data\u003e\u003cData Name=\"ObjectName\"\u003e%{a0227150-e8a3-4d13-9cb2-466138fa19fc}\u003c/Data\u003e\u003cData Name=\"OperationType\"\u003eObject Access\u003c/Data\u003e\u003cData Name=\"HandleId\"\u003e0x0\u003c/Data\u003e\u003cData Name=\"AccessList\"\u003e%%7688\n\t\t\t\t\u003c/Data\u003e\u003cData Name=\"AccessMask\"\u003e0x100\u003c/Data\u003e\u003cData Name=\"Properties\"\u003e%%7688\n\t\t{1131f6ad-9c07-11d1-f79f-00c04fc2dcd2}\n\t{19195a5b-6da0-11d0-afd3-00c04fd930c9}\n\u003c/Data\u003e\u003cData Name=\"AdditionalInfo\"\u003e-\u003c/Data\u003e\u003cData Name=\"AdditionalInfo2\"\u003e\u003c/Data\u003e\u003c/EventData\u003e","Task":"14080","SubjectUserSid":"S-1-5-21-1569727641-2518674866-3296776394-1104","SubjectUserName":"pgustavo","SubjectDomainName":"MSSENTINEL","SubjectLogonId":"0x1572cfb8","ObjectServer":"DS","ObjectType":"%{19195a5b-6da0-11d0-afd3-00c04fd930c9}","ObjectName":"%{a0227150-e8a3-4d13-9cb2-466138fa19fc}","OperationType":"Object Access","HandleId":"0x0","AccessList":"%%7688\n\t\t\t\t","AccessMask":"0x100","Properties":"%%7688\n\t\t{1131f6ad-9c07-11d1-f79f-00c04fc2dcd2}\n\t{19195a5b-6da0-11d0-afd3-00c04fd930c9}\n","AdditionalInfo":"-","AdditionalInfo2":null},{"Provider":"Microsoft-Windows-Security-Auditing","Provider":"Microsoft-Windows-Security-Auditing","ProviderGuid":"{54849625-5478-4994-a5ba-3e3b0328c30d}","Level":"0","Keywords":"0x8020000000000000","Channel":"Security","Computer":"DC01.mssentinel.local","TimeCreated":"2022-09-21T08:52:35.964Z","TimeGenerated":"2022-09-22T12:52:35.964Z","EventID":"4523979","EventID":4656,"Message":"A handle to an object was requested.\r\n\r\nSubject:\r\n\tSecurity ID:\t\tS-1-5-18\r\n\tAccount Name:\t\tDC01$\r\n\tAccount Domain:\t\tMSSENTINEL\r\n\tLogon ID:\t\t0x3E7\r\n\r\nObject:\r\n\tObject Server:\t\tSecurity\r\n\tObject Type:\t\tKey\r\n\tObject Name:\t\t\\REGISTRY\\MACHINE\\SYSTEM\\ControlSet001\\Control\\Lsa\r\n\tHandle ID:\t\t0x80\r\n\tResource Attributes:\t-\r\n\r\nProcess Information:\r\n\tProcess ID:\t\t0x2aa8\r\n\tProcess Name:\t\tC:\\Windows\\System32\\conhost.exe\r\n\r\nAccess Request Information:\r\n\tTransaction ID:\t\t{00000000-0000-0000-0000-000000000000}\r\n\tAccesses:\t\tQuery key value\r\n\t\t\t\t\r\n\tAccess Reasons:\t\t-\r\n\tAccess Mask:\t\t0x1\r\n\tPrivileges Used for Access Check:\t-\r\n\tRestricted SID Count:\t0","EventData":"\u003cEventData xmlns=\"http://schemas.microsoft.com/win/2004/08/events/event\"\u003e\u003cData Name=\"SubjectUserSid\"\u003eS-1-5-18\u003c/Data\u003e\u003cData Name=\"SubjectUserName\"\u003eDC01$\u003c/Data\u003e\u003cData Name=\"SubjectDomainName\"\u003eMSSENTINEL\u003c/Data\u003e\u003cData Name=\"SubjectLogonId\"\u003e0x3e7\u003c/Data\u003e\u003cData Name=\"ObjectServer\"\u003eSecurity\u003c/Data\u003e\u003cData Name=\"ObjectType\"\u003eKey\u003c/Data\u003e\u003cData Name=\"ObjectName\"\u003e\\REGISTRY\\MACHINE\\SYSTEM\\ControlSet001\\Control\\Lsa\u003c/Data\u003e\u003cData Name=\"HandleId\"\u003e0x80\u003c/Data\u003e\u003cData Name=\"TransactionId\"\u003e{00000000-0000-0000-0000-000000000000}\u003c/Data\u003e\u003cData Name=\"AccessList\"\u003e%%4432\n\t\t\t\t\u003c/Data\u003e\u003cData Name=\"AccessReason\"\u003e-\u003c/Data\u003e\u003cData Name=\"AccessMask\"\u003e0x1\u003c/Data\u003e\u003cData Name=\"PrivilegeList\"\u003e-\u003c/Data\u003e\u003cData Name=\"RestrictedSidCount\"\u003e0\u003c/Data\u003e\u003cData Name=\"ProcessId\"\u003e0x2aa8\u003c/Data\u003e\u003cData Name=\"ProcessName\"\u003eC:\\Windows\\System32\\conhost.exe\u003c/Data\u003e\u003cData Name=\"ResourceAttributes\"\u003e-\u003c/Data\u003e\u003c/EventData\u003e","Task":"12801","SubjectUserSid":"S-1-5-18","SubjectUserName":"DC01$","SubjectDomainName":"MSSENTINEL","SubjectLogonId":"0x3e7","ObjectServer":"Security","ObjectType":"Key","ObjectName":"\\REGISTRY\\MACHINE\\SYSTEM\\ControlSet001\\Control\\Lsa","HandleId":"0x80","TransactionId":"{00000000-0000-0000-0000-000000000000}","AccessList":"%%4432\n\t\t\t\t","AccessReason":"-","AccessMask":"0x1","PrivilegeList":"-","RestrictedSidCount":"0","ProcessId":"0x2aa8","ProcessName":"C:\\Windows\\System32\\conhost.exe","ResourceAttributes":"-"},{"Provider":"Microsoft-Windows-Security-Auditing","Provider":"Microsoft-Windows-Security-Auditing","ProviderGuid":"{54849625-5478-4994-a5ba-3e3b0328c30d}","Level":"0","Keywords":"0x8020000000000000","Channel":"Security","Computer":"DC01.mssentinel.local","TimeCreated":"2022-09-21T08:52:35.964Z","TimeGenerated":"2022-09-22T12:52:35.964Z","EventID":"4523980","EventID":4663,"Message":"An attempt was made to access an object.\r\n\r\nSubject:\r\n\tSecurity ID:\t\tS-1-5-18\r\n\tAccount Name:\t\tDC01$\r\n\tAccount Domain:\t\tMSSENTINEL\r\n\tLogon ID:\t\t0x3E7\r\n\r\nObject:\r\n\tObject Server:\t\tSecurity\r\n\tObject Type:\t\tKey\r\n\tObject Name:\t\t\\REGISTRY\\MACHINE\\SYSTEM\\ControlSet001\\Control\\Lsa\r\n\tHandle ID:\t\t0x80\r\n\tResource Attributes:\t-\r\n\r\nProcess Information:\r\n\tProcess ID:\t\t0x2aa8\r\n\tProcess Name:\t\tC:\\Windows\\System32\\conhost.exe\r\n\r\nAccess Request Information:\r\n\tAccesses:\t\tQuery key value\r\n\t\t\t\t\r\n\tAccess Mask:\t\t0x1","EventData":"\u003cEventData xmlns=\"http://schemas.microsoft.com/win/2004/08/events/event\"\u003e\u003cData Name=\"SubjectUserSid\"\u003eS-1-5-18\u003c/Data\u003e\u003cData Name=\"SubjectUserName\"\u003eDC01$\u003c/Data\u003e\u003cData Name=\"SubjectDomainName\"\u003eMSSENTINEL\u003c/Data\u003e\u003cData Name=\"SubjectLogonId\"\u003e0x3e7\u003c/Data\u003e\u003cData Name=\"ObjectServer\"\u003eSecurity\u003c/Data\u003e\u003cData Name=\"ObjectType\"\u003eKey\u003c/Data\u003e\u003cData Name=\"ObjectName\"\u003e\\REGISTRY\\MACHINE\\SYSTEM\\ControlSet001\\Control\\Lsa\u003c/Data\u003e\u003cData Name=\"HandleId\"\u003e0x80\u003c/Data\u003e\u003cData Name=\"AccessList\"\u003e%%4432\n\t\t\t\t\u003c/Data\u003e\u003cData Name=\"AccessMask\"\u003e0x1\u003c/Data\u003e\u003cData Name=\"ProcessId\"\u003e0x2aa8\u003c/Data\u003e\u003cData Name=\"ProcessName\"\u003eC:\\Windows\\System32\\conhost.exe\u003c/Data\u003e\u003cData Name=\"ResourceAttributes\"\u003e-\u003c/Data\u003e\u003c/EventData\u003e","Task":"12801","SubjectUserSid":"S-1-5-18","SubjectUserName":"DC01$","SubjectDomainName":"MSSENTINEL","SubjectLogonId":"0x3e7","ObjectServer":"Security","ObjectType":"Key","ObjectName":"\\REGISTRY\\MACHINE\\SYSTEM\\ControlSet001\\Control\\Lsa","HandleId":"0x80","AccessList":"%%4432\n\t\t\t\t","AccessMask":"0x1","ProcessId":"0x2aa8","ProcessName":"C:\\Windows\\System32\\conhost.exe","ResourceAttributes":"-"},{"Provider":"Microsoft-Windows-Security-Auditing","Provider":"Microsoft-Windows-Security-Auditing","ProviderGuid":"{54849625-5478-4994-a5ba-3e3b0328c30d}","Level":"0","Keywords":"0x8020000000000000","Channel":"Security","Computer":"DC01.mssentinel.local","TimeCreated":"2022-09-21T08:52:35.964Z","TimeGenerated":"2022-09-22T12:52:35.964Z","EventID":"4523981","EventID":4658,"Message":"The handle to an object was closed.\r\n\r\nSubject :\r\n\tSecurity ID:\t\tS-1-5-18\r\n\tAccount Name:\t\tDC01$\r\n\tAccount Domain:\t\tMSSENTINEL\r\n\tLogon ID:\t\t0x3E7\r\n\r\nObject:\r\n\tObject Server:\t\tSecurity\r\n\tHandle ID:\t\t0x80\r\n\r\nProcess Information:\r\n\tProcess ID:\t\t0x2aa8\r\n\tProcess Name:\t\tC:\\Windows\\System32\\conhost.exe","EventData":"\u003cEventData xmlns=\"http://schemas.microsoft.com/win/2004/08/events/event\"\u003e\u003cData Name=\"SubjectUserSid\"\u003eS-1-5-18\u003c/Data\u003e\u003cData Name=\"SubjectUserName\"\u003eDC01$\u003c/Data\u003e\u003cData Name=\"SubjectDomainName\"\u003eMSSENTINEL\u003c/Data\u003e\u003cData Name=\"SubjectLogonId\"\u003e0x3e7\u003c/Data\u003e\u003cData Name=\"ObjectServer\"\u003eSecurity\u003c/Data\u003e\u003cData Name=\"HandleId\"\u003e0x80\u003c/Data\u003e\u003cData Name=\"ProcessId\"\u003e0x2aa8\u003c/Data\u003e\u003cData Name=\"ProcessName\"\u003eC:\\Windows\\System32\\conhost.exe\u003c/Data\u003e\u003c/EventData\u003e","Task":"12801","SubjectUserSid":"S-1-5-18","SubjectUserName":"DC01$","SubjectDomainName":"MSSENTINEL","SubjectLogonId":"0x3e7","ObjectServer":"Security","HandleId":"0x80","ProcessId":"0x2aa8","ProcessName":"C:\\Windows\\System32\\conhost.exe"},{"Provider":"Microsoft-Windows-Security-Auditing","Provider":"Microsoft-Windows-Security-Auditing","ProviderGuid":"{54849625-5478-4994-a5ba-3e3b0328c30d}","Level":"0","Keywords":"0x8020000000000000","Channel":"Security","Computer":"DC01.mssentinel.local","TimeCreated":"2022-09-21T08:52:36.076Z","TimeGenerated":"2022-09-22T12:52:36.076Z","EventID":"4523982","EventID":4690,"Message":"An attempt was made to duplicate a handle to an object.\r\n\r\nSubject:\r\n\tSecurity ID:\t\tS-1-5-18\r\n\tAccount Name:\t\tDC01$\r\n\tAccount Domain:\t\tMSSENTINEL\r\n\tLogon ID:\t\t0x3E7\r\n\r\nSource Handle Information:\r\n\tSource Handle ID:\t0xcc\r\n\tSource Process ID:\t0x2444\r\n\r\nNew Handle Information:\r\n\tTarget Handle ID:\t0x315c\r\n\tTarget Process ID:\t0x4","EventData":"\u003cEventData xmlns=\"http://schemas.microsoft.com/win/2004/08/events/event\"\u003e\u003cData Name=\"SubjectUserSid\"\u003eS-1-5-18\u003c/Data\u003e\u003cData Name=\"SubjectUserName\"\u003eDC01$\u003c/Data\u003e\u003cData Name=\"SubjectDomainName\"\u003eMSSENTINEL\u003c/Data\u003e\u003cData Name=\"SubjectLogonId\"\u003e0x3e7\u003c/Data\u003e\u003cData Name=\"SourceHandleId\"\u003e0xcc\u003c/Data\u003e\u003cData Name=\"SourceProcessId\"\u003e0x2444\u003c/Data\u003e\u003cData Name=\"TargetHandleId\"\u003e0x315c\u003c/Data\u003e\u003cData Name=\"TargetProcessId\"\u003e0x4\u003c/Data\u003e\u003c/EventData\u003e","Task":"12807","SubjectUserSid":"S-1-5-18","SubjectUserName":"DC01$","SubjectDomainName":"MSSENTINEL","SubjectLogonId":"0x3e7","SourceHandleId":"0xcc","SourceProcessId":"0x2444","TargetHandleId":"0x315c","TargetProcessId":"0x4"},{"Provider":"Microsoft-Windows-Security-Auditing","Provider":"Microsoft-Windows-Security-Auditing","ProviderGuid":"{54849625-5478-4994-a5ba-3e3b0328c30d}","Level":"0","Keywords":"0x8020000000000000","Channel":"Security","Computer":"DC01.mssentinel.local","TimeCreated":"2022-09-21T08:52:36.076Z","TimeGenerated":"2022-09-22T12:52:36.076Z","EventID":"4523983","EventID":4658,"Message":"The handle to an object was closed.\r\n\r\nSubject :\r\n\tSecurity ID:\t\tS-1-5-18\r\n\tAccount Name:\t\tDC01$\r\n\tAccount Domain:\t\tMSSENTINEL\r\n\tLogon ID:\t\t0x3E7\r\n\r\nObject:\r\n\tObject Server:\t\tSecurity\r\n\tHandle ID:\t\t0x315c\r\n\r\nProcess Information:\r\n\tProcess ID:\t\t0x2444\r\n\tProcess Name:\t\tC:\\Packages\\Plugins\\Microsoft.GuestConfiguration.ConfigurationforWindows\\1.29.45.0\\dsc\\GC\\gc_worker.exe","EventData":"\u003cEventData xmlns=\"http://schemas.microsoft.com/win/2004/08/events/event\"\u003e\u003cData Name=\"SubjectUserSid\"\u003eS-1-5-18\u003c/Data\u003e\u003cData Name=\"SubjectUserName\"\u003eDC01$\u003c/Data\u003e\u003cData Name=\"SubjectDomainName\"\u003eMSSENTINEL\u003c/Data\u003e\u003cData Name=\"SubjectLogonId\"\u003e0x3e7\u003c/Data\u003e\u003cData Name=\"ObjectServer\"\u003eSecurity\u003c/Data\u003e\u003cData Name=\"HandleId\"\u003e0x315c\u003c/Data\u003e\u003cData Name=\"ProcessId\"\u003e0x2444\u003c/Data\u003e\u003cData Name=\"ProcessName\"\u003eC:\\Packages\\Plugins\\Microsoft.GuestConfiguration.ConfigurationforWindows\\1.29.45.0\\dsc\\GC\\gc_worker.exe\u003c/Data\u003e\u003c/EventData\u003e","Task":"12801","SubjectUserSid":"S-1-5-18","SubjectUserName":"DC01$","SubjectDomainName":"MSSENTINEL","SubjectLogonId":"0x3e7","ObjectServer":"Security","HandleId":"0x315c","ProcessId":"0x2444","ProcessName":"C:\\Packages\\Plugins\\Microsoft.GuestConfiguration.ConfigurationforWindows\\1.29.45.0\\dsc\\GC\\gc_worker.exe"},{"Provider":"Microsoft-Windows-Security-Auditing","Provider":"Microsoft-Windows-Security-Auditing","ProviderGuid":"{54849625-5478-4994-a5ba-3e3b0328c30d}","Level":"0","Keywords":"0x8020000000000000","Channel":"Security","Computer":"DC01.mssentinel.local","TimeCreated":"2022-09-21T08:52:36.076Z","TimeGenerated":"2022-09-22T12:52:36.076Z","EventID":"4523984","EventID":4656,"Message":"A handle to an object was requested.\r\n\r\nSubject:\r\n\tSecurity ID:\t\tS-1-5-18\r\n\tAccount Name:\t\tDC01$\r\n\tAccount Domain:\t\tMSSENTINEL\r\n\tLogon ID:\t\t0x3E7\r\n\r\nObject:\r\n\tObject Server:\t\tSecurity\r\n\tObject Type:\t\tKey\r\n\tObject Name:\t\t\\REGISTRY\\MACHINE\\SYSTEM\\ControlSet001\\Control\\Lsa\r\n\tHandle ID:\t\t0xcc\r\n\tResource Attributes:\t-\r\n\r\nProcess Information:\r\n\tProcess ID:\t\t0x2444\r\n\tProcess Name:\t\tC:\\Packages\\Plugins\\Microsoft.GuestConfiguration.ConfigurationforWindows\\1.29.45.0\\dsc\\GC\\gc_worker.exe\r\n\r\nAccess Request Information:\r\n\tTransaction ID:\t\t{00000000-0000-0000-0000-000000000000}\r\n\tAccesses:\t\tQuery key value\r\n\t\t\t\t\r\n\tAccess Reasons:\t\t-\r\n\tAccess Mask:\t\t0x1\r\n\tPrivileges Used for Access Check:\t-\r\n\tRestricted SID Count:\t0","EventData":"\u003cEventData xmlns=\"http://schemas.microsoft.com/win/2004/08/events/event\"\u003e\u003cData Name=\"SubjectUserSid\"\u003eS-1-5-18\u003c/Data\u003e\u003cData Name=\"SubjectUserName\"\u003eDC01$\u003c/Data\u003e\u003cData Name=\"SubjectDomainName\"\u003eMSSENTINEL\u003c/Data\u003e\u003cData Name=\"SubjectLogonId\"\u003e0x3e7\u003c/Data\u003e\u003cData Name=\"ObjectServer\"\u003eSecurity\u003c/Data\u003e\u003cData Name=\"ObjectType\"\u003eKey\u003c/Data\u003e\u003cData Name=\"ObjectName\"\u003e\\REGISTRY\\MACHINE\\SYSTEM\\ControlSet001\\Control\\Lsa\u003c/Data\u003e\u003cData Name=\"HandleId\"\u003e0xcc\u003c/Data\u003e\u003cData Name=\"TransactionId\"\u003e{00000000-0000-0000-0000-000000000000}\u003c/Data\u003e\u003cData Name=\"AccessList\"\u003e%%4432\n\t\t\t\t\u003c/Data\u003e\u003cData Name=\"AccessReason\"\u003e-\u003c/Data\u003e\u003cData Name=\"AccessMask\"\u003e0x1\u003c/Data\u003e\u003cData Name=\"PrivilegeList\"\u003e-\u003c/Data\u003e\u003cData Name=\"RestrictedSidCount\"\u003e0\u003c/Data\u003e\u003cData Name=\"ProcessId\"\u003e0x2444\u003c/Data\u003e\u003cData Name=\"ProcessName\"\u003eC:\\Packages\\Plugins\\Microsoft.GuestConfiguration.ConfigurationforWindows\\1.29.45.0\\dsc\\GC\\gc_worker.exe\u003c/Data\u003e\u003cData Name=\"ResourceAttributes\"\u003e-\u003c/Data\u003e\u003c/EventData\u003e","Task":"12801","SubjectUserSid":"S-1-5-18","SubjectUserName":"DC01$","SubjectDomainName":"MSSENTINEL","SubjectLogonId":"0x3e7","ObjectServer":"Security","ObjectType":"Key","ObjectName":"\\REGISTRY\\MACHINE\\SYSTEM\\ControlSet001\\Control\\Lsa","HandleId":"0xcc","TransactionId":"{00000000-0000-0000-0000-000000000000}","AccessList":"%%4432\n\t\t\t\t","AccessReason":"-","AccessMask":"0x1","PrivilegeList":"-","RestrictedSidCount":"0","ProcessId":"0x2444","ProcessName":"C:\\Packages\\Plugins\\Microsoft.GuestConfiguration.ConfigurationforWindows\\1.29.45.0\\dsc\\GC\\gc_worker.exe","ResourceAttributes":"-"},{"Provider":"Microsoft-Windows-Security-Auditing","Provider":"Microsoft-Windows-Security-Auditing","ProviderGuid":"{54849625-5478-4994-a5ba-3e3b0328c30d}","Level":"0","Keywords":"0x8020000000000000","Channel":"Security","Computer":"DC01.mssentinel.local","TimeCreated":"2022-09-21T08:52:36.076Z","TimeGenerated":"2022-09-22T12:52:36.076Z","EventID":"4523985","EventID":4663,"Message":"An attempt was made to access an object.\r\n\r\nSubject:\r\n\tSecurity ID:\t\tS-1-5-18\r\n\tAccount Name:\t\tDC01$\r\n\tAccount Domain:\t\tMSSENTINEL\r\n\tLogon ID:\t\t0x3E7\r\n\r\nObject:\r\n\tObject Server:\t\tSecurity\r\n\tObject Type:\t\tKey\r\n\tObject Name:\t\t\\REGISTRY\\MACHINE\\SYSTEM\\ControlSet001\\Control\\Lsa\r\n\tHandle ID:\t\t0xcc\r\n\tResource Attributes:\t-\r\n\r\nProcess Information:\r\n\tProcess ID:\t\t0x2444\r\n\tProcess Name:\t\tC:\\Packages\\Plugins\\Microsoft.GuestConfiguration.ConfigurationforWindows\\1.29.45.0\\dsc\\GC\\gc_worker.exe\r\n\r\nAccess Request Information:\r\n\tAccesses:\t\tQuery key value\r\n\t\t\t\t\r\n\tAccess Mask:\t\t0x1","EventData":"\u003cEventData xmlns=\"http://schemas.microsoft.com/win/2004/08/events/event\"\u003e\u003cData Name=\"SubjectUserSid\"\u003eS-1-5-18\u003c/Data\u003e\u003cData Name=\"SubjectUserName\"\u003eDC01$\u003c/Data\u003e\u003cData Name=\"SubjectDomainName\"\u003eMSSENTINEL\u003c/Data\u003e\u003cData Name=\"SubjectLogonId\"\u003e0x3e7\u003c/Data\u003e\u003cData Name=\"ObjectServer\"\u003eSecurity\u003c/Data\u003e\u003cData Name=\"ObjectType\"\u003eKey\u003c/Data\u003e\u003cData Name=\"ObjectName\"\u003e\\REGISTRY\\MACHINE\\SYSTEM\\ControlSet001\\Control\\Lsa\u003c/Data\u003e\u003cData Name=\"HandleId\"\u003e0xcc\u003c/Data\u003e\u003cData Name=\"AccessList\"\u003e%%4432\n\t\t\t\t\u003c/Data\u003e\u003cData Name=\"AccessMask\"\u003e0x1\u003c/Data\u003e\u003cData Name=\"ProcessId\"\u003e0x2444\u003c/Data\u003e\u003cData Name=\"ProcessName\"\u003eC:\\Packages\\Plugins\\Microsoft.GuestConfiguration.ConfigurationforWindows\\1.29.45.0\\dsc\\GC\\gc_worker.exe\u003c/Data\u003e\u003cData Name=\"ResourceAttributes\"\u003e-\u003c/Data\u003e\u003c/EventData\u003e","Task":"12801","SubjectUserSid":"S-1-5-18","SubjectUserName":"DC01$","SubjectDomainName":"MSSENTINEL","SubjectLogonId":"0x3e7","ObjectServer":"Security","ObjectType":"Key","ObjectName":"\\REGISTRY\\MACHINE\\SYSTEM\\ControlSet001\\Control\\Lsa","HandleId":"0xcc","AccessList":"%%4432\n\t\t\t\t","AccessMask":"0x1","ProcessId":"0x2444","ProcessName":"C:\\Packages\\Plugins\\Microsoft.GuestConfiguration.ConfigurationforWindows\\1.29.45.0\\dsc\\GC\\gc_worker.exe","ResourceAttributes":"-"}]
