{"Provider":"Microsoft-Windows-Security-Auditing","Provider":"Microsoft-Windows-Security-Auditing","ProviderGuid":"{54849625-5478-4994-a5ba-3e3b0328c30d}","Level":"0","Keywords":"0x8020000000000000","Channel":"Security","Computer":"DC01.mssentinel.local","TimeCreated":"2022-09-21T08:52:27.614Z","TimeGenerated":"2022-09-22T12:52:27.614Z","EventID":"4523927","EventID":4689,"Message":"A process has exited.\r\n\r\nSubject:\r\n\tSecurity ID:\t\tS-1-5-18\r\n\tAccount Name:\t\tDC01$\r\n\tAccount Domain:\t\tMSSENTINEL\r\n\tLogon ID:\t\t0x3E7\r\n\r\nProcess Information:\r\n\tProcess ID:\t0x29d8\r\n\tProcess Name:\tC:\\Program Files\\Windows Defender Advanced Threat Protection\\SenseCncProxy.exe\r\n\tExit Status:\t0x0","EventData":"\u003cEventData xmlns=\"http://schemas.microsoft.com/win/2004/08/events/event\"\u003e\u003cData Name=\"SubjectUserSid\"\u003eS-1-5-18\u003c/Data\u003e\u003cData Name=\"SubjectUserName\"\u003eDC01$\u003c/Data\u003e\u003cData Name=\"SubjectDomainName\"\u003eMSSENTINEL\u003c/Data\u003e\u003cData Name=\"SubjectLogonId\"\u003e0x3e7\u003c/Data\u003e\u003cData Name=\"Status\"\u003e0x0\u003c/Data\u003e\u003cData Name=\"ProcessId\"\u003e0x29d8\u003c/Data\u003e\u003cData Name=\"ProcessName\"\u003eC:\\Program Files\\Windows Defender Advanced Threat Protection\\SenseCncProxy.exe\u003c/Data\u003e\u003c/EventData\u003e","Task":"13313","SubjectUserSid":"S-1-5-18","SubjectUserName":"DC01$","SubjectDomainName":"MSSENTINEL","SubjectLogonId":"0x3e7","Status":"0x0","ProcessId":"0x29d8","ProcessName":"C:\\Program Files\\Windows Defender Advanced Threat Protection\\SenseCncProxy.exe"},{"Provider":"Microsoft-Windows-Security-Auditing","Provider":"Microsoft-Windows-Security-Auditing","ProviderGuid":"{54849625-5478-4994-a5ba-3e3b0328c30d}","Level":"0","Keywords":"0x8020000000000000","Channel":"Security","Computer":"DC01.mssentinel.local","TimeCreated":"2022-09-21T08:52:28.654Z","TimeGenerated":"2022-09-22T12:52:28.654Z","EventID":"4523928","EventID":5158,"Message":"The Windows Filtering Platform has permitted a bind to a local port.\r\n\r\nApplication Information:\r\n\tProcess ID:\t\t3440\r\n\tApplication Name:\t\\device\\harddiskvolume2\\windowsazure\\guestagent_2.7.41491.1057_2022-09-13_152020\\windowsazureguestagent.exe\r\n\r\nNetwork Information:\r\n\tSource Address:\t\t0.0.0.0\r\n\tSource Port:\t\t49762\r\n\tComputer:\t\t6\r\n\r\nFilter Information:\r\n\tFilter Run-Time ID:\t0\r\n\tLayer Name:\t\tResource Assignment\r\n\tLayer Run-Time ID:\t36","EventData":"\u003cEventData xmlns=\"http://schemas.microsoft.com/win/2004/08/events/event\"\u003e\u003cData Name=\"ProcessId\"\u003e3440\u003c/Data\u003e\u003cData Name=\"Application\"\u003e\\device\\harddiskvolume2\\windowsazure\\guestagent_2.7.41491.1057_2022-09-13_152020\\windowsazureguestagent.exe\u003c/Data\u003e\u003cData Name=\"SourceAddress\"\u003e0.0.0.0\u003c/Data\u003e\u003cData Name=\"SourcePort\"\u003e49762\u003c/Data\u003e\u003cData Name=\"Computer\"\u003e6\u003c/Data\u003e\u003cData Name=\"FilterRTID\"\u003e0\u003c/Data\u003e\u003cData Name=\"LayerName\"\u003e%%14608\u003c/Data\u003e\u003cData Name=\"LayerRTID\"\u003e36\u003c/Data\u003e\u003c/EventData\u003e","Task":"12810","ProcessId":"3440","Application":"\\device\\harddiskvolume2\\windowsazure\\guestagent_2.7.41491.1057_2022-09-13_152020\\windowsazureguestagent.exe","SourceAddress":"0.0.0.0","SourcePort":"49762","Computer":"6","FilterRTID":"0","LayerName":"%%14608","LayerRTID":"36"},{"Provider":"Microsoft-Windows-Security-Auditing","Provider":"Microsoft-Windows-Security-Auditing","ProviderGuid":"{54849625-5478-4994-a5ba-3e3b0328c30d}","Level":"0","Keywords":"0x8020000000000000","Channel":"Security","Computer":"DC01.mssentinel.local","TimeCreated":"2022-09-21T08:52:28.654Z","TimeGenerated":"2022-09-22T12:52:28.654Z","EventID":"4523929","EventID":5156,"Message":"The Windows Filtering Platform has permitted a connection.\r\n\r\nApplication Information:\r\n\tProcess ID:\t\t3440\r\n\tApplication Name:\t\\device\\harddiskvolume2\\windowsazure\\guestagent_2.7.41491.1057_2022-09-13_152020\\windowsazureguestagent.exe\r\n\r\nNetwork Information:\r\n\tDirection:\t\tOutbound\r\n\tSource Address:\t\t192.168.2.4\r\n\tSource Port:\t\t49762\r\n\tDestination Address:\t168.63.129.16\r\n\tDestination Port:\t\t80\r\n\tComputer:\t\t6\r\n\r\nFilter Information:\r\n\tFilter Run-Time ID:\t69767\r\n\tLayer Name:\t\tConnect\r\n\tLayer Run-Time ID:\t48","EventData":"\u003cEventData xmlns=\"http://schemas.microsoft.com/win/2004/08/events/event\"\u003e\u003cData Name=\"ProcessID\"\u003e3440\u003c/Data\u003e\u003cData Name=\"Application\"\u003e\\device\\harddiskvolume2\\windowsazure\\guestagent_2.7.41491.1057_2022-09-13_152020\\windowsazureguestagent.exe\u003c/Data\u003e\u003cData Name=\"Direction\"\u003e%%14593\u003c/Data\u003e\u003cData Name=\"SourceAddress\"\u003e192.168.2.4\u003c/Data\u003e\u003cData Name=\"SourcePort\"\u003e49762\u003c/Data\u003e\u003cData Name=\"DestAddress\"\u003e168.63.129.16\u003c/Data\u003e\u003cData Name=\"DestPort\"\u003e80\u003c/Data\u003e\u003cData Name=\"Computer\"\u003e6\u003c/Data\u003e\u003cData Name=\"FilterRTID\"\u003e69767\u003c/Data\u003e\u003cData Name=\"LayerName\"\u003e%%14611\u003c/Data\u003e\u003cData Name=\"LayerRTID\"\u003e48\u003c/Data\u003e\u003cData Name=\"RemoteUserID\"\u003eS-1-0-0\u003c/Data\u003e\u003cData Name=\"RemoteMachineID\"\u003eS-1-0-0\u003c/Data\u003e\u003c/EventData\u003e","Task":"12810","ProcessID":"3440","Application":"\\device\\harddiskvolume2\\windowsazure\\guestagent_2.7.41491.1057_2022-09-13_152020\\windowsazureguestagent.exe","Direction":"%%14593","SourceAddress":"192.168.2.4","SourcePort":"49762","DestAddress":"168.63.129.16","DestPort":"80","Computer":"6","FilterRTID":"69767","LayerName":"%%14611","LayerRTID":"48","RemoteUserID":"S-1-0-0","RemoteMachineID":"S-1-0-0"},{"Provider":"Microsoft-Windows-Security-Auditing","Provider":"Microsoft-Windows-Security-Auditing","ProviderGuid":"{54849625-5478-4994-a5ba-3e3b0328c30d}","Level":"0","Keywords":"0x8020000000000000","Channel":"Security","Computer":"DC01.mssentinel.local","TimeCreated":"2022-09-21T08:52:30.095Z","TimeGenerated":"2022-09-22T12:52:30.095Z","EventID":"4523930","EventID":5158,"Message":"The Windows Filtering Platform has permitted a bind to a local port.\r\n\r\nApplication Information:\r\n\tProcess ID:\t\t1160\r\n\tApplication Name:\t\\device\\harddiskvolume2\\windows\\system32\\svchost.exe\r\n\r\nNetwork Information:\r\n\tSource Address:\t\t::\r\n\tSource Port:\t\t60524\r\n\tComputer:\t\t17\r\n\r\nFilter Information:\r\n\tFilter Run-Time ID:\t0\r\n\tLayer Name:\t\tResource Assignment\r\n\tLayer Run-Time ID:\t36","EventData":"\u003cEventData xmlns=\"http://schemas.microsoft.com/win/2004/08/events/event\"\u003e\u003cData Name=\"ProcessId\"\u003e1160\u003c/Data\u003e\u003cData Name=\"Application\"\u003e\\device\\harddiskvolume2\\windows\\system32\\svchost.exe\u003c/Data\u003e\u003cData Name=\"SourceAddress\"\u003e::\u003c/Data\u003e\u003cData Name=\"SourcePort\"\u003e60524\u003c/Data\u003e\u003cData Name=\"Computer\"\u003e17\u003c/Data\u003e\u003cData Name=\"FilterRTID\"\u003e0\u003c/Data\u003e\u003cData Name=\"LayerName\"\u003e%%14608\u003c/Data\u003e\u003cData Name=\"LayerRTID\"\u003e36\u003c/Data\u003e\u003c/EventData\u003e","Task":"12810","ProcessId":"1160","Application":"\\device\\harddiskvolume2\\windows\\system32\\svchost.exe","SourceAddress":"::","SourcePort":"60524","Computer":"17","FilterRTID":"0","LayerName":"%%14608","LayerRTID":"36"},{"Provider":"Microsoft-Windows-Security-Auditing","Provider":"Microsoft-Windows-Security-Auditing","ProviderGuid":"{54849625-5478-4994-a5ba-3e3b0328c30d}","Level":"0","Keywords":"0x8020000000000000","Channel":"Security","Computer":"DC01.mssentinel.local","TimeCreated":"2022-09-21T08:52:30.095Z","TimeGenerated":"2022-09-22T12:52:30.095Z","EventID":"4523931","EventID":5158,"Message":"The Windows Filtering Platform has permitted a bind to a local port.\r\n\r\nApplication Information:\r\n\tProcess ID:\t\t1160\r\n\tApplication Name:\t\\device\\harddiskvolume2\\windows\\system32\\svchost.exe\r\n\r\nNetwork Information:\r\n\tSource Address:\t\t::\r\n\tSource Port:\t\t60524\r\n\tComputer:\t\t17\r\n\r\nFilter Information:\r\n\tFilter Run-Time ID:\t0\r\n\tLayer Name:\t\tResource Assignment\r\n\tLayer Run-Time ID:\t38","EventData":"\u003cEventData xmlns=\"http://schemas.microsoft.com/win/2004/08/events/event\"\u003e\u003cData Name=\"ProcessId\"\u003e1160\u003c/Data\u003e\u003cData Name=\"Application\"\u003e\\device\\harddiskvolume2\\windows\\system32\\svchost.exe\u003c/Data\u003e\u003cData Name=\"SourceAddress\"\u003e::\u003c/Data\u003e\u003cData Name=\"SourcePort\"\u003e60524\u003c/Data\u003e\u003cData Name=\"Computer\"\u003e17\u003c/Data\u003e\u003cData Name=\"FilterRTID\"\u003e0\u003c/Data\u003e\u003cData Name=\"LayerName\"\u003e%%14608\u003c/Data\u003e\u003cData Name=\"LayerRTID\"\u003e38\u003c/Data\u003e\u003c/EventData\u003e","Task":"12810","ProcessId":"1160","Application":"\\device\\harddiskvolume2\\windows\\system32\\svchost.exe","SourceAddress":"::","SourcePort":"60524","Computer":"17","FilterRTID":"0","LayerName":"%%14608","LayerRTID":"38"},{"Provider":"Microsoft-Windows-Security-Auditing","Provider":"Microsoft-Windows-Security-Auditing","ProviderGuid":"{54849625-5478-4994-a5ba-3e3b0328c30d}","Level":"0","Keywords":"0x8020000000000000","Channel":"Security","Computer":"DC01.mssentinel.local","TimeCreated":"2022-09-21T08:52:30.095Z","TimeGenerated":"2022-09-22T12:52:30.095Z","EventID":"4523932","EventID":5156,"Message":"The Windows Filtering Platform has permitted a connection.\r\n\r\nApplication Information:\r\n\tProcess ID:\t\t1160\r\n\tApplication Name:\t\\device\\harddiskvolume2\\windows\\system32\\svchost.exe\r\n\r\nNetwork Information:\r\n\tDirection:\t\tOutbound\r\n\tSource Address:\t\t::1\r\n\tSource Port:\t\t60524\r\n\tDestination Address:\t::1\r\n\tDestination Port:\t\t53\r\n\tComputer:\t\t17\r\n\r\nFilter Information:\r\n\tFilter Run-Time ID:\t65893\r\n\tLayer Name:\t\tConnect\r\n\tLayer Run-Time ID:\t50","EventData":"\u003cEventData xmlns=\"http://schemas.microsoft.com/win/2004/08/events/event\"\u003e\u003cData Name=\"ProcessID\"\u003e1160\u003c/Data\u003e\u003cData Name=\"Application\"\u003e\\device\\harddiskvolume2\\windows\\system32\\svchost.exe\u003c/Data\u003e\u003cData Name=\"Direction\"\u003e%%14593\u003c/Data\u003e\u003cData Name=\"SourceAddress\"\u003e::1\u003c/Data\u003e\u003cData Name=\"SourcePort\"\u003e60524\u003c/Data\u003e\u003cData Name=\"DestAddress\"\u003e::1\u003c/Data\u003e\u003cData Name=\"DestPort\"\u003e53\u003c/Data\u003e\u003cData Name=\"Computer\"\u003e17\u003c/Data\u003e\u003cData Name=\"FilterRTID\"\u003e65893\u003c/Data\u003e\u003cData Name=\"LayerName\"\u003e%%14611\u003c/Data\u003e\u003cData Name=\"LayerRTID\"\u003e50\u003c/Data\u003e\u003cData Name=\"RemoteUserID\"\u003eS-1-0-0\u003c/Data\u003e\u003cData Name=\"RemoteMachineID\"\u003eS-1-0-0\u003c/Data\u003e\u003c/EventData\u003e","Task":"12810","ProcessID":"1160","Application":"\\device\\harddiskvolume2\\windows\\system32\\svchost.exe","Direction":"%%14593","SourceAddress":"::1","SourcePort":"60524","DestAddress":"::1","DestPort":"53","Computer":"17","FilterRTID":"65893","LayerName":"%%14611","LayerRTID":"50","RemoteUserID":"S-1-0-0","RemoteMachineID":"S-1-0-0"},{"Provider":"Microsoft-Windows-Security-Auditing","Provider":"Microsoft-Windows-Security-Auditing","ProviderGuid":"{54849625-5478-4994-a5ba-3e3b0328c30d}","Level":"0","Keywords":"0x8020000000000000","Channel":"Security","Computer":"DC01.mssentinel.local","TimeCreated":"2022-09-21T08:52:30.096Z","TimeGenerated":"2022-09-22T12:52:30.096Z","EventID":"4523933","EventID":5156,"Message":"The Windows Filtering Platform has permitted a connection.\r\n\r\nApplication Information:\r\n\tProcess ID:\t\t3288\r\n\tApplication Name:\t\\device\\harddiskvolume2\\windows\\system32\\dns.exe\r\n\r\nNetwork Information:\r\n\tDirection:\t\tOutbound\r\n\tSource Address:\t\t192.168.2.4\r\n\tSource Port:\t\t57095\r\n\tDestination Address:\t13.107.160.4\r\n\tDestination Port:\t\t53\r\n\tComputer:\t\t17\r\n\r\nFilter Information:\r\n\tFilter Run-Time ID:\t76772\r\n\tLayer Name:\t\tConnect\r\n\tLayer Run-Time ID:\t48","EventData":"\u003cEventData xmlns=\"http://schemas.microsoft.com/win/2004/08/events/event\"\u003e\u003cData Name=\"ProcessID\"\u003e3288\u003c/Data\u003e\u003cData Name=\"Application\"\u003e\\device\\harddiskvolume2\\windows\\system32\\dns.exe\u003c/Data\u003e\u003cData Name=\"Direction\"\u003e%%14593\u003c/Data\u003e\u003cData Name=\"SourceAddress\"\u003e192.168.2.4\u003c/Data\u003e\u003cData Name=\"SourcePort\"\u003e57095\u003c/Data\u003e\u003cData Name=\"DestAddress\"\u003e13.107.160.4\u003c/Data\u003e\u003cData Name=\"DestPort\"\u003e53\u003c/Data\u003e\u003cData Name=\"Computer\"\u003e17\u003c/Data\u003e\u003cData Name=\"FilterRTID\"\u003e76772\u003c/Data\u003e\u003cData Name=\"LayerName\"\u003e%%14611\u003c/Data\u003e\u003cData Name=\"LayerRTID\"\u003e48\u003c/Data\u003e\u003cData Name=\"RemoteUserID\"\u003eS-1-0-0\u003c/Data\u003e\u003cData Name=\"RemoteMachineID\"\u003eS-1-0-0\u003c/Data\u003e\u003c/EventData\u003e","Task":"12810","ProcessID":"3288","Application":"\\device\\harddiskvolume2\\windows\\system32\\dns.exe","Direction":"%%14593","SourceAddress":"192.168.2.4","SourcePort":"57095","DestAddress":"13.107.160.4","DestPort":"53","Computer":"17","FilterRTID":"76772","LayerName":"%%14611","LayerRTID":"48","RemoteUserID":"S-1-0-0","RemoteMachineID":"S-1-0-0"},{"Provider":"Microsoft-Windows-Security-Auditing","Provider":"Microsoft-Windows-Security-Auditing","ProviderGuid":"{54849625-5478-4994-a5ba-3e3b0328c30d}","Level":"0","Keywords":"0x8020000000000000","Channel":"Security","Computer":"DC01.mssentinel.local","TimeCreated":"2022-09-21T08:52:30.118Z","TimeGenerated":"2022-09-22T12:52:30.118Z","EventID":"4523934","EventID":5156,"Message":"The Windows Filtering Platform has permitted a connection.\r\n\r\nApplication Information:\r\n\tProcess ID:\t\t3288\r\n\tApplication Name:\t\\device\\harddiskvolume2\\windows\\system32\\dns.exe\r\n\r\nNetwork Information:\r\n\tDirection:\t\tOutbound\r\n\tSource Address:\t\t192.168.2.4\r\n\tSource Port:\t\t55573\r\n\tDestination Address:\t13.107.222.240\r\n\tDestination Port:\t\t53\r\n\tComputer:\t\t17\r\n\r\nFilter Information:\r\n\tFilter Run-Time ID:\t76772\r\n\tLayer Name:\t\tConnect\r\n\tLayer Run-Time ID:\t48","EventData":"\u003cEventData xmlns=\"http://schemas.microsoft.com/win/2004/08/events/event\"\u003e\u003cData Name=\"ProcessID\"\u003e3288\u003c/Data\u003e\u003cData Name=\"Application\"\u003e\\device\\harddiskvolume2\\windows\\system32\\dns.exe\u003c/Data\u003e\u003cData Name=\"Direction\"\u003e%%14593\u003c/Data\u003e\u003cData Name=\"SourceAddress\"\u003e192.168.2.4\u003c/Data\u003e\u003cData Name=\"SourcePort\"\u003e55573\u003c/Data\u003e\u003cData Name=\"DestAddress\"\u003e13.107.222.240\u003c/Data\u003e\u003cData Name=\"DestPort\"\u003e53\u003c/Data\u003e\u003cData Name=\"Computer\"\u003e17\u003c/Data\u003e\u003cData Name=\"FilterRTID\"\u003e76772\u003c/Data\u003e\u003cData Name=\"LayerName\"\u003e%%14611\u003c/Data\u003e\u003cData Name=\"LayerRTID\"\u003e48\u003c/Data\u003e\u003cData Name=\"RemoteUserID\"\u003eS-1-0-0\u003c/Data\u003e\u003cData Name=\"RemoteMachineID\"\u003eS-1-0-0\u003c/Data\u003e\u003c/EventData\u003e","Task":"12810","ProcessID":"3288","Application":"\\device\\harddiskvolume2\\windows\\system32\\dns.exe","Direction":"%%14593","SourceAddress":"192.168.2.4","SourcePort":"55573","DestAddress":"13.107.222.240","DestPort":"53","Computer":"17","FilterRTID":"76772","LayerName":"%%14611","LayerRTID":"48","RemoteUserID":"S-1-0-0","RemoteMachineID":"S-1-0-0"},{"Provider":"Microsoft-Windows-Security-Auditing","Provider":"Microsoft-Windows-Security-Auditing","ProviderGuid":"{54849625-5478-4994-a5ba-3e3b0328c30d}","Level":"0","Keywords":"0x8020000000000000","Channel":"Security","Computer":"DC01.mssentinel.local","TimeCreated":"2022-09-21T08:52:30.120Z","TimeGenerated":"2022-09-22T12:52:30.120Z","EventID":"4523935","EventID":5156,"Message":"The Windows Filtering Platform has permitted a connection.\r\n\r\nApplication Information:\r\n\tProcess ID:\t\t3288\r\n\tApplication Name:\t\\device\\harddiskvolume2\\windows\\system32\\dns.exe\r\n\r\nNetwork Information:\r\n\tDirection:\t\tOutbound\r\n\tSource Address:\t\t192.168.2.4\r\n\tSource Port:\t\t56125\r\n\tDestination Address:\t64.4.48.201\r\n\tDestination Port:\t\t53\r\n\tComputer:\t\t17\r\n\r\nFilter Information:\r\n\tFilter Run-Time ID:\t76772\r\n\tLayer Name:\t\tConnect\r\n\tLayer Run-Time ID:\t48","EventData":"\u003cEventData xmlns=\"http://schemas.microsoft.com/win/2004/08/events/event\"\u003e\u003cData Name=\"ProcessID\"\u003e3288\u003c/Data\u003e\u003cData Name=\"Application\"\u003e\\device\\harddiskvolume2\\windows\\system32\\dns.exe\u003c/Data\u003e\u003cData Name=\"Direction\"\u003e%%14593\u003c/Data\u003e\u003cData Name=\"SourceAddress\"\u003e192.168.2.4\u003c/Data\u003e\u003cData Name=\"SourcePort\"\u003e56125\u003c/Data\u003e\u003cData Name=\"DestAddress\"\u003e64.4.48.201\u003c/Data\u003e\u003cData Name=\"DestPort\"\u003e53\u003c/Data\u003e\u003cData Name=\"Computer\"\u003e17\u003c/Data\u003e\u003cData Name=\"FilterRTID\"\u003e76772\u003c/Data\u003e\u003cData Name=\"LayerName\"\u003e%%14611\u003c/Data\u003e\u003cData Name=\"LayerRTID\"\u003e48\u003c/Data\u003e\u003cData Name=\"RemoteUserID\"\u003eS-1-0-0\u003c/Data\u003e\u003cData Name=\"RemoteMachineID\"\u003eS-1-0-0\u003c/Data\u003e\u003c/EventData\u003e","Task":"12810","ProcessID":"3288","Application":"\\device\\harddiskvolume2\\windows\\system32\\dns.exe","Direction":"%%14593","SourceAddress":"192.168.2.4","SourcePort":"56125","DestAddress":"64.4.48.201","DestPort":"53","Computer":"17","FilterRTID":"76772","LayerName":"%%14611","LayerRTID":"48","RemoteUserID":"S-1-0-0","RemoteMachineID":"S-1-0-0"},{"Provider":"Microsoft-Windows-Security-Auditing","Provider":"Microsoft-Windows-Security-Auditing","ProviderGuid":"{54849625-5478-4994-a5ba-3e3b0328c30d}","Level":"0","Keywords":"0x8020000000000000","Channel":"Security","Computer":"DC01.mssentinel.local","TimeCreated":"2022-09-21T08:52:30.121Z","TimeGenerated":"2022-09-22T12:52:30.121Z","EventID":"4523936","EventID":5158,"Message":"The Windows Filtering Platform has permitted a bind to a local port.\r\n\r\nApplication Information:\r\n\tProcess ID:\t\t14124\r\n\tApplication Name:\t\\device\\harddiskvolume2\\packages\\plugins\\microsoft.azure.monitor.azuremonitorwindowsagent\\1.8.0.0\\monitoring\\agent\\monagentcore.exe\r\n\r\nNetwork Information:\r\n\tSource Address:\t\t0.0.0.0\r\n\tSource Port:\t\t49763\r\n\tComputer:\t\t6\r\n\r\nFilter Information:\r\n\tFilter Run-Time ID:\t0\r\n\tLayer Name:\t\tResource Assignment\r\n\tLayer Run-Time ID:\t36","EventData":"\u003cEventData xmlns=\"http://schemas.microsoft.com/win/2004/08/events/event\"\u003e\u003cData Name=\"ProcessId\"\u003e14124\u003c/Data\u003e\u003cData Name=\"Application\"\u003e\\device\\harddiskvolume2\\packages\\plugins\\microsoft.azure.monitor.azuremonitorwindowsagent\\1.8.0.0\\monitoring\\agent\\monagentcore.exe\u003c/Data\u003e\u003cData Name=\"SourceAddress\"\u003e0.0.0.0\u003c/Data\u003e\u003cData Name=\"SourcePort\"\u003e49763\u003c/Data\u003e\u003cData Name=\"Computer\"\u003e6\u003c/Data\u003e\u003cData Name=\"FilterRTID\"\u003e0\u003c/Data\u003e\u003cData Name=\"LayerName\"\u003e%%14608\u003c/Data\u003e\u003cData Name=\"LayerRTID\"\u003e36\u003c/Data\u003e\u003c/EventData\u003e","Task":"12810","ProcessId":"14124","Application":"\\device\\harddiskvolume2\\packages\\plugins\\microsoft.azure.monitor.azuremonitorwindowsagent\\1.8.0.0\\monitoring\\agent\\monagentcore.exe","SourceAddress":"0.0.0.0","SourcePort":"49763","Computer":"6","FilterRTID":"0","LayerName":"%%14608","LayerRTID":"36"},{"Provider":"Microsoft-Windows-Security-Auditing","Provider":"Microsoft-Windows-Security-Auditing","ProviderGuid":"{54849625-5478-4994-a5ba-3e3b0328c30d}","Level":"0","Keywords":"0x8020000000000000","Channel":"Security","Computer":"DC01.mssentinel.local","TimeCreated":"2022-09-21T08:52:30.121Z","TimeGenerated":"2022-09-22T12:52:30.121Z","EventID":"4523937","EventID":5156,"Message":"The Windows Filtering Platform has permitted a connection.\r\n\r\nApplication Information:\r\n\tProcess ID:\t\t14124\r\n\tApplication Name:\t\\device\\harddiskvolume2\\packages\\plugins\\microsoft.azure.monitor.azuremonitorwindowsagent\\1.8.0.0\\monitoring\\agent\\monagentcore.exe\r\n\r\nNetwork Information:\r\n\tDirection:\t\tOutbound\r\n\tSource Address:\t\t192.168.2.4\r\n\tSource Port:\t\t49763\r\n\tDestination Address:\t40.78.243.18\r\n\tDestination Port:\t\t443\r\n\tComputer:\t\t6\r\n\r\nFilter Information:\r\n\tFilter Run-Time ID:\t76772\r\n\tLayer Name:\t\tConnect\r\n\tLayer Run-Time ID:\t48","EventData":"\u003cEventData xmlns=\"http://schemas.microsoft.com/win/2004/08/events/event\"\u003e\u003cData Name=\"ProcessID\"\u003e14124\u003c/Data\u003e\u003cData Name=\"Application\"\u003e\\device\\harddiskvolume2\\packages\\plugins\\microsoft.azure.monitor.azuremonitorwindowsagent\\1.8.0.0\\monitoring\\agent\\monagentcore.exe\u003c/Data\u003e\u003cData Name=\"Direction\"\u003e%%14593\u003c/Data\u003e\u003cData Name=\"SourceAddress\"\u003e192.168.2.4\u003c/Data\u003e\u003cData Name=\"SourcePort\"\u003e49763\u003c/Data\u003e\u003cData Name=\"DestAddress\"\u003e40.78.243.18\u003c/Data\u003e\u003cData Name=\"DestPort\"\u003e443\u003c/Data\u003e\u003cData Name=\"Computer\"\u003e6\u003c/Data\u003e\u003cData Name=\"FilterRTID\"\u003e76772\u003c/Data\u003e\u003cData Name=\"LayerName\"\u003e%%14611\u003c/Data\u003e\u003cData Name=\"LayerRTID\"\u003e48\u003c/Data\u003e\u003cData Name=\"RemoteUserID\"\u003eS-1-0-0\u003c/Data\u003e\u003cData Name=\"RemoteMachineID\"\u003eS-1-0-0\u003c/Data\u003e\u003c/EventData\u003e","Task":"12810","ProcessID":"14124","Application":"\\device\\harddiskvolume2\\packages\\plugins\\microsoft.azure.monitor.azuremonitorwindowsagent\\1.8.0.0\\monitoring\\agent\\monagentcore.exe","Direction":"%%14593","SourceAddress":"192.168.2.4","SourcePort":"49763","DestAddress":"40.78.243.18","DestPort":"443","Computer":"6","FilterRTID":"76772","LayerName":"%%14611","LayerRTID":"48","RemoteUserID":"S-1-0-0","RemoteMachineID":"S-1-0-0"},{"Provider":"Microsoft-Windows-Security-Auditing","Provider":"Microsoft-Windows-Security-Auditing","ProviderGuid":"{54849625-5478-4994-a5ba-3e3b0328c30d}","Level":"0","Keywords":"0x8020000000000000","Channel":"Security","Computer":"DC01.mssentinel.local","TimeCreated":"2022-09-21T08:52:31.085Z","TimeGenerated":"2022-09-22T12:52:31.085Z","EventID":"4523938","EventID":5158,"Message":"The Windows Filtering Platform has permitted a bind to a local port.\r\n\r\nApplication Information:\r\n\tProcess ID:\t\t1160\r\n\tApplication Name:\t\\device\\harddiskvolume2\\windows\\system32\\svchost.exe\r\n\r\nNetwork Information:\r\n\tSource Address:\t\t::\r\n\tSource Port:\t\t52524\r\n\tComputer:\t\t17\r\n\r\nFilter Information:\r\n\tFilter Run-Time ID:\t0\r\n\tLayer Name:\t\tResource Assignment\r\n\tLayer Run-Time ID:\t36","EventData":"\u003cEventData xmlns=\"http://schemas.microsoft.com/win/2004/08/events/event\"\u003e\u003cData Name=\"ProcessId\"\u003e1160\u003c/Data\u003e\u003cData Name=\"Application\"\u003e\\device\\harddiskvolume2\\windows\\system32\\svchost.exe\u003c/Data\u003e\u003cData Name=\"SourceAddress\"\u003e::\u003c/Data\u003e\u003cData Name=\"SourcePort\"\u003e52524\u003c/Data\u003e\u003cData Name=\"Computer\"\u003e17\u003c/Data\u003e\u003cData Name=\"FilterRTID\"\u003e0\u003c/Data\u003e\u003cData Name=\"LayerName\"\u003e%%14608\u003c/Data\u003e\u003cData Name=\"LayerRTID\"\u003e36\u003c/Data\u003e\u003c/EventData\u003e","Task":"12810","ProcessId":"1160","Application":"\\device\\harddiskvolume2\\windows\\system32\\svchost.exe","SourceAddress":"::","SourcePort":"52524","Computer":"17","FilterRTID":"0","LayerName":"%%14608","LayerRTID":"36"},{"Provider":"Microsoft-Windows-Security-Auditing","Provider":"Microsoft-Windows-Security-Auditing","ProviderGuid":"{54849625-5478-4994-a5ba-3e3b0328c30d}","Level":"0","Keywords":"0x8020000000000000","Channel":"Security","Computer":"DC01.mssentinel.local","TimeCreated":"2022-09-21T08:52:31.085Z","TimeGenerated":"2022-09-22T12:52:31.085Z","EventID":"4523939","EventID":5158,"Message":"The Windows Filtering Platform has permitted a bind to a local port.\r\n\r\nApplication Information:\r\n\tProcess ID:\t\t1160\r\n\tApplication Name:\t\\device\\harddiskvolume2\\windows\\system32\\svchost.exe\r\n\r\nNetwork Information:\r\n\tSource Address:\t\t::\r\n\tSource Port:\t\t52524\r\n\tComputer:\t\t17\r\n\r\nFilter Information:\r\n\tFilter Run-Time ID:\t0\r\n\tLayer Name:\t\tResource Assignment\r\n\tLayer Run-Time ID:\t38","EventData":"\u003cEventData xmlns=\"http://schemas.microsoft.com/win/2004/08/events/event\"\u003e\u003cData Name=\"ProcessId\"\u003e1160\u003c/Data\u003e\u003cData Name=\"Application\"\u003e\\device\\harddiskvolume2\\windows\\system32\\svchost.exe\u003c/Data\u003e\u003cData Name=\"SourceAddress\"\u003e::\u003c/Data\u003e\u003cData Name=\"SourcePort\"\u003e52524\u003c/Data\u003e\u003cData Name=\"Computer\"\u003e17\u003c/Data\u003e\u003cData Name=\"FilterRTID\"\u003e0\u003c/Data\u003e\u003cData Name=\"LayerName\"\u003e%%14608\u003c/Data\u003e\u003cData Name=\"LayerRTID\"\u003e38\u003c/Data\u003e\u003c/EventData\u003e","Task":"12810","ProcessId":"1160","Application":"\\device\\harddiskvolume2\\windows\\system32\\svchost.exe","SourceAddress":"::","SourcePort":"52524","Computer":"17","FilterRTID":"0","LayerName":"%%14608","LayerRTID":"38"},{"Provider":"Microsoft-Windows-Security-Auditing","Provider":"Microsoft-Windows-Security-Auditing","ProviderGuid":"{54849625-5478-4994-a5ba-3e3b0328c30d}","Level":"0","Keywords":"0x8020000000000000","Channel":"Security","Computer":"DC01.mssentinel.local","TimeCreated":"2022-09-21T08:52:31.086Z","TimeGenerated":"2022-09-22T12:52:31.086Z","EventID":"4523940","EventID":5156,"Message":"The Windows Filtering Platform has permitted a connection.\r\n\r\nApplication Information:\r\n\tProcess ID:\t\t1160\r\n\tApplication Name:\t\\device\\harddiskvolume2\\windows\\system32\\svchost.exe\r\n\r\nNetwork Information:\r\n\tDirection:\t\tOutbound\r\n\tSource Address:\t\t::1\r\n\tSource Port:\t\t52524\r\n\tDestination Address:\t::1\r\n\tDestination Port:\t\t53\r\n\tComputer:\t\t17\r\n\r\nFilter Information:\r\n\tFilter Run-Time ID:\t65893\r\n\tLayer Name:\t\tConnect\r\n\tLayer Run-Time ID:\t50","EventData":"\u003cEventData xmlns=\"http://schemas.microsoft.com/win/2004/08/events/event\"\u003e\u003cData Name=\"ProcessID\"\u003e1160\u003c/Data\u003e\u003cData Name=\"Application\"\u003e\\device\\harddiskvolume2\\windows\\system32\\svchost.exe\u003c/Data\u003e\u003cData Name=\"Direction\"\u003e%%14593\u003c/Data\u003e\u003cData Name=\"SourceAddress\"\u003e::1\u003c/Data\u003e\u003cData Name=\"SourcePort\"\u003e52524\u003c/Data\u003e\u003cData Name=\"DestAddress\"\u003e::1\u003c/Data\u003e\u003cData Name=\"DestPort\"\u003e53\u003c/Data\u003e\u003cData Name=\"Computer\"\u003e17\u003c/Data\u003e\u003cData Name=\"FilterRTID\"\u003e65893\u003c/Data\u003e\u003cData Name=\"LayerName\"\u003e%%14611\u003c/Data\u003e\u003cData Name=\"LayerRTID\"\u003e50\u003c/Data\u003e\u003cData Name=\"RemoteUserID\"\u003eS-1-0-0\u003c/Data\u003e\u003cData Name=\"RemoteMachineID\"\u003eS-1-0-0\u003c/Data\u003e\u003c/EventData\u003e","Task":"12810","ProcessID":"1160","Application":"\\device\\harddiskvolume2\\windows\\system32\\svchost.exe","Direction":"%%14593","SourceAddress":"::1","SourcePort":"52524","DestAddress":"::1","DestPort":"53","Computer":"17","FilterRTID":"65893","LayerName":"%%14611","LayerRTID":"50","RemoteUserID":"S-1-0-0","RemoteMachineID":"S-1-0-0"},{"Provider":"Microsoft-Windows-Security-Auditing","Provider":"Microsoft-Windows-Security-Auditing","ProviderGuid":"{54849625-5478-4994-a5ba-3e3b0328c30d}","Level":"0","Keywords":"0x8020000000000000","Channel":"Security","Computer":"DC01.mssentinel.local","TimeCreated":"2022-09-21T08:52:31.086Z","TimeGenerated":"2022-09-22T12:52:31.086Z","EventID":"4523941","EventID":5156,"Message":"The Windows Filtering Platform has permitted a connection.\r\n\r\nApplication Information:\r\n\tProcess ID:\t\t3288\r\n\tApplication Name:\t\\device\\harddiskvolume2\\windows\\system32\\dns.exe\r\n\r\nNetwork Information:\r\n\tDirection:\t\tInbound\r\n\tSource Address:\t\t::1\r\n\tSource Port:\t\t52524\r\n\tDestination Address:\t::1\r\n\tDestination Port:\t\t53\r\n\tComputer:\t\t17\r\n\r\nFilter Information:\r\n\tFilter Run-Time ID:\t65891\r\n\tLayer Name:\t\tReceive/Accept\r\n\tLayer Run-Time ID:\t46","EventData":"\u003cEventData xmlns=\"http://schemas.microsoft.com/win/2004/08/events/event\"\u003e\u003cData Name=\"ProcessID\"\u003e3288\u003c/Data\u003e\u003cData Name=\"Application\"\u003e\\device\\harddiskvolume2\\windows\\system32\\dns.exe\u003c/Data\u003e\u003cData Name=\"Direction\"\u003e%%14592\u003c/Data\u003e\u003cData Name=\"SourceAddress\"\u003e::1\u003c/Data\u003e\u003cData Name=\"SourcePort\"\u003e52524\u003c/Data\u003e\u003cData Name=\"DestAddress\"\u003e::1\u003c/Data\u003e\u003cData Name=\"DestPort\"\u003e53\u003c/Data\u003e\u003cData Name=\"Computer\"\u003e17\u003c/Data\u003e\u003cData Name=\"FilterRTID\"\u003e65891\u003c/Data\u003e\u003cData Name=\"LayerName\"\u003e%%14610\u003c/Data\u003e\u003cData Name=\"LayerRTID\"\u003e46\u003c/Data\u003e\u003cData Name=\"RemoteUserID\"\u003eS-1-0-0\u003c/Data\u003e\u003cData Name=\"RemoteMachineID\"\u003eS-1-0-0\u003c/Data\u003e\u003c/EventData\u003e","Task":"12810","ProcessID":"3288","Application":"\\device\\harddiskvolume2\\windows\\system32\\dns.exe","Direction":"%%14592","SourceAddress":"::1","SourcePort":"52524","DestAddress":"::1","DestPort":"53","Computer":"17","FilterRTID":"65891","LayerName":"%%14610","LayerRTID":"46","RemoteUserID":"S-1-0-0","RemoteMachineID":"S-1-0-0"},{"Provider":"Microsoft-Windows-Security-Auditing","Provider":"Microsoft-Windows-Security-Auditing","ProviderGuid":"{54849625-5478-4994-a5ba-3e3b0328c30d}","Level":"0","Keywords":"0x8020000000000000","Channel":"Security","Computer":"DC01.mssentinel.local","TimeCreated":"2022-09-21T08:52:31.086Z","TimeGenerated":"2022-09-22T12:52:31.086Z","EventID":"4523942","EventID":5158,"Message":"The Windows Filtering Platform has permitted a bind to a local port.\r\n\r\nApplication Information:\r\n\tProcess ID:\t\t14124\r\n\tApplication Name:\t\\device\\harddiskvolume2\\packages\\plugins\\microsoft.azure.monitor.azuremonitorwindowsagent\\1.8.0.0\\monitoring\\agent\\monagentcore.exe\r\n\r\nNetwork Information:\r\n\tSource Address:\t\t0.0.0.0\r\n\tSource Port:\t\t49764\r\n\tComputer:\t\t6\r\n\r\nFilter Information:\r\n\tFilter Run-Time ID:\t0\r\n\tLayer Name:\t\tResource Assignment\r\n\tLayer Run-Time ID:\t36","EventData":"\u003cEventData xmlns=\"http://schemas.microsoft.com/win/2004/08/events/event\"\u003e\u003cData Name=\"ProcessId\"\u003e14124\u003c/Data\u003e\u003cData Name=\"Application\"\u003e\\device\\harddiskvolume2\\packages\\plugins\\microsoft.azure.monitor.azuremonitorwindowsagent\\1.8.0.0\\monitoring\\agent\\monagentcore.exe\u003c/Data\u003e\u003cData Name=\"SourceAddress\"\u003e0.0.0.0\u003c/Data\u003e\u003cData Name=\"SourcePort\"\u003e49764\u003c/Data\u003e\u003cData Name=\"Computer\"\u003e6\u003c/Data\u003e\u003cData Name=\"FilterRTID\"\u003e0\u003c/Data\u003e\u003cData Name=\"LayerName\"\u003e%%14608\u003c/Data\u003e\u003cData Name=\"LayerRTID\"\u003e36\u003c/Data\u003e\u003c/EventData\u003e","Task":"12810","ProcessId":"14124","Application":"\\device\\harddiskvolume2\\packages\\plugins\\microsoft.azure.monitor.azuremonitorwindowsagent\\1.8.0.0\\monitoring\\agent\\monagentcore.exe","SourceAddress":"0.0.0.0","SourcePort":"49764","Computer":"6","FilterRTID":"0","LayerName":"%%14608","LayerRTID":"36"},{"Provider":"Microsoft-Windows-Security-Auditing","Provider":"Microsoft-Windows-Security-Auditing","ProviderGuid":"{54849625-5478-4994-a5ba-3e3b0328c30d}","Level":"0","Keywords":"0x8020000000000000","Channel":"Security","Computer":"DC01.mssentinel.local","TimeCreated":"2022-09-21T08:52:31.087Z","TimeGenerated":"2022-09-22T12:52:31.087Z","EventID":"4523943","EventID":5156,"Message":"The Windows Filtering Platform has permitted a connection.\r\n\r\nApplication Information:\r\n\tProcess ID:\t\t14124\r\n\tApplication Name:\t\\device\\harddiskvolume2\\packages\\plugins\\microsoft.azure.monitor.azuremonitorwindowsagent\\1.8.0.0\\monitoring\\agent\\monagentcore.exe\r\n\r\nNetwork Information:\r\n\tDirection:\t\tOutbound\r\n\tSource Address:\t\t192.168.2.4\r\n\tSource Port:\t\t49764\r\n\tDestination Address:\t40.78.243.18\r\n\tDestination Port:\t\t443\r\n\tComputer:\t\t6\r\n\r\nFilter Information:\r\n\tFilter Run-Time ID:\t76772\r\n\tLayer Name:\t\tConnect\r\n\tLayer Run-Time ID:\t48","EventData":"\u003cEventData xmlns=\"http://schemas.microsoft.com/win/2004/08/events/event\"\u003e\u003cData Name=\"ProcessID\"\u003e14124\u003c/Data\u003e\u003cData Name=\"Application\"\u003e\\device\\harddiskvolume2\\packages\\plugins\\microsoft.azure.monitor.azuremonitorwindowsagent\\1.8.0.0\\monitoring\\agent\\monagentcore.exe\u003c/Data\u003e\u003cData Name=\"Direction\"\u003e%%14593\u003c/Data\u003e\u003cData Name=\"SourceAddress\"\u003e192.168.2.4\u003c/Data\u003e\u003cData Name=\"SourcePort\"\u003e49764\u003c/Data\u003e\u003cData Name=\"DestAddress\"\u003e40.78.243.18\u003c/Data\u003e\u003cData Name=\"DestPort\"\u003e443\u003c/Data\u003e\u003cData Name=\"Computer\"\u003e6\u003c/Data\u003e\u003cData Name=\"FilterRTID\"\u003e76772\u003c/Data\u003e\u003cData Name=\"LayerName\"\u003e%%14611\u003c/Data\u003e\u003cData Name=\"LayerRTID\"\u003e48\u003c/Data\u003e\u003cData Name=\"RemoteUserID\"\u003eS-1-0-0\u003c/Data\u003e\u003cData Name=\"RemoteMachineID\"\u003eS-1-0-0\u003c/Data\u003e\u003c/EventData\u003e","Task":"12810","ProcessID":"14124","Application":"\\device\\harddiskvolume2\\packages\\plugins\\microsoft.azure.monitor.azuremonitorwindowsagent\\1.8.0.0\\monitoring\\agent\\monagentcore.exe","Direction":"%%14593","SourceAddress":"192.168.2.4","SourcePort":"49764","DestAddress":"40.78.243.18","DestPort":"443","Computer":"6","FilterRTID":"76772","LayerName":"%%14611","LayerRTID":"48","RemoteUserID":"S-1-0-0","RemoteMachineID":"S-1-0-0"},{"Provider":"Microsoft-Windows-Security-Auditing","Provider":"Microsoft-Windows-Security-Auditing","ProviderGuid":"{54849625-5478-4994-a5ba-3e3b0328c30d}","Level":"0","Keywords":"0x8020000000000000","Channel":"Security","Computer":"DC01.mssentinel.local","TimeCreated":"2022-09-21T08:52:32.094Z","TimeGenerated":"2022-09-22T12:52:32.094Z","EventID":"4523944","EventID":5156,"Message":"The Windows Filtering Platform has permitted a connection.\r\n\r\nApplication Information:\r\n\tProcess ID:\t\t3288\r\n\tApplication Name:\t\\device\\harddiskvolume2\\windows\\system32\\dns.exe\r\n\r\nNetwork Information:\r\n\tDirection:\t\tInbound\r\n\tSource Address:\t\t192.168.2.5\r\n\tSource Port:\t\t52626\r\n\tDestination Address:\t192.168.2.4\r\n\tDestination Port:\t\t53\r\n\tComputer:\t\t17\r\n\r\nFilter Information:\r\n\tFilter Run-Time ID:\t68644\r\n\tLayer Name:\t\tReceive/Accept\r\n\tLayer Run-Time ID:\t44","EventData":"\u003cEventData xmlns=\"http://schemas.microsoft.com/win/2004/08/events/event\"\u003e\u003cData Name=\"ProcessID\"\u003e3288\u003c/Data\u003e\u003cData Name=\"Application\"\u003e\\device\\harddiskvolume2\\windows\\system32\\dns.exe\u003c/Data\u003e\u003cData Name=\"Direction\"\u003e%%14592\u003c/Data\u003e\u003cData Name=\"SourceAddress\"\u003e192.168.2.5\u003c/Data\u003e\u003cData Name=\"SourcePort\"\u003e52626\u003c/Data\u003e\u003cData Name=\"DestAddress\"\u003e192.168.2.4\u003c/Data\u003e\u003cData Name=\"DestPort\"\u003e53\u003c/Data\u003e\u003cData Name=\"Computer\"\u003e17\u003c/Data\u003e\u003cData Name=\"FilterRTID\"\u003e68644\u003c/Data\u003e\u003cData Name=\"LayerName\"\u003e%%14610\u003c/Data\u003e\u003cData Name=\"LayerRTID\"\u003e44\u003c/Data\u003e\u003cData Name=\"RemoteUserID\"\u003eS-1-0-0\u003c/Data\u003e\u003cData Name=\"RemoteMachineID\"\u003eS-1-0-0\u003c/Data\u003e\u003c/EventData\u003e","Task":"12810","ProcessID":"3288","Application":"\\device\\harddiskvolume2\\windows\\system32\\dns.exe","Direction":"%%14592","SourceAddress":"192.168.2.5","SourcePort":"52626","DestAddress":"192.168.2.4","DestPort":"53","Computer":"17","FilterRTID":"68644","LayerName":"%%14610","LayerRTID":"44","RemoteUserID":"S-1-0-0","RemoteMachineID":"S-1-0-0"},{"Provider":"Microsoft-Windows-Security-Auditing","Provider":"Microsoft-Windows-Security-Auditing","ProviderGuid":"{54849625-5478-4994-a5ba-3e3b0328c30d}","Level":"0","Keywords":"0x8020000000000000","Channel":"Security","Computer":"DC01.mssentinel.local","TimeCreated":"2022-09-21T08:52:32.735Z","TimeGenerated":"2022-09-22T12:52:32.735Z","EventID":"4523945","EventID":5156,"Message":"The Windows Filtering Platform has permitted a connection.\r\n\r\nApplication Information:\r\n\tProcess ID:\t\t692\r\n\tApplication Name:\t\\device\\harddiskvolume2\\windows\\system32\\lsass.exe\r\n\r\nNetwork Information:\r\n\tDirection:\t\tInbound\r\n\tSource Address:\t\t192.168.2.6\r\n\tSource Port:\t\t49943\r\n\tDestination Address:\t192.168.2.4\r\n\tDestination Port:\t\t389\r\n\tComputer:\t\t6\r\n\r\nFilter Information:\r\n\tFilter Run-Time ID:\t68644\r\n\tLayer Name:\t\tReceive/Accept\r\n\tLayer Run-Time ID:\t44","EventData":"\u003cEventData xmlns=\"http://schemas.microsoft.com/win/2004/08/events/event\"\u003e\u003cData Name=\"ProcessID\"\u003e692\u003c/Data\u003e\u003cData Name=\"Application\"\u003e\\device\\harddiskvolume2\\windows\\system32\\lsass.exe\u003c/Data\u003e\u003cData Name=\"Direction\"\u003e%%14592\u003c/Data\u003e\u003cData Name=\"SourceAddress\"\u003e192.168.2.6\u003c/Data\u003e\u003cData Name=\"SourcePort\"\u003e49943\u003c/Data\u003e\u003cData Name=\"DestAddress\"\u003e192.168.2.4\u003c/Data\u003e\u003cData Name=\"DestPort\"\u003e389\u003c/Data\u003e\u003cData Name=\"Computer\"\u003e6\u003c/Data\u003e\u003cData Name=\"FilterRTID\"\u003e68644\u003c/Data\u003e\u003cData Name=\"LayerName\"\u003e%%14610\u003c/Data\u003e\u003cData Name=\"LayerRTID\"\u003e44\u003c/Data\u003e\u003cData Name=\"RemoteUserID\"\u003eS-1-0-0\u003c/Data\u003e\u003cData Name=\"RemoteMachineID\"\u003eS-1-0-0\u003c/Data\u003e\u003c/EventData\u003e","Task":"12810","ProcessID":"692","Application":"\\device\\harddiskvolume2\\windows\\system32\\lsass.exe","Direction":"%%14592","SourceAddress":"192.168.2.6","SourcePort":"49943","DestAddress":"192.168.2.4","DestPort":"389","Computer":"6","FilterRTID":"68644","LayerName":"%%14610","LayerRTID":"44","RemoteUserID":"S-1-0-0","RemoteMachineID":"S-1-0-0"},{"Provider":"Microsoft-Windows-Security-Auditing","Provider":"Microsoft-Windows-Security-Auditing","ProviderGuid":"{54849625-5478-4994-a5ba-3e3b0328c30d}","Level":"0","Keywords":"0x8020000000000000","Channel":"Security","Computer":"DC01.mssentinel.local","TimeCreated":"2022-09-21T08:52:32.740Z","TimeGenerated":"2022-09-22T12:52:32.740Z","EventID":"4523946","EventID":5156,"Message":"The Windows Filtering Platform has permitted a connection.\r\n\r\nApplication Information:\r\n\tProcess ID:\t\t692\r\n\tApplication Name:\t\\device\\harddiskvolume2\\windows\\system32\\lsass.exe\r\n\r\nNetwork Information:\r\n\tDirection:\t\tInbound\r\n\tSource Address:\t\t192.168.2.6\r\n\tSource Port:\t\t49944\r\n\tDestination Address:\t192.168.2.4\r\n\tDestination Port:\t\t88\r\n\tComputer:\t\t6\r\n\r\nFilter Information:\r\n\tFilter Run-Time ID:\t68644\r\n\tLayer Name:\t\tReceive/Accept\r\n\tLayer Run-Time ID:\t44","EventData":"\u003cEventData xmlns=\"http://schemas.microsoft.com/win/2004/08/events/event\"\u003e\u003cData Name=\"ProcessID\"\u003e692\u003c/Data\u003e\u003cData Name=\"Application\"\u003e\\device\\harddiskvolume2\\windows\\system32\\lsass.exe\u003c/Data\u003e\u003cData Name=\"Direction\"\u003e%%14592\u003c/Data\u003e\u003cData Name=\"SourceAddress\"\u003e192.168.2.6\u003c/Data\u003e\u003cData Name=\"SourcePort\"\u003e49944\u003c/Data\u003e\u003cData Name=\"DestAddress\"\u003e192.168.2.4\u003c/Data\u003e\u003cData Name=\"DestPort\"\u003e88\u003c/Data\u003e\u003cData Name=\"Computer\"\u003e6\u003c/Data\u003e\u003cData Name=\"FilterRTID\"\u003e68644\u003c/Data\u003e\u003cData Name=\"LayerName\"\u003e%%14610\u003c/Data\u003e\u003cData Name=\"LayerRTID\"\u003e44\u003c/Data\u003e\u003cData Name=\"RemoteUserID\"\u003eS-1-0-0\u003c/Data\u003e\u003cData Name=\"RemoteMachineID\"\u003eS-1-0-0\u003c/Data\u003e\u003c/EventData\u003e","Task":"12810","ProcessID":"692","Application":"\\device\\harddiskvolume2\\windows\\system32\\lsass.exe","Direction":"%%14592","SourceAddress":"192.168.2.6","SourcePort":"49944","DestAddress":"192.168.2.4","DestPort":"88","Computer":"6","FilterRTID":"68644","LayerName":"%%14610","LayerRTID":"44","RemoteUserID":"S-1-0-0","RemoteMachineID":"S-1-0-0"},{"Provider":"Microsoft-Windows-Security-Auditing","Provider":"Microsoft-Windows-Security-Auditing","ProviderGuid":"{54849625-5478-4994-a5ba-3e3b0328c30d}","Level":"0","Keywords":"0x8020000000000000","Channel":"Security","Computer":"DC01.mssentinel.local","TimeCreated":"2022-09-21T08:52:32.743Z","TimeGenerated":"2022-09-22T12:52:32.743Z","EventID":"4523947","EventID":5156,"Message":"The Windows Filtering Platform has permitted a connection.\r\n\r\nApplication Information:\r\n\tProcess ID:\t\t692\r\n\tApplication Name:\t\\device\\harddiskvolume2\\windows\\system32\\lsass.exe\r\n\r\nNetwork Information:\r\n\tDirection:\t\tInbound\r\n\tSource Address:\t\t192.168.2.6\r\n\tSource Port:\t\t49945\r\n\tDestination Address:\t192.168.2.4\r\n\tDestination Port:\t\t88\r\n\tComputer:\t\t6\r\n\r\nFilter Information:\r\n\tFilter Run-Time ID:\t68644\r\n\tLayer Name:\t\tReceive/Accept\r\n\tLayer Run-Time ID:\t44","EventData":"\u003cEventData xmlns=\"http://schemas.microsoft.com/win/2004/08/events/event\"\u003e\u003cData Name=\"ProcessID\"\u003e692\u003c/Data\u003e\u003cData Name=\"Application\"\u003e\\device\\harddiskvolume2\\windows\\system32\\lsass.exe\u003c/Data\u003e\u003cData Name=\"Direction\"\u003e%%14592\u003c/Data\u003e\u003cData Name=\"SourceAddress\"\u003e192.168.2.6\u003c/Data\u003e\u003cData Name=\"SourcePort\"\u003e49945\u003c/Data\u003e\u003cData Name=\"DestAddress\"\u003e192.168.2.4\u003c/Data\u003e\u003cData Name=\"DestPort\"\u003e88\u003c/Data\u003e\u003cData Name=\"Computer\"\u003e6\u003c/Data\u003e\u003cData Name=\"FilterRTID\"\u003e68644\u003c/Data\u003e\u003cData Name=\"LayerName\"\u003e%%14610\u003c/Data\u003e\u003cData Name=\"LayerRTID\"\u003e44\u003c/Data\u003e\u003cData Name=\"RemoteUserID\"\u003eS-1-0-0\u003c/Data\u003e\u003cData Name=\"RemoteMachineID\"\u003eS-1-0-0\u003c/Data\u003e\u003c/EventData\u003e","Task":"12810","ProcessID":"692","Application":"\\device\\harddiskvolume2\\windows\\system32\\lsass.exe","Direction":"%%14592","SourceAddress":"192.168.2.6","SourcePort":"49945","DestAddress":"192.168.2.4","DestPort":"88","Computer":"6","FilterRTID":"68644","LayerName":"%%14610","LayerRTID":"44","RemoteUserID":"S-1-0-0","RemoteMachineID":"S-1-0-0"},{"Provider":"Microsoft-Windows-Security-Auditing","Provider":"Microsoft-Windows-Security-Auditing","ProviderGuid":"{54849625-5478-4994-a5ba-3e3b0328c30d}","Level":"0","Keywords":"0x8020000000000000","Channel":"Security","Computer":"DC01.mssentinel.local","TimeCreated":"2022-09-21T08:52:32.744Z","TimeGenerated":"2022-09-22T12:52:32.744Z","EventID":"4523948","EventID":4768,"Message":"A Kerberos authentication ticket (TGT) was requested.\r\n\r\nAccount Information:\r\n\tAccount Name:\t\tpgustavo\r\n\tSupplied Realm Name:\tMSSENTINEL.LOCAL\r\n\tUser ID:\t\t\tS-1-5-21-1569727641-2518674866-3296776394-1104\r\n\r\nService Information:\r\n\tService Name:\t\tkrbtgt\r\n\tService ID:\t\tS-1-5-21-1569727641-2518674866-3296776394-502\r\n\r\nNetwork Information:\r\n\tClient Address:\t\t::ffff:192.168.2.6\r\n\tClient Port:\t\t49945\r\n\r\nAdditional Information:\r\n\tTicket Options:\t\t0x40810010\r\n\tResult Code:\t\t0x0\r\n\tTicket Encryption Type:\t0x12\r\n\tPre-Authentication Type:\t2\r\n\r\nCertificate Information:\r\n\tCertificate Issuer Name:\t\t\r\n\tCertificate Serial Number:\t\r\n\tCertificate Thumbprint:\t\t\r\n\r\nCertificate information is only provided if a certificate was used for pre-authentication.\r\n\r\nPre-authentication types, ticket options, encryption types and result codes are defined in RFC 4120.","EventData":"\u003cEventData xmlns=\"http://schemas.microsoft.com/win/2004/08/events/event\"\u003e\u003cData Name=\"TargetUserName\"\u003epgustavo\u003c/Data\u003e\u003cData Name=\"TargetDomainName\"\u003eMSSENTINEL.LOCAL\u003c/Data\u003e\u003cData Name=\"TargetSid\"\u003eS-1-5-21-1569727641-2518674866-3296776394-1104\u003c/Data\u003e\u003cData Name=\"ServiceName\"\u003ekrbtgt\u003c/Data\u003e\u003cData Name=\"ServiceSid\"\u003eS-1-5-21-1569727641-2518674866-3296776394-502\u003c/Data\u003e\u003cData Name=\"TicketOptions\"\u003e0x40810010\u003c/Data\u003e\u003cData Name=\"Status\"\u003e0x0\u003c/Data\u003e\u003cData Name=\"TicketEncryptionType\"\u003e0x12\u003c/Data\u003e\u003cData Name=\"PreAuthType\"\u003e2\u003c/Data\u003e\u003cData Name=\"IpAddress\"\u003e::ffff:192.168.2.6\u003c/Data\u003e\u003cData Name=\"IpPort\"\u003e49945\u003c/Data\u003e\u003cData Name=\"CertIssuerName\"\u003e\u003c/Data\u003e\u003cData Name=\"CertSerialNumber\"\u003e\u003c/Data\u003e\u003cData Name=\"CertThumbprint\"\u003e\u003c/Data\u003e\u003c/EventData\u003e","Task":"14339","TargetUserName":"pgustavo","TargetDomainName":"MSSENTINEL.LOCAL","TargetSid":"S-1-5-21-1569727641-2518674866-3296776394-1104","ServiceName":"krbtgt","ServiceSid":"S-1-5-21-1569727641-2518674866-3296776394-502","TicketOptions":"0x40810010","Status":"0x0","TicketEncryptionType":"0x12","PreAuthType":"2","IpAddress":"::ffff:192.168.2.6","IpPort":"49945","CertIssuerName":null,"CertSerialNumber":null,"CertThumbprint":null},{"Provider":"Microsoft-Windows-Security-Auditing","Provider":"Microsoft-Windows-Security-Auditing","ProviderGuid":"{54849625-5478-4994-a5ba-3e3b0328c30d}","Level":"0","Keywords":"0x8020000000000000","Channel":"Security","Computer":"DC01.mssentinel.local","TimeCreated":"2022-09-21T08:52:32.746Z","TimeGenerated":"2022-09-22T12:52:32.746Z","EventID":"4523949","EventID":5156,"Message":"The Windows Filtering Platform has permitted a connection.\r\n\r\nApplication Information:\r\n\tProcess ID:\t\t692\r\n\tApplication Name:\t\\device\\harddiskvolume2\\windows\\system32\\lsass.exe\r\n\r\nNetwork Information:\r\n\tDirection:\t\tInbound\r\n\tSource Address:\t\t192.168.2.6\r\n\tSource Port:\t\t49946\r\n\tDestination Address:\t192.168.2.4\r\n\tDestination Port:\t\t88\r\n\tComputer:\t\t6\r\n\r\nFilter Information:\r\n\tFilter Run-Time ID:\t68644\r\n\tLayer Name:\t\tReceive/Accept\r\n\tLayer Run-Time ID:\t44","EventData":"\u003cEventData xmlns=\"http://schemas.microsoft.com/win/2004/08/events/event\"\u003e\u003cData Name=\"ProcessID\"\u003e692\u003c/Data\u003e\u003cData Name=\"Application\"\u003e\\device\\harddiskvolume2\\windows\\system32\\lsass.exe\u003c/Data\u003e\u003cData Name=\"Direction\"\u003e%%14592\u003c/Data\u003e\u003cData Name=\"SourceAddress\"\u003e192.168.2.6\u003c/Data\u003e\u003cData Name=\"SourcePort\"\u003e49946\u003c/Data\u003e\u003cData Name=\"DestAddress\"\u003e192.168.2.4\u003c/Data\u003e\u003cData Name=\"DestPort\"\u003e88\u003c/Data\u003e\u003cData Name=\"Computer\"\u003e6\u003c/Data\u003e\u003cData Name=\"FilterRTID\"\u003e68644\u003c/Data\u003e\u003cData Name=\"LayerName\"\u003e%%14610\u003c/Data\u003e\u003cData Name=\"LayerRTID\"\u003e44\u003c/Data\u003e\u003cData Name=\"RemoteUserID\"\u003eS-1-0-0\u003c/Data\u003e\u003cData Name=\"RemoteMachineID\"\u003eS-1-0-0\u003c/Data\u003e\u003c/EventData\u003e","Task":"12810","ProcessID":"692","Application":"\\device\\harddiskvolume2\\windows\\system32\\lsass.exe","Direction":"%%14592","SourceAddress":"192.168.2.6","SourcePort":"49946","DestAddress":"192.168.2.4","DestPort":"88","Computer":"6","FilterRTID":"68644","LayerName":"%%14610","LayerRTID":"44","RemoteUserID":"S-1-0-0","RemoteMachineID":"S-1-0-0"},